[2023-11-02T22:30:18,591] [DEBUG] o.e.GiftWSClient:19 opened connection
[2023-11-02T22:30:21,080] [ERROR] o.e.Main:108 LiveStream for Host name could not be found. Is the Host online?
io.github.jwdeveloper.tiktok.exceptions.TikTokLiveOfflineHostException: LiveStream for Host name could not be found. Is the Host online?
	at io.github.jwdeveloper.tiktok.TikTokLiveClient.tryConnect(TikTokLiveClient.java:143) ~[Client-1.0.3-Release.jar:?]
	at io.github.jwdeveloper.tiktok.TikTokLiveClient.connect(TikTokLiveClient.java:94) ~[Client-1.0.3-Release.jar:?]
	at org.example.Main.main(Main.java:118) ~[TikTokLiveWs-1.0-SNAPSHOT.jar:?]
[2023-11-02T22:30:21,088] [DEBUG] o.e.Main:99 ba?lanmad?.. Tekrar deneniyor
[2023-11-02T22:30:53,674] [ERROR] o.e.Main:108 LiveStream for Host name could not be found. Is the Host online?
io.github.jwdeveloper.tiktok.exceptions.TikTokLiveOfflineHostException: LiveStream for Host name could not be found. Is the Host online?
	at io.github.jwdeveloper.tiktok.TikTokLiveClient.tryConnect(TikTokLiveClient.java:143) ~[Client-1.0.3-Release.jar:?]
	at io.github.jwdeveloper.tiktok.TikTokLiveClient.connect(TikTokLiveClient.java:94) ~[Client-1.0.3-Release.jar:?]
	at io.github.jwdeveloper.tiktok.TikTokLiveClient.connect(TikTokLiveClient.java:108) ~[Client-1.0.3-Release.jar:?]
	at org.example.Main.main(Main.java:118) ~[TikTokLiveWs-1.0-SNAPSHOT.jar:?]
[2023-11-02T22:30:53,677] [DEBUG] o.e.Main:99 ba?lanmad?.. Tekrar deneniyor
[2023-11-02T22:31:25,137] [ERROR] o.e.Main:108 LiveStream for Host name could not be found. Is the Host online?
io.github.jwdeveloper.tiktok.exceptions.TikTokLiveOfflineHostException: LiveStream for Host name could not be found. Is the Host online?
	at io.github.jwdeveloper.tiktok.TikTokLiveClient.tryConnect(TikTokLiveClient.java:143) ~[Client-1.0.3-Release.jar:?]
	at io.github.jwdeveloper.tiktok.TikTokLiveClient.connect(TikTokLiveClient.java:94) ~[Client-1.0.3-Release.jar:?]
	at io.github.jwdeveloper.tiktok.TikTokLiveClient.connect(TikTokLiveClient.java:108) ~[Client-1.0.3-Release.jar:?]
	at io.github.jwdeveloper.tiktok.TikTokLiveClient.connect(TikTokLiveClient.java:108) ~[Client-1.0.3-Release.jar:?]
	at org.example.Main.main(Main.java:118) ~[TikTokLiveWs-1.0-SNAPSHOT.jar:?]
[2023-11-02T22:31:25,140] [DEBUG] o.e.Main:99 ba?lanmad?.. Tekrar deneniyor
[2023-11-02T22:31:56,468] [ERROR] o.e.Main:108 LiveStream for Host name could not be found. Is the Host online?
io.github.jwdeveloper.tiktok.exceptions.TikTokLiveOfflineHostException: LiveStream for Host name could not be found. Is the Host online?
	at io.github.jwdeveloper.tiktok.TikTokLiveClient.tryConnect(TikTokLiveClient.java:143) ~[Client-1.0.3-Release.jar:?]
	at io.github.jwdeveloper.tiktok.TikTokLiveClient.connect(TikTokLiveClient.java:94) ~[Client-1.0.3-Release.jar:?]
	at io.github.jwdeveloper.tiktok.TikTokLiveClient.connect(TikTokLiveClient.java:108) ~[Client-1.0.3-Release.jar:?]
	at io.github.jwdeveloper.tiktok.TikTokLiveClient.connect(TikTokLiveClient.java:108) ~[Client-1.0.3-Release.jar:?]
	at io.github.jwdeveloper.tiktok.TikTokLiveClient.connect(TikTokLiveClient.java:108) ~[Client-1.0.3-Release.jar:?]
	at org.example.Main.main(Main.java:118) ~[TikTokLiveWs-1.0-SNAPSHOT.jar:?]
[2023-11-02T22:31:56,469] [DEBUG] o.e.Main:99 ba?lanmad?.. Tekrar deneniyor
[2023-11-02T22:32:27,905] [ERROR] o.e.Main:108 LiveStream for Host name could not be found. Is the Host online?
io.github.jwdeveloper.tiktok.exceptions.TikTokLiveOfflineHostException: LiveStream for Host name could not be found. Is the Host online?
	at io.github.jwdeveloper.tiktok.TikTokLiveClient.tryConnect(TikTokLiveClient.java:143) ~[Client-1.0.3-Release.jar:?]
	at io.github.jwdeveloper.tiktok.TikTokLiveClient.connect(TikTokLiveClient.java:94) ~[Client-1.0.3-Release.jar:?]
	at io.github.jwdeveloper.tiktok.TikTokLiveClient.connect(TikTokLiveClient.java:108) ~[Client-1.0.3-Release.jar:?]
	at io.github.jwdeveloper.tiktok.TikTokLiveClient.connect(TikTokLiveClient.java:108) ~[Client-1.0.3-Release.jar:?]
	at io.github.jwdeveloper.tiktok.TikTokLiveClient.connect(TikTokLiveClient.java:108) ~[Client-1.0.3-Release.jar:?]
	at io.github.jwdeveloper.tiktok.TikTokLiveClient.connect(TikTokLiveClient.java:108) ~[Client-1.0.3-Release.jar:?]
	at org.example.Main.main(Main.java:118) ~[TikTokLiveWs-1.0-SNAPSHOT.jar:?]
[2023-11-02T22:32:27,906] [DEBUG] o.e.Main:99 ba?lanmad?.. Tekrar deneniyor
[2023-11-02T22:32:59,279] [ERROR] o.e.Main:108 LiveStream for Host name could not be found. Is the Host online?
io.github.jwdeveloper.tiktok.exceptions.TikTokLiveOfflineHostException: LiveStream for Host name could not be found. Is the Host online?
	at io.github.jwdeveloper.tiktok.TikTokLiveClient.tryConnect(TikTokLiveClient.java:143) ~[Client-1.0.3-Release.jar:?]
	at io.github.jwdeveloper.tiktok.TikTokLiveClient.connect(TikTokLiveClient.java:94) ~[Client-1.0.3-Release.jar:?]
	at io.github.jwdeveloper.tiktok.TikTokLiveClient.connect(TikTokLiveClient.java:108) ~[Client-1.0.3-Release.jar:?]
	at io.github.jwdeveloper.tiktok.TikTokLiveClient.connect(TikTokLiveClient.java:108) ~[Client-1.0.3-Release.jar:?]
	at io.github.jwdeveloper.tiktok.TikTokLiveClient.connect(TikTokLiveClient.java:108) ~[Client-1.0.3-Release.jar:?]
	at io.github.jwdeveloper.tiktok.TikTokLiveClient.connect(TikTokLiveClient.java:108) ~[Client-1.0.3-Release.jar:?]
	at io.github.jwdeveloper.tiktok.TikTokLiveClient.connect(TikTokLiveClient.java:108) ~[Client-1.0.3-Release.jar:?]
	at org.example.Main.main(Main.java:118) ~[TikTokLiveWs-1.0-SNAPSHOT.jar:?]
[2023-11-02T22:32:59,280] [DEBUG] o.e.Main:99 ba?lanmad?.. Tekrar deneniyor
[2023-11-02T22:33:30,674] [ERROR] o.e.Main:108 LiveStream for Host name could not be found. Is the Host online?
io.github.jwdeveloper.tiktok.exceptions.TikTokLiveOfflineHostException: LiveStream for Host name could not be found. Is the Host online?
	at io.github.jwdeveloper.tiktok.TikTokLiveClient.tryConnect(TikTokLiveClient.java:143) ~[Client-1.0.3-Release.jar:?]
	at io.github.jwdeveloper.tiktok.TikTokLiveClient.connect(TikTokLiveClient.java:94) ~[Client-1.0.3-Release.jar:?]
	at io.github.jwdeveloper.tiktok.TikTokLiveClient.connect(TikTokLiveClient.java:108) ~[Client-1.0.3-Release.jar:?]
	at io.github.jwdeveloper.tiktok.TikTokLiveClient.connect(TikTokLiveClient.java:108) ~[Client-1.0.3-Release.jar:?]
	at io.github.jwdeveloper.tiktok.TikTokLiveClient.connect(TikTokLiveClient.java:108) ~[Client-1.0.3-Release.jar:?]
	at io.github.jwdeveloper.tiktok.TikTokLiveClient.connect(TikTokLiveClient.java:108) ~[Client-1.0.3-Release.jar:?]
	at io.github.jwdeveloper.tiktok.TikTokLiveClient.connect(TikTokLiveClient.java:108) ~[Client-1.0.3-Release.jar:?]
	at io.github.jwdeveloper.tiktok.TikTokLiveClient.connect(TikTokLiveClient.java:108) ~[Client-1.0.3-Release.jar:?]
	at org.example.Main.main(Main.java:118) ~[TikTokLiveWs-1.0-SNAPSHOT.jar:?]
[2023-11-02T22:33:30,675] [DEBUG] o.e.Main:99 ba?lanmad?.. Tekrar deneniyor
