[2023-10-30T17:58:50,156] [DEBUG] c.e.t.Launcher:9 Uygulama açılıyor
[2023-10-30T17:58:50,166] [DEBUG] c.e.t.TikTokRace:22 Gift Server Başlatılıyor Port 8787
[2023-10-30T17:58:50,265] [DEBUG] c.e.t.GiftServer:58 Server started!
[2023-10-30T17:58:50,546] [DEBUG] c.e.t.TikTokRace:31 Options Ekranı yükleniyor
[2023-10-30T17:58:50,874] [DEBUG] c.e.t.RaceSettingsController:230 RaceSetting initialize
[2023-10-30T17:58:50,875] [DEBUG] c.e.t.RaceSettingsController:238 EditGiftComboBox
[2023-10-30T17:58:50,875] [DEBUG] c.e.t.Gift:62 Gift Listesi Parse Ediliyor
[2023-10-30T17:58:55,204] [DEBUG] c.e.t.RaceSettingsController:619 fileselectorBackgroundımageAction
[2023-10-30T17:58:56,638] [DEBUG] c.e.t.RaceSettingsController:608 fileselectorBackgroundımageAction
[2023-10-30T17:59:05,078] [DEBUG] c.e.t.RaceSettingsController:613 Seçilen dosya: C:\Users\ilker\Desktop\TikTok\TikTokVideoPlayer\tarafsiz\1.mp3
[2023-10-30T17:59:05,082] [DEBUG] c.e.t.RaceSettingsController:819 teamDialogAction
[2023-10-30T17:59:19,544] [DEBUG] c.e.t.RaceSettingsController:826 Seçilen Klasör: C:\Users\ilker\Desktop\TikTok\TikTokVideoPlayer\takimlar\bjk
[2023-10-30T17:59:35,386] [DEBUG] c.e.t.RaceSettingsController:277 Yarışma Başladı-startRaceAction
[2023-10-30T17:59:35,444] [DEBUG] c.e.t.u.XMLUtils:38 XML belgesi oluşturuldu.
[2023-10-30T17:59:35,444] [DEBUG] c.e.t.RaceSettingsController:329 3 takımlı yarışma başlatılıyor
[2023-10-30T17:59:35,445] [DEBUG] c.e.t.u.RunWSController:21 Tiktok ws socket başlatılıyor : yayın ismi @zanaaslan21, port 8787
[2023-10-30T17:59:35,452] [DEBUG] c.e.t.u.RunWSController:29 Başlatılan İşlem PID: 2760
[2023-10-30T17:59:35,474] [DEBUG] c.e.t.RaceSettingsController:574 Get ComboBox Gifts
[2023-10-30T17:59:35,474] [DEBUG] c.e.t.RaceSettingsController:574 Get ComboBox Gifts
[2023-10-30T17:59:35,474] [DEBUG] c.e.t.RaceSettingsController:574 Get ComboBox Gifts
[2023-10-30T17:59:35,474] [DEBUG] c.e.t.ThreeTeamsController:106 3 takımlı yarış display
[2023-10-30T17:59:35,475] [DEBUG] c.e.t.ThreeTeamsController:217 editFolders
[2023-10-30T17:59:35,476] [DEBUG] c.e.t.Gift:62 Gift Listesi Parse Ediliyor
[2023-10-30T17:59:35,480] [DEBUG] c.e.t.u.MediaPlayerUtils:72 teamGifts
[2023-10-30T17:59:35,482] [DEBUG] c.e.t.u.MediaPlayerUtils:72 teamGifts
[2023-10-30T17:59:35,483] [DEBUG] c.e.t.u.MediaPlayerUtils:72 teamGifts
[2023-10-30T17:59:35,483] [DEBUG] c.e.t.ThreeTeamsController:210 editHBoxes
[2023-10-30T17:59:35,483] [DEBUG] c.e.t.u.MediaPlayerUtils:89 CreateGiftsHBOX
[2023-10-30T17:59:35,489] [DEBUG] c.e.t.Gift:94 Linkten Resim
[2023-10-30T17:59:35,489] [DEBUG] c.e.t.Gift:116 PNG resim yükleniyor : https://storage.streamdps.com/iblock/f59/f5902abbd13178017285a308606fd0dd/cf6a40558018965a8171cf5a575dd9de.png
[2023-10-30T17:59:35,881] [DEBUG] c.e.t.u.MediaPlayerUtils:96 createImageView
[2023-10-30T17:59:35,884] [DEBUG] c.e.t.Gift:94 Linkten Resim
[2023-10-30T17:59:35,884] [DEBUG] c.e.t.Gift:116 PNG resim yükleniyor : https://storage.streamdps.com/iblock/b36/b36bb8c332ade25b2e591cd3ed164a99/a06c10f4dc562c24f4f5b6812b9fa01f.png
[2023-10-30T17:59:35,979] [DEBUG] c.e.t.GiftServer:27 127.0.0.1 entered the room!
[2023-10-30T17:59:35,980] [DEBUG] c.e.t.u.MediaPlayerUtils:96 createImageView
[2023-10-30T17:59:35,980] [DEBUG] c.e.t.Gift:94 Linkten Resim
[2023-10-30T17:59:35,980] [DEBUG] c.e.t.Gift:116 PNG resim yükleniyor : https://storage.streamdps.com/iblock/688/688f0c350f9cd9751cb02659f4ab105e/2b2d66c2f9767fc8332ee1b5ba0c1057.png
[2023-10-30T17:59:36,066] [DEBUG] c.e.t.u.MediaPlayerUtils:96 createImageView
[2023-10-30T17:59:36,066] [DEBUG] c.e.t.Gift:94 Linkten Resim
[2023-10-30T17:59:36,066] [DEBUG] c.e.t.Gift:116 PNG resim yükleniyor : https://storage.streamdps.com/iblock/6a0/6a0b418bc4ae8f04be3194c88389e9e7/bf071c7cc84cf3aac6435adbd222f577.png
[2023-10-30T17:59:36,164] [DEBUG] c.e.t.u.MediaPlayerUtils:96 createImageView
[2023-10-30T17:59:36,164] [DEBUG] c.e.t.u.MediaPlayerUtils:89 CreateGiftsHBOX
[2023-10-30T17:59:36,164] [DEBUG] c.e.t.Gift:94 Linkten Resim
[2023-10-30T17:59:36,164] [DEBUG] c.e.t.Gift:116 PNG resim yükleniyor : https://storage.streamdps.com/iblock/232/232e2afc8e6c022c5c78df18cf196663/f2ba6300ef54121763648a60d465eef5.png
[2023-10-30T17:59:36,251] [DEBUG] c.e.t.u.MediaPlayerUtils:96 createImageView
[2023-10-30T17:59:36,251] [DEBUG] c.e.t.Gift:94 Linkten Resim
[2023-10-30T17:59:36,251] [DEBUG] c.e.t.Gift:116 PNG resim yükleniyor : https://storage.streamdps.com/iblock/4e3/4e341b08230703a6f09ba3234c3fe717/3854ed8e881ebbe5208882602b30cf88.png
[2023-10-30T17:59:36,386] [DEBUG] c.e.t.u.MediaPlayerUtils:96 createImageView
[2023-10-30T17:59:36,386] [DEBUG] c.e.t.Gift:94 Linkten Resim
[2023-10-30T17:59:36,387] [DEBUG] c.e.t.Gift:116 PNG resim yükleniyor : https://storage.streamdps.com/iblock/46d/46d0f497391a934d27d9b993f444d8b2/121af719b172eed61d8a75c1b1341c9d.png
[2023-10-30T17:59:36,471] [DEBUG] c.e.t.u.MediaPlayerUtils:96 createImageView
[2023-10-30T17:59:36,472] [DEBUG] c.e.t.Gift:94 Linkten Resim
[2023-10-30T17:59:36,472] [DEBUG] c.e.t.Gift:116 PNG resim yükleniyor : https://storage.streamdps.com/iblock/0c4/0c446fb276fafbb0f0d5e3abfedf2510/f4bbea9d03b1453bd37d571282334f1b.png
[2023-10-30T17:59:36,581] [DEBUG] c.e.t.u.MediaPlayerUtils:96 createImageView
[2023-10-30T17:59:36,581] [DEBUG] c.e.t.u.MediaPlayerUtils:89 CreateGiftsHBOX
[2023-10-30T17:59:36,581] [DEBUG] c.e.t.Gift:94 Linkten Resim
[2023-10-30T17:59:36,581] [DEBUG] c.e.t.Gift:116 PNG resim yükleniyor : https://storage.streamdps.com/iblock/50f/50f8e7cf26128a6e10d0b792019c1303/94aa2d574cfe6e3893c087cfb5a5efcd.png
[2023-10-30T17:59:36,661] [DEBUG] c.e.t.u.MediaPlayerUtils:96 createImageView
[2023-10-30T17:59:36,662] [DEBUG] c.e.t.Gift:94 Linkten Resim
[2023-10-30T17:59:36,662] [DEBUG] c.e.t.Gift:116 PNG resim yükleniyor : https://storage.streamdps.com/iblock/702/702e6d0287a1e868c69fbe2f6b3635a6/7a7a82b571ba63ccd3ca514c887b3130.png
[2023-10-30T17:59:36,766] [DEBUG] c.e.t.u.MediaPlayerUtils:96 createImageView
[2023-10-30T17:59:36,766] [DEBUG] c.e.t.Gift:94 Linkten Resim
[2023-10-30T17:59:36,767] [DEBUG] c.e.t.Gift:116 PNG resim yükleniyor : https://storage.streamdps.com/iblock/440/4402267722e227b72adc97db92504b75/ae0f562146e701f32ae96761ac67c5cc.png
[2023-10-30T17:59:36,855] [DEBUG] c.e.t.u.MediaPlayerUtils:96 createImageView
[2023-10-30T17:59:36,856] [DEBUG] c.e.t.Gift:94 Linkten Resim
[2023-10-30T17:59:36,856] [DEBUG] c.e.t.Gift:116 PNG resim yükleniyor : https://storage.streamdps.com/iblock/531/5313a4ca89a7c7588a88898c8f1e9053/dab85392562772099474a050c251d340.png
[2023-10-30T17:59:36,937] [DEBUG] c.e.t.u.MediaPlayerUtils:96 createImageView
[2023-10-30T17:59:36,938] [DEBUG] c.e.t.ThreeTeamsController:182 editVideos
[2023-10-30T17:59:36,938] [DEBUG] c.e.t.u.MediaPlayerUtils:50 getVideo
[2023-10-30T17:59:36,998] [DEBUG] c.e.t.u.MediaPlayerUtils:50 getVideo
[2023-10-30T17:59:37,001] [DEBUG] c.e.t.u.MediaPlayerUtils:50 getVideo
[2023-10-30T17:59:37,003] [DEBUG] c.e.t.ThreeTeamsController:139 createMusicPlayers
[2023-10-30T17:59:37,003] [DEBUG] c.e.t.u.MediaPlayerUtils:31 create volume files
[2023-10-30T17:59:37,006] [DEBUG] c.e.t.u.MediaPlayerUtils:31 create volume files
[2023-10-30T17:59:37,007] [DEBUG] c.e.t.u.MediaPlayerUtils:31 create volume files
[2023-10-30T17:59:37,009] [DEBUG] c.e.t.ThreeTeamsController:146 editMusicPlayers
[2023-10-30T17:59:37,009] [DEBUG] c.e.t.ThreeTeamsController:153 editMusicPlayers
[2023-10-30T17:59:37,010] [DEBUG] c.e.t.ThreeTeamsController:153 editMusicPlayers
[2023-10-30T17:59:37,010] [DEBUG] c.e.t.ThreeTeamsController:153 editMusicPlayers
[2023-10-30T17:59:37,010] [DEBUG] c.e.t.ThreeTeamsController:171 startNeutralMusic
[2023-10-30T17:59:37,053] [DEBUG] c.e.t.ThreeTeamsController:132 createTimelineTeams
[2023-10-30T17:59:37,053] [DEBUG] c.e.t.u.MediaPlayerUtils:31 create volume files
[2023-10-30T17:59:37,056] [DEBUG] c.e.t.u.MediaPlayerUtils:31 create volume files
[2023-10-30T17:59:37,058] [DEBUG] c.e.t.u.MediaPlayerUtils:31 create volume files
[2023-10-30T18:00:20,067] [DEBUG] c.e.t.ThreeTeamsController:470 finishRace
[2023-10-30T18:00:20,069] [DEBUG] c.e.t.u.MediaPlayerUtils:50 getVideo
[2023-10-30T18:00:21,939] [DEBUG] c.e.t.RaceSettingsController:352 Yarışma Kapatma isteği geldi
[2023-10-30T18:00:21,939] [DEBUG] c.e.t.ThreeTeamsController:415 Kapatma isteği
[2023-10-30T18:00:21,965] [DEBUG] c.e.t.u.RunWSController:35 TiktokWS Kapatılıyor : 2760
[2023-10-30T18:00:22,030] [DEBUG] c.e.t.GiftServer:33 org.java_websocket.WebSocketImpl@2de414ba has left the room!
[2023-10-30T18:00:22,031] [DEBUG] c.e.t.u.RunWSController:41 İşlem başarıyla sonlandırıldı.
[2023-10-30T18:01:04,419] [DEBUG] c.e.t.TikTokRace:43 Uygulamaya kapatma isteği geldi : WINDOW_CLOSE_REQUEST
[2023-10-30T18:01:10,387] [DEBUG] c.e.t.Launcher:9 Uygulama açılıyor
[2023-10-30T18:01:10,403] [DEBUG] c.e.t.TikTokRace:22 Gift Server Başlatılıyor Port 8787
[2023-10-30T18:01:10,482] [DEBUG] c.e.t.GiftServer:58 Server started!
[2023-10-30T18:01:10,606] [DEBUG] c.e.t.TikTokRace:31 Options Ekranı yükleniyor
[2023-10-30T18:01:10,803] [DEBUG] c.e.t.RaceSettingsController:230 RaceSetting initialize
[2023-10-30T18:01:10,804] [DEBUG] c.e.t.RaceSettingsController:238 EditGiftComboBox
[2023-10-30T18:01:10,804] [DEBUG] c.e.t.Gift:62 Gift Listesi Parse Ediliyor
[2023-10-30T18:01:17,979] [DEBUG] c.e.t.RaceSettingsController:866 fileselectorBackgroundımageAction
[2023-10-30T18:01:19,243] [DEBUG] c.e.t.RaceSettingsController:866 fileselectorBackgroundımageAction
[2023-10-30T18:01:20,713] [DEBUG] c.e.t.RaceSettingsController:619 fileselectorBackgroundımageAction
[2023-10-30T18:01:22,767] [DEBUG] c.e.t.RaceSettingsController:619 fileselectorBackgroundımageAction
[2023-10-30T18:01:23,834] [DEBUG] c.e.t.RaceSettingsController:277 Yarışma Başladı-startRaceAction
[2023-10-30T18:01:23,870] [DEBUG] c.e.t.u.XMLUtils:38 XML belgesi oluşturuldu.
[2023-10-30T18:01:23,870] [DEBUG] c.e.t.RaceSettingsController:329 3 takımlı yarışma başlatılıyor
[2023-10-30T18:01:23,871] [DEBUG] c.e.t.u.RunWSController:21 Tiktok ws socket başlatılıyor : yayın ismi @zanaaslan21, port 8787
[2023-10-30T18:01:23,879] [DEBUG] c.e.t.u.RunWSController:29 Başlatılan İşlem PID: 9404
[2023-10-30T18:01:23,899] [DEBUG] c.e.t.RaceSettingsController:574 Get ComboBox Gifts
[2023-10-30T18:01:23,899] [DEBUG] c.e.t.RaceSettingsController:574 Get ComboBox Gifts
[2023-10-30T18:01:23,899] [DEBUG] c.e.t.RaceSettingsController:574 Get ComboBox Gifts
[2023-10-30T18:01:23,899] [DEBUG] c.e.t.ThreeTeamsController:106 3 takımlı yarış display
[2023-10-30T18:01:23,899] [DEBUG] c.e.t.ThreeTeamsController:217 editFolders
[2023-10-30T18:01:23,900] [DEBUG] c.e.t.Gift:62 Gift Listesi Parse Ediliyor
[2023-10-30T18:01:23,904] [DEBUG] c.e.t.u.MediaPlayerUtils:72 teamGifts
[2023-10-30T18:01:23,908] [DEBUG] c.e.t.u.MediaPlayerUtils:72 teamGifts
[2023-10-30T18:01:23,909] [DEBUG] c.e.t.u.MediaPlayerUtils:72 teamGifts
[2023-10-30T18:01:23,909] [DEBUG] c.e.t.ThreeTeamsController:210 editHBoxes
[2023-10-30T18:01:23,909] [DEBUG] c.e.t.u.MediaPlayerUtils:89 CreateGiftsHBOX
[2023-10-30T18:01:23,910] [DEBUG] c.e.t.Gift:94 Linkten Resim
[2023-10-30T18:01:23,910] [DEBUG] c.e.t.Gift:116 PNG resim yükleniyor : https://storage.streamdps.com/iblock/f59/f5902abbd13178017285a308606fd0dd/cf6a40558018965a8171cf5a575dd9de.png
[2023-10-30T18:01:24,154] [DEBUG] c.e.t.u.MediaPlayerUtils:96 createImageView
[2023-10-30T18:01:24,157] [DEBUG] c.e.t.Gift:94 Linkten Resim
[2023-10-30T18:01:24,157] [DEBUG] c.e.t.Gift:116 PNG resim yükleniyor : https://storage.streamdps.com/iblock/b36/b36bb8c332ade25b2e591cd3ed164a99/a06c10f4dc562c24f4f5b6812b9fa01f.png
[2023-10-30T18:01:24,181] [DEBUG] c.e.t.u.MediaPlayerUtils:96 createImageView
[2023-10-30T18:01:24,181] [DEBUG] c.e.t.Gift:94 Linkten Resim
[2023-10-30T18:01:24,181] [DEBUG] c.e.t.Gift:116 PNG resim yükleniyor : https://storage.streamdps.com/iblock/688/688f0c350f9cd9751cb02659f4ab105e/2b2d66c2f9767fc8332ee1b5ba0c1057.png
[2023-10-30T18:01:24,222] [DEBUG] c.e.t.u.MediaPlayerUtils:96 createImageView
[2023-10-30T18:01:24,222] [DEBUG] c.e.t.Gift:94 Linkten Resim
[2023-10-30T18:01:24,222] [DEBUG] c.e.t.Gift:116 PNG resim yükleniyor : https://storage.streamdps.com/iblock/6a0/6a0b418bc4ae8f04be3194c88389e9e7/bf071c7cc84cf3aac6435adbd222f577.png
[2023-10-30T18:01:24,245] [DEBUG] c.e.t.u.MediaPlayerUtils:96 createImageView
[2023-10-30T18:01:24,246] [DEBUG] c.e.t.u.MediaPlayerUtils:89 CreateGiftsHBOX
[2023-10-30T18:01:24,246] [DEBUG] c.e.t.Gift:94 Linkten Resim
[2023-10-30T18:01:24,246] [DEBUG] c.e.t.Gift:116 PNG resim yükleniyor : https://storage.streamdps.com/iblock/232/232e2afc8e6c022c5c78df18cf196663/f2ba6300ef54121763648a60d465eef5.png
[2023-10-30T18:01:24,268] [DEBUG] c.e.t.u.MediaPlayerUtils:96 createImageView
[2023-10-30T18:01:24,268] [DEBUG] c.e.t.Gift:94 Linkten Resim
[2023-10-30T18:01:24,268] [DEBUG] c.e.t.Gift:116 PNG resim yükleniyor : https://storage.streamdps.com/iblock/4e3/4e341b08230703a6f09ba3234c3fe717/3854ed8e881ebbe5208882602b30cf88.png
[2023-10-30T18:01:24,293] [DEBUG] c.e.t.u.MediaPlayerUtils:96 createImageView
[2023-10-30T18:01:24,293] [DEBUG] c.e.t.Gift:94 Linkten Resim
[2023-10-30T18:01:24,293] [DEBUG] c.e.t.Gift:116 PNG resim yükleniyor : https://storage.streamdps.com/iblock/46d/46d0f497391a934d27d9b993f444d8b2/121af719b172eed61d8a75c1b1341c9d.png
[2023-10-30T18:01:24,321] [DEBUG] c.e.t.u.MediaPlayerUtils:96 createImageView
[2023-10-30T18:01:24,321] [DEBUG] c.e.t.Gift:94 Linkten Resim
[2023-10-30T18:01:24,321] [DEBUG] c.e.t.Gift:116 PNG resim yükleniyor : https://storage.streamdps.com/iblock/0c4/0c446fb276fafbb0f0d5e3abfedf2510/f4bbea9d03b1453bd37d571282334f1b.png
[2023-10-30T18:01:24,349] [DEBUG] c.e.t.u.MediaPlayerUtils:96 createImageView
[2023-10-30T18:01:24,349] [DEBUG] c.e.t.u.MediaPlayerUtils:89 CreateGiftsHBOX
[2023-10-30T18:01:24,349] [DEBUG] c.e.t.Gift:94 Linkten Resim
[2023-10-30T18:01:24,349] [DEBUG] c.e.t.Gift:116 PNG resim yükleniyor : https://storage.streamdps.com/iblock/50f/50f8e7cf26128a6e10d0b792019c1303/94aa2d574cfe6e3893c087cfb5a5efcd.png
[2023-10-30T18:01:24,375] [DEBUG] c.e.t.GiftServer:27 127.0.0.1 entered the room!
[2023-10-30T18:01:24,421] [DEBUG] c.e.t.u.MediaPlayerUtils:96 createImageView
[2023-10-30T18:01:24,422] [DEBUG] c.e.t.Gift:94 Linkten Resim
[2023-10-30T18:01:24,422] [DEBUG] c.e.t.Gift:116 PNG resim yükleniyor : https://storage.streamdps.com/iblock/702/702e6d0287a1e868c69fbe2f6b3635a6/7a7a82b571ba63ccd3ca514c887b3130.png
[2023-10-30T18:01:24,443] [DEBUG] c.e.t.u.MediaPlayerUtils:96 createImageView
[2023-10-30T18:01:24,444] [DEBUG] c.e.t.Gift:94 Linkten Resim
[2023-10-30T18:01:24,444] [DEBUG] c.e.t.Gift:116 PNG resim yükleniyor : https://storage.streamdps.com/iblock/440/4402267722e227b72adc97db92504b75/ae0f562146e701f32ae96761ac67c5cc.png
[2023-10-30T18:01:24,478] [DEBUG] c.e.t.u.MediaPlayerUtils:96 createImageView
[2023-10-30T18:01:24,478] [DEBUG] c.e.t.Gift:94 Linkten Resim
[2023-10-30T18:01:24,479] [DEBUG] c.e.t.Gift:116 PNG resim yükleniyor : https://storage.streamdps.com/iblock/531/5313a4ca89a7c7588a88898c8f1e9053/dab85392562772099474a050c251d340.png
[2023-10-30T18:01:24,502] [DEBUG] c.e.t.u.MediaPlayerUtils:96 createImageView
[2023-10-30T18:01:24,502] [DEBUG] c.e.t.ThreeTeamsController:182 editVideos
[2023-10-30T18:01:24,503] [DEBUG] c.e.t.u.MediaPlayerUtils:50 getVideo
[2023-10-30T18:01:24,556] [DEBUG] c.e.t.u.MediaPlayerUtils:50 getVideo
[2023-10-30T18:01:24,558] [DEBUG] c.e.t.u.MediaPlayerUtils:50 getVideo
[2023-10-30T18:01:24,561] [DEBUG] c.e.t.ThreeTeamsController:139 createMusicPlayers
[2023-10-30T18:01:24,561] [DEBUG] c.e.t.u.MediaPlayerUtils:31 create volume files
[2023-10-30T18:01:24,563] [DEBUG] c.e.t.u.MediaPlayerUtils:31 create volume files
[2023-10-30T18:01:24,564] [DEBUG] c.e.t.u.MediaPlayerUtils:31 create volume files
[2023-10-30T18:01:24,566] [DEBUG] c.e.t.ThreeTeamsController:146 editMusicPlayers
[2023-10-30T18:01:24,566] [DEBUG] c.e.t.ThreeTeamsController:153 editMusicPlayers
[2023-10-30T18:01:24,573] [DEBUG] c.e.t.ThreeTeamsController:153 editMusicPlayers
[2023-10-30T18:01:24,574] [DEBUG] c.e.t.ThreeTeamsController:153 editMusicPlayers
[2023-10-30T18:01:24,574] [DEBUG] c.e.t.ThreeTeamsController:171 startNeutralMusic
[2023-10-30T18:01:24,606] [DEBUG] c.e.t.ThreeTeamsController:132 createTimelineTeams
[2023-10-30T18:01:24,606] [DEBUG] c.e.t.u.MediaPlayerUtils:31 create volume files
[2023-10-30T18:01:24,611] [DEBUG] c.e.t.u.MediaPlayerUtils:31 create volume files
[2023-10-30T18:01:24,614] [DEBUG] c.e.t.u.MediaPlayerUtils:31 create volume files
[2023-10-30T18:02:07,651] [DEBUG] c.e.t.ThreeTeamsController:470 finishRace
[2023-10-30T18:02:07,653] [DEBUG] c.e.t.u.MediaPlayerUtils:50 getVideo
[2023-10-30T18:02:07,902] [DEBUG] c.e.t.RaceSettingsController:352 Yarışma Kapatma isteği geldi
[2023-10-30T18:02:07,902] [DEBUG] c.e.t.ThreeTeamsController:415 Kapatma isteği
[2023-10-30T18:02:07,971] [DEBUG] c.e.t.u.RunWSController:35 TiktokWS Kapatılıyor : 9404
[2023-10-30T18:02:08,030] [DEBUG] c.e.t.GiftServer:33 org.java_websocket.WebSocketImpl@3fdaca4b has left the room!
[2023-10-30T18:02:08,030] [DEBUG] c.e.t.u.RunWSController:41 İşlem başarıyla sonlandırıldı.
[2023-10-30T18:02:09,262] [DEBUG] c.e.t.RaceSettingsController:586 Yarışma Bitirme Butonuna Basıldı
[2023-10-30T18:02:09,262] [DEBUG] c.e.t.ThreeTeamsController:415 Kapatma isteği
[2023-10-30T18:02:09,295] [DEBUG] c.e.t.ThreeTeamsController:470 finishRace
[2023-10-30T18:02:23,456] [DEBUG] c.e.t.RaceSettingsController:277 Yarışma Başladı-startRaceAction
[2023-10-30T18:02:23,460] [DEBUG] c.e.t.u.XMLUtils:38 XML belgesi oluşturuldu.
[2023-10-30T18:02:23,460] [DEBUG] c.e.t.RaceSettingsController:329 3 takımlı yarışma başlatılıyor
[2023-10-30T18:02:23,460] [DEBUG] c.e.t.u.RunWSController:21 Tiktok ws socket başlatılıyor : yayın ismi @zanaaslan21, port 8787
[2023-10-30T18:02:23,463] [DEBUG] c.e.t.u.RunWSController:29 Başlatılan İşlem PID: 17596
[2023-10-30T18:02:23,472] [DEBUG] c.e.t.RaceSettingsController:574 Get ComboBox Gifts
[2023-10-30T18:02:23,472] [DEBUG] c.e.t.RaceSettingsController:574 Get ComboBox Gifts
[2023-10-30T18:02:23,472] [DEBUG] c.e.t.RaceSettingsController:574 Get ComboBox Gifts
[2023-10-30T18:02:23,472] [DEBUG] c.e.t.ThreeTeamsController:106 3 takımlı yarış display
[2023-10-30T18:02:23,472] [DEBUG] c.e.t.ThreeTeamsController:217 editFolders
[2023-10-30T18:02:23,472] [DEBUG] c.e.t.Gift:62 Gift Listesi Parse Ediliyor
[2023-10-30T18:02:23,475] [DEBUG] c.e.t.u.MediaPlayerUtils:72 teamGifts
[2023-10-30T18:02:23,475] [DEBUG] c.e.t.u.MediaPlayerUtils:72 teamGifts
[2023-10-30T18:02:23,475] [DEBUG] c.e.t.u.MediaPlayerUtils:72 teamGifts
[2023-10-30T18:02:23,477] [DEBUG] c.e.t.ThreeTeamsController:210 editHBoxes
[2023-10-30T18:02:23,477] [DEBUG] c.e.t.u.MediaPlayerUtils:89 CreateGiftsHBOX
[2023-10-30T18:02:23,477] [DEBUG] c.e.t.Gift:94 Linkten Resim
[2023-10-30T18:02:23,477] [DEBUG] c.e.t.Gift:116 PNG resim yükleniyor : https://storage.streamdps.com/iblock/f59/f5902abbd13178017285a308606fd0dd/cf6a40558018965a8171cf5a575dd9de.png
[2023-10-30T18:02:23,560] [DEBUG] c.e.t.u.MediaPlayerUtils:96 createImageView
[2023-10-30T18:02:23,561] [DEBUG] c.e.t.Gift:94 Linkten Resim
[2023-10-30T18:02:23,561] [DEBUG] c.e.t.Gift:116 PNG resim yükleniyor : https://storage.streamdps.com/iblock/b36/b36bb8c332ade25b2e591cd3ed164a99/a06c10f4dc562c24f4f5b6812b9fa01f.png
[2023-10-30T18:02:23,579] [DEBUG] c.e.t.u.MediaPlayerUtils:96 createImageView
[2023-10-30T18:02:23,579] [DEBUG] c.e.t.Gift:94 Linkten Resim
[2023-10-30T18:02:23,579] [DEBUG] c.e.t.Gift:116 PNG resim yükleniyor : https://storage.streamdps.com/iblock/688/688f0c350f9cd9751cb02659f4ab105e/2b2d66c2f9767fc8332ee1b5ba0c1057.png
[2023-10-30T18:02:23,595] [DEBUG] c.e.t.u.MediaPlayerUtils:96 createImageView
[2023-10-30T18:02:23,595] [DEBUG] c.e.t.Gift:94 Linkten Resim
[2023-10-30T18:02:23,595] [DEBUG] c.e.t.Gift:116 PNG resim yükleniyor : https://storage.streamdps.com/iblock/6a0/6a0b418bc4ae8f04be3194c88389e9e7/bf071c7cc84cf3aac6435adbd222f577.png
[2023-10-30T18:02:23,612] [DEBUG] c.e.t.u.MediaPlayerUtils:96 createImageView
[2023-10-30T18:02:23,613] [DEBUG] c.e.t.u.MediaPlayerUtils:89 CreateGiftsHBOX
[2023-10-30T18:02:23,613] [DEBUG] c.e.t.Gift:94 Linkten Resim
[2023-10-30T18:02:23,613] [DEBUG] c.e.t.Gift:116 PNG resim yükleniyor : https://storage.streamdps.com/iblock/232/232e2afc8e6c022c5c78df18cf196663/f2ba6300ef54121763648a60d465eef5.png
[2023-10-30T18:02:23,628] [DEBUG] c.e.t.u.MediaPlayerUtils:96 createImageView
[2023-10-30T18:02:23,628] [DEBUG] c.e.t.Gift:94 Linkten Resim
[2023-10-30T18:02:23,628] [DEBUG] c.e.t.Gift:116 PNG resim yükleniyor : https://storage.streamdps.com/iblock/4e3/4e341b08230703a6f09ba3234c3fe717/3854ed8e881ebbe5208882602b30cf88.png
[2023-10-30T18:02:23,659] [DEBUG] c.e.t.u.MediaPlayerUtils:96 createImageView
[2023-10-30T18:02:23,659] [DEBUG] c.e.t.Gift:94 Linkten Resim
[2023-10-30T18:02:23,659] [DEBUG] c.e.t.Gift:116 PNG resim yükleniyor : https://storage.streamdps.com/iblock/46d/46d0f497391a934d27d9b993f444d8b2/121af719b172eed61d8a75c1b1341c9d.png
[2023-10-30T18:02:23,693] [DEBUG] c.e.t.u.MediaPlayerUtils:96 createImageView
[2023-10-30T18:02:23,693] [DEBUG] c.e.t.Gift:94 Linkten Resim
[2023-10-30T18:02:23,693] [DEBUG] c.e.t.Gift:116 PNG resim yükleniyor : https://storage.streamdps.com/iblock/0c4/0c446fb276fafbb0f0d5e3abfedf2510/f4bbea9d03b1453bd37d571282334f1b.png
[2023-10-30T18:02:23,719] [DEBUG] c.e.t.u.MediaPlayerUtils:96 createImageView
[2023-10-30T18:02:23,719] [DEBUG] c.e.t.u.MediaPlayerUtils:89 CreateGiftsHBOX
[2023-10-30T18:02:23,719] [DEBUG] c.e.t.Gift:94 Linkten Resim
[2023-10-30T18:02:23,720] [DEBUG] c.e.t.Gift:116 PNG resim yükleniyor : https://storage.streamdps.com/iblock/50f/50f8e7cf26128a6e10d0b792019c1303/94aa2d574cfe6e3893c087cfb5a5efcd.png
[2023-10-30T18:02:23,749] [DEBUG] c.e.t.u.MediaPlayerUtils:96 createImageView
[2023-10-30T18:02:23,749] [DEBUG] c.e.t.Gift:94 Linkten Resim
[2023-10-30T18:02:23,749] [DEBUG] c.e.t.Gift:116 PNG resim yükleniyor : https://storage.streamdps.com/iblock/702/702e6d0287a1e868c69fbe2f6b3635a6/7a7a82b571ba63ccd3ca514c887b3130.png
[2023-10-30T18:02:23,772] [DEBUG] c.e.t.u.MediaPlayerUtils:96 createImageView
[2023-10-30T18:02:23,772] [DEBUG] c.e.t.Gift:94 Linkten Resim
[2023-10-30T18:02:23,772] [DEBUG] c.e.t.Gift:116 PNG resim yükleniyor : https://storage.streamdps.com/iblock/440/4402267722e227b72adc97db92504b75/ae0f562146e701f32ae96761ac67c5cc.png
[2023-10-30T18:02:23,799] [DEBUG] c.e.t.u.MediaPlayerUtils:96 createImageView
[2023-10-30T18:02:23,800] [DEBUG] c.e.t.Gift:94 Linkten Resim
[2023-10-30T18:02:23,800] [DEBUG] c.e.t.Gift:116 PNG resim yükleniyor : https://storage.streamdps.com/iblock/531/5313a4ca89a7c7588a88898c8f1e9053/dab85392562772099474a050c251d340.png
[2023-10-30T18:02:23,822] [DEBUG] c.e.t.u.MediaPlayerUtils:96 createImageView
[2023-10-30T18:02:23,823] [DEBUG] c.e.t.ThreeTeamsController:182 editVideos
[2023-10-30T18:02:23,823] [DEBUG] c.e.t.u.MediaPlayerUtils:50 getVideo
[2023-10-30T18:02:23,825] [DEBUG] c.e.t.u.MediaPlayerUtils:50 getVideo
[2023-10-30T18:02:23,838] [DEBUG] c.e.t.u.MediaPlayerUtils:50 getVideo
[2023-10-30T18:02:23,840] [DEBUG] c.e.t.ThreeTeamsController:139 createMusicPlayers
[2023-10-30T18:02:23,841] [DEBUG] c.e.t.u.MediaPlayerUtils:31 create volume files
[2023-10-30T18:02:23,845] [DEBUG] c.e.t.u.MediaPlayerUtils:31 create volume files
[2023-10-30T18:02:23,849] [DEBUG] c.e.t.u.MediaPlayerUtils:31 create volume files
[2023-10-30T18:02:23,853] [DEBUG] c.e.t.ThreeTeamsController:146 editMusicPlayers
[2023-10-30T18:02:23,853] [DEBUG] c.e.t.ThreeTeamsController:153 editMusicPlayers
[2023-10-30T18:02:23,853] [DEBUG] c.e.t.ThreeTeamsController:153 editMusicPlayers
[2023-10-30T18:02:23,853] [DEBUG] c.e.t.ThreeTeamsController:153 editMusicPlayers
[2023-10-30T18:02:23,854] [DEBUG] c.e.t.ThreeTeamsController:171 startNeutralMusic
[2023-10-30T18:02:23,866] [DEBUG] c.e.t.ThreeTeamsController:132 createTimelineTeams
[2023-10-30T18:02:23,866] [DEBUG] c.e.t.u.MediaPlayerUtils:31 create volume files
[2023-10-30T18:02:23,874] [DEBUG] c.e.t.u.MediaPlayerUtils:31 create volume files
[2023-10-30T18:02:23,877] [DEBUG] c.e.t.u.MediaPlayerUtils:31 create volume files
[2023-10-30T18:02:24,085] [DEBUG] c.e.t.GiftServer:27 127.0.0.1 entered the room!
[2023-10-30T18:02:24,599] [DEBUG] c.e.t.ThreeTeamsController:187 Video1 de hata
[2023-10-30T18:02:24,605] [DEBUG] c.e.t.u.MediaPlayerUtils:50 getVideo
[2023-10-30T18:02:31,340] [DEBUG] c.e.t.RaceSettingsController:352 Yarışma Kapatma isteği geldi
[2023-10-30T18:02:31,340] [DEBUG] c.e.t.ThreeTeamsController:415 Kapatma isteği
[2023-10-30T18:02:31,355] [DEBUG] c.e.t.u.RunWSController:35 TiktokWS Kapatılıyor : 17596
[2023-10-30T18:02:31,413] [DEBUG] c.e.t.GiftServer:33 org.java_websocket.WebSocketImpl@6d0700c8 has left the room!
[2023-10-30T18:02:31,414] [DEBUG] c.e.t.u.RunWSController:41 İşlem başarıyla sonlandırıldı.
[2023-10-30T18:02:32,840] [DEBUG] c.e.t.RaceSettingsController:277 Yarışma Başladı-startRaceAction
[2023-10-30T18:02:32,842] [DEBUG] c.e.t.u.XMLUtils:38 XML belgesi oluşturuldu.
[2023-10-30T18:02:32,842] [DEBUG] c.e.t.RaceSettingsController:329 3 takımlı yarışma başlatılıyor
[2023-10-30T18:02:32,842] [DEBUG] c.e.t.u.RunWSController:21 Tiktok ws socket başlatılıyor : yayın ismi @zanaaslan21, port 8787
[2023-10-30T18:02:32,845] [DEBUG] c.e.t.u.RunWSController:29 Başlatılan İşlem PID: 14160
[2023-10-30T18:02:32,852] [DEBUG] c.e.t.RaceSettingsController:574 Get ComboBox Gifts
[2023-10-30T18:02:32,852] [DEBUG] c.e.t.RaceSettingsController:574 Get ComboBox Gifts
[2023-10-30T18:02:32,852] [DEBUG] c.e.t.RaceSettingsController:574 Get ComboBox Gifts
[2023-10-30T18:02:32,853] [DEBUG] c.e.t.ThreeTeamsController:106 3 takımlı yarış display
[2023-10-30T18:02:32,853] [DEBUG] c.e.t.ThreeTeamsController:217 editFolders
[2023-10-30T18:02:32,853] [DEBUG] c.e.t.Gift:62 Gift Listesi Parse Ediliyor
[2023-10-30T18:02:32,855] [DEBUG] c.e.t.u.MediaPlayerUtils:72 teamGifts
[2023-10-30T18:02:32,856] [DEBUG] c.e.t.u.MediaPlayerUtils:72 teamGifts
[2023-10-30T18:02:32,856] [DEBUG] c.e.t.u.MediaPlayerUtils:72 teamGifts
[2023-10-30T18:02:32,856] [DEBUG] c.e.t.ThreeTeamsController:210 editHBoxes
[2023-10-30T18:02:32,856] [DEBUG] c.e.t.u.MediaPlayerUtils:89 CreateGiftsHBOX
[2023-10-30T18:02:32,856] [DEBUG] c.e.t.Gift:94 Linkten Resim
[2023-10-30T18:02:32,856] [DEBUG] c.e.t.Gift:116 PNG resim yükleniyor : https://storage.streamdps.com/iblock/f59/f5902abbd13178017285a308606fd0dd/cf6a40558018965a8171cf5a575dd9de.png
[2023-10-30T18:02:32,916] [DEBUG] c.e.t.u.MediaPlayerUtils:96 createImageView
[2023-10-30T18:02:32,917] [DEBUG] c.e.t.Gift:94 Linkten Resim
[2023-10-30T18:02:32,917] [DEBUG] c.e.t.Gift:116 PNG resim yükleniyor : https://storage.streamdps.com/iblock/b36/b36bb8c332ade25b2e591cd3ed164a99/a06c10f4dc562c24f4f5b6812b9fa01f.png
[2023-10-30T18:02:32,938] [DEBUG] c.e.t.u.MediaPlayerUtils:96 createImageView
[2023-10-30T18:02:32,939] [DEBUG] c.e.t.Gift:94 Linkten Resim
[2023-10-30T18:02:32,939] [DEBUG] c.e.t.Gift:116 PNG resim yükleniyor : https://storage.streamdps.com/iblock/688/688f0c350f9cd9751cb02659f4ab105e/2b2d66c2f9767fc8332ee1b5ba0c1057.png
[2023-10-30T18:02:32,965] [DEBUG] c.e.t.u.MediaPlayerUtils:96 createImageView
[2023-10-30T18:02:32,965] [DEBUG] c.e.t.Gift:94 Linkten Resim
[2023-10-30T18:02:32,965] [DEBUG] c.e.t.Gift:116 PNG resim yükleniyor : https://storage.streamdps.com/iblock/6a0/6a0b418bc4ae8f04be3194c88389e9e7/bf071c7cc84cf3aac6435adbd222f577.png
[2023-10-30T18:02:33,007] [DEBUG] c.e.t.u.MediaPlayerUtils:96 createImageView
[2023-10-30T18:02:33,007] [DEBUG] c.e.t.u.MediaPlayerUtils:89 CreateGiftsHBOX
[2023-10-30T18:02:33,007] [DEBUG] c.e.t.Gift:94 Linkten Resim
[2023-10-30T18:02:33,007] [DEBUG] c.e.t.Gift:116 PNG resim yükleniyor : https://storage.streamdps.com/iblock/232/232e2afc8e6c022c5c78df18cf196663/f2ba6300ef54121763648a60d465eef5.png
[2023-10-30T18:02:33,035] [DEBUG] c.e.t.u.MediaPlayerUtils:96 createImageView
[2023-10-30T18:02:33,036] [DEBUG] c.e.t.Gift:94 Linkten Resim
[2023-10-30T18:02:33,036] [DEBUG] c.e.t.Gift:116 PNG resim yükleniyor : https://storage.streamdps.com/iblock/4e3/4e341b08230703a6f09ba3234c3fe717/3854ed8e881ebbe5208882602b30cf88.png
[2023-10-30T18:02:33,059] [DEBUG] c.e.t.u.MediaPlayerUtils:96 createImageView
[2023-10-30T18:02:33,060] [DEBUG] c.e.t.Gift:94 Linkten Resim
[2023-10-30T18:02:33,060] [DEBUG] c.e.t.Gift:116 PNG resim yükleniyor : https://storage.streamdps.com/iblock/46d/46d0f497391a934d27d9b993f444d8b2/121af719b172eed61d8a75c1b1341c9d.png
[2023-10-30T18:02:33,080] [DEBUG] c.e.t.u.MediaPlayerUtils:96 createImageView
[2023-10-30T18:02:33,081] [DEBUG] c.e.t.Gift:94 Linkten Resim
[2023-10-30T18:02:33,081] [DEBUG] c.e.t.Gift:116 PNG resim yükleniyor : https://storage.streamdps.com/iblock/0c4/0c446fb276fafbb0f0d5e3abfedf2510/f4bbea9d03b1453bd37d571282334f1b.png
[2023-10-30T18:02:33,099] [DEBUG] c.e.t.u.MediaPlayerUtils:96 createImageView
[2023-10-30T18:02:33,099] [DEBUG] c.e.t.u.MediaPlayerUtils:89 CreateGiftsHBOX
[2023-10-30T18:02:33,100] [DEBUG] c.e.t.Gift:94 Linkten Resim
[2023-10-30T18:02:33,100] [DEBUG] c.e.t.Gift:116 PNG resim yükleniyor : https://storage.streamdps.com/iblock/50f/50f8e7cf26128a6e10d0b792019c1303/94aa2d574cfe6e3893c087cfb5a5efcd.png
[2023-10-30T18:02:33,123] [DEBUG] c.e.t.u.MediaPlayerUtils:96 createImageView
[2023-10-30T18:02:33,123] [DEBUG] c.e.t.Gift:94 Linkten Resim
[2023-10-30T18:02:33,123] [DEBUG] c.e.t.Gift:116 PNG resim yükleniyor : https://storage.streamdps.com/iblock/702/702e6d0287a1e868c69fbe2f6b3635a6/7a7a82b571ba63ccd3ca514c887b3130.png
[2023-10-30T18:02:33,143] [DEBUG] c.e.t.u.MediaPlayerUtils:96 createImageView
[2023-10-30T18:02:33,144] [DEBUG] c.e.t.Gift:94 Linkten Resim
[2023-10-30T18:02:33,144] [DEBUG] c.e.t.Gift:116 PNG resim yükleniyor : https://storage.streamdps.com/iblock/440/4402267722e227b72adc97db92504b75/ae0f562146e701f32ae96761ac67c5cc.png
[2023-10-30T18:02:33,187] [DEBUG] c.e.t.u.MediaPlayerUtils:96 createImageView
[2023-10-30T18:02:33,187] [DEBUG] c.e.t.Gift:94 Linkten Resim
[2023-10-30T18:02:33,187] [DEBUG] c.e.t.Gift:116 PNG resim yükleniyor : https://storage.streamdps.com/iblock/531/5313a4ca89a7c7588a88898c8f1e9053/dab85392562772099474a050c251d340.png
[2023-10-30T18:02:33,205] [DEBUG] c.e.t.u.MediaPlayerUtils:96 createImageView
[2023-10-30T18:02:33,205] [DEBUG] c.e.t.ThreeTeamsController:182 editVideos
[2023-10-30T18:02:33,206] [DEBUG] c.e.t.u.MediaPlayerUtils:50 getVideo
[2023-10-30T18:02:33,208] [DEBUG] c.e.t.u.MediaPlayerUtils:50 getVideo
[2023-10-30T18:02:33,209] [DEBUG] c.e.t.u.MediaPlayerUtils:50 getVideo
[2023-10-30T18:02:33,212] [DEBUG] c.e.t.ThreeTeamsController:139 createMusicPlayers
[2023-10-30T18:02:33,212] [DEBUG] c.e.t.u.MediaPlayerUtils:31 create volume files
[2023-10-30T18:02:33,215] [DEBUG] c.e.t.u.MediaPlayerUtils:31 create volume files
[2023-10-30T18:02:33,219] [DEBUG] c.e.t.u.MediaPlayerUtils:31 create volume files
[2023-10-30T18:02:33,223] [DEBUG] c.e.t.ThreeTeamsController:146 editMusicPlayers
[2023-10-30T18:02:33,223] [DEBUG] c.e.t.ThreeTeamsController:153 editMusicPlayers
[2023-10-30T18:02:33,223] [DEBUG] c.e.t.ThreeTeamsController:153 editMusicPlayers
[2023-10-30T18:02:33,223] [DEBUG] c.e.t.ThreeTeamsController:153 editMusicPlayers
[2023-10-30T18:02:33,223] [DEBUG] c.e.t.ThreeTeamsController:171 startNeutralMusic
[2023-10-30T18:02:33,225] [DEBUG] c.e.t.ThreeTeamsController:132 createTimelineTeams
[2023-10-30T18:02:33,225] [DEBUG] c.e.t.u.MediaPlayerUtils:31 create volume files
[2023-10-30T18:02:33,229] [DEBUG] c.e.t.u.MediaPlayerUtils:31 create volume files
[2023-10-30T18:02:33,233] [DEBUG] c.e.t.u.MediaPlayerUtils:31 create volume files
[2023-10-30T18:02:33,874] [DEBUG] c.e.t.GiftServer:27 127.0.0.1 entered the room!
[2023-10-30T18:03:09,478] [DEBUG] c.e.t.RaceSettingsController:352 Yarışma Kapatma isteği geldi
[2023-10-30T18:03:09,478] [DEBUG] c.e.t.ThreeTeamsController:415 Kapatma isteği
[2023-10-30T18:03:09,497] [DEBUG] c.e.t.u.RunWSController:35 TiktokWS Kapatılıyor : 14160
[2023-10-30T18:03:09,557] [DEBUG] c.e.t.GiftServer:33 org.java_websocket.WebSocketImpl@3458081c has left the room!
[2023-10-30T18:03:09,557] [DEBUG] c.e.t.u.RunWSController:41 İşlem başarıyla sonlandırıldı.
[2023-10-30T18:03:10,447] [DEBUG] c.e.t.TikTokRace:43 Uygulamaya kapatma isteği geldi : WINDOW_CLOSE_REQUEST
