[2023-10-30T17:59:35,984] [DEBUG] o.e.GiftWSClient:19 opened connection
[2023-10-30T17:59:35,991] [DEBUG] o.e.GiftWSClient:24 received: Welcome to the server!
[2023-10-30T18:01:24,380] [DEBUG] o.e.GiftWSClient:19 opened connection
[2023-10-30T18:01:24,383] [DEBUG] o.e.GiftWSClient:24 received: Welcome to the server!
[2023-10-30T18:02:24,120] [DEBUG] o.e.GiftWSClient:19 opened connection
[2023-10-30T18:02:24,161] [DEBUG] o.e.GiftWSClient:24 received: Welcome to the server!
[2023-10-30T18:02:33,884] [DEBUG] o.e.GiftWSClient:19 opened connection
[2023-10-30T18:02:33,892] [DEBUG] o.e.GiftWSClient:24 received: Welcome to the server!
[2023-10-30T22:22:35,915] [DEBUG] o.e.GiftWSClient:19 opened connection
[2023-10-30T22:22:35,920] [DEBUG] o.e.GiftWSClient:24 received: Welcome to the server!
[2023-10-30T22:22:39,711] [DEBUG] o.e.Main:103 serializeArrayList
[2023-10-30T22:22:39,724] [DEBUG] o.e.Main:103 serializeArrayList
[2023-10-30T22:22:39,736] [DEBUG] o.e.Main:103 serializeArrayList
[2023-10-30T22:22:39,738] [DEBUG] o.e.Main:103 serializeArrayList
[2023-10-30T22:22:39,739] [DEBUG] o.e.Main:103 serializeArrayList
[2023-10-30T22:22:39,741] [DEBUG] o.e.Main:103 serializeArrayList
[2023-10-30T22:22:39,743] [DEBUG] o.e.Main:103 serializeArrayList
[2023-10-30T22:22:39,746] [DEBUG] o.e.Main:103 serializeArrayList
[2023-10-30T22:22:39,763] [DEBUG] o.e.Main:103 serializeArrayList
[2023-10-30T22:22:39,769] [DEBUG] o.e.Main:103 serializeArrayList
[2023-10-30T22:22:39,770] [DEBUG] o.e.Main:103 serializeArrayList
[2023-10-30T22:22:39,773] [DEBUG] o.e.Main:103 serializeArrayList
[2023-10-30T22:22:39,773] [DEBUG] o.e.Main:103 serializeArrayList
[2023-10-30T22:22:40,334] [DEBUG] o.e.Main:103 serializeArrayList
[2023-10-30T22:22:40,337] [DEBUG] o.e.Main:103 serializeArrayList
[2023-10-30T22:22:40,341] [DEBUG] o.e.Main:103 serializeArrayList
[2023-10-30T22:22:41,360] [DEBUG] o.e.Main:103 serializeArrayList
[2023-10-30T22:22:41,362] [DEBUG] o.e.Main:103 serializeArrayList
[2023-10-30T22:22:41,363] [DEBUG] o.e.Main:103 serializeArrayList
[2023-10-30T22:22:42,151] [DEBUG] o.e.Main:103 serializeArrayList
[2023-10-30T22:22:42,153] [DEBUG] o.e.Main:103 serializeArrayList
[2023-10-30T22:22:42,964] [DEBUG] o.e.Main:69 GiftCombo Gönderildi Gem Gun state: Begin kombo say?s? : 1
[2023-10-30T22:22:42,971] [DEBUG] o.e.Main:103 serializeArrayList
[2023-10-30T22:22:42,972] [DEBUG] o.e.Main:103 serializeArrayList
[2023-10-30T22:22:43,750] [DEBUG] o.e.Main:69 GiftCombo Gönderildi Gem Gun state: Active kombo say?s? : 1
[2023-10-30T22:22:45,362] [DEBUG] o.e.Main:103 serializeArrayList
[2023-10-30T22:22:46,150] [DEBUG] o.e.Main:103 serializeArrayList
[2023-10-30T22:22:46,152] [DEBUG] o.e.Main:103 serializeArrayList
[2023-10-30T22:22:46,956] [DEBUG] o.e.Main:103 serializeArrayList
[2023-10-30T22:22:46,960] [DEBUG] o.e.Main:103 serializeArrayList
[2023-10-30T22:22:47,762] [DEBUG] o.e.Main:103 serializeArrayList
[2023-10-30T22:22:48,582] [DEBUG] o.e.Main:103 serializeArrayList
[2023-10-30T22:22:48,584] [DEBUG] o.e.Main:103 serializeArrayList
[2023-10-30T22:22:49,370] [DEBUG] o.e.Main:103 serializeArrayList
[2023-10-30T22:22:49,372] [DEBUG] o.e.Main:103 serializeArrayList
[2023-10-30T22:22:49,373] [DEBUG] o.e.Main:103 serializeArrayList
[2023-10-30T22:22:49,376] [DEBUG] o.e.Main:103 serializeArrayList
[2023-10-30T22:22:50,177] [DEBUG] o.e.Main:103 serializeArrayList
[2023-10-30T22:22:50,180] [DEBUG] o.e.Main:103 serializeArrayList
[2023-10-30T22:22:50,968] [DEBUG] o.e.Main:103 serializeArrayList
[2023-10-30T22:22:50,970] [DEBUG] o.e.Main:103 serializeArrayList
[2023-10-30T22:22:50,972] [DEBUG] o.e.Main:103 serializeArrayList
[2023-10-30T22:22:51,777] [DEBUG] o.e.Main:103 serializeArrayList
[2023-10-30T22:22:51,780] [DEBUG] o.e.Main:103 serializeArrayList
[2023-10-30T22:22:52,571] [DEBUG] o.e.Main:103 serializeArrayList
[2023-10-30T22:22:52,573] [DEBUG] o.e.Main:103 serializeArrayList
[2023-10-30T22:22:52,574] [DEBUG] o.e.Main:103 serializeArrayList
[2023-10-30T22:22:53,398] [DEBUG] o.e.Main:103 serializeArrayList
[2023-10-30T22:22:54,194] [DEBUG] o.e.Main:103 serializeArrayList
[2023-10-30T22:22:55,010] [DEBUG] o.e.Main:103 serializeArrayList
[2023-10-30T22:22:55,011] [DEBUG] o.e.Main:103 serializeArrayList
[2023-10-30T22:22:55,013] [DEBUG] o.e.Main:103 serializeArrayList
[2023-10-30T22:22:55,014] [DEBUG] o.e.Main:103 serializeArrayList
[2023-10-30T22:22:55,861] [DEBUG] o.e.Main:103 serializeArrayList
[2023-10-30T22:22:55,862] [DEBUG] o.e.Main:103 serializeArrayList
[2023-10-30T22:22:55,863] [DEBUG] o.e.Main:103 serializeArrayList
[2023-10-30T22:22:57,424] [DEBUG] o.e.Main:103 serializeArrayList
[2023-10-30T22:22:57,426] [DEBUG] o.e.Main:103 serializeArrayList
[2023-10-30T22:22:57,427] [DEBUG] o.e.Main:103 serializeArrayList
[2023-10-30T22:22:57,429] [DEBUG] o.e.Main:103 serializeArrayList
[2023-10-30T22:22:58,221] [DEBUG] o.e.Main:103 serializeArrayList
[2023-10-30T22:22:58,223] [DEBUG] o.e.Main:103 serializeArrayList
[2023-10-30T22:22:59,008] [DEBUG] o.e.Main:103 serializeArrayList
[2023-10-30T22:22:59,009] [DEBUG] o.e.Main:103 serializeArrayList
[2023-10-30T22:22:59,830] [DEBUG] o.e.Main:103 serializeArrayList
[2023-10-30T22:22:59,833] [DEBUG] o.e.Main:103 serializeArrayList
[2023-10-30T22:22:59,835] [DEBUG] o.e.Main:103 serializeArrayList
[2023-10-30T22:23:34,771] [DEBUG] o.e.GiftWSClient:19 opened connection
[2023-10-30T22:23:34,775] [DEBUG] o.e.GiftWSClient:24 received: Welcome to the server!
[2023-10-30T22:23:39,702] [DEBUG] o.e.Main:103 serializeArrayList
[2023-10-30T22:23:39,718] [DEBUG] o.e.Main:103 serializeArrayList
[2023-10-30T22:23:39,719] [DEBUG] o.e.Main:103 serializeArrayList
[2023-10-30T22:23:39,720] [DEBUG] o.e.Main:103 serializeArrayList
[2023-10-30T22:23:39,721] [DEBUG] o.e.Main:103 serializeArrayList
[2023-10-30T22:23:39,721] [DEBUG] o.e.Main:103 serializeArrayList
[2023-10-30T22:23:39,722] [DEBUG] o.e.Main:103 serializeArrayList
[2023-10-30T22:23:39,723] [DEBUG] o.e.Main:103 serializeArrayList
[2023-10-30T22:23:39,724] [DEBUG] o.e.Main:103 serializeArrayList
[2023-10-30T22:23:39,725] [DEBUG] o.e.Main:103 serializeArrayList
[2023-10-30T22:23:39,726] [DEBUG] o.e.Main:103 serializeArrayList
[2023-10-30T22:23:39,740] [DEBUG] o.e.Main:103 serializeArrayList
[2023-10-30T22:23:39,752] [DEBUG] o.e.Main:103 serializeArrayList
[2023-10-30T22:23:39,753] [DEBUG] o.e.Main:103 serializeArrayList
[2023-10-30T22:23:39,754] [DEBUG] o.e.Main:103 serializeArrayList
[2023-10-30T22:23:39,754] [DEBUG] o.e.Main:103 serializeArrayList
[2023-10-30T22:23:39,757] [DEBUG] o.e.Main:103 serializeArrayList
[2023-10-30T22:23:39,758] [DEBUG] o.e.Main:103 serializeArrayList
[2023-10-30T22:23:51,123] [DEBUG] o.e.GiftWSClient:19 opened connection
[2023-10-30T22:23:51,128] [DEBUG] o.e.GiftWSClient:24 received: Welcome to the server!
[2023-10-30T22:23:55,124] [DEBUG] o.e.Main:103 serializeArrayList
[2023-10-30T22:23:55,143] [DEBUG] o.e.Main:103 serializeArrayList
[2023-10-30T22:23:55,144] [DEBUG] o.e.Main:103 serializeArrayList
[2023-10-30T22:23:55,146] [DEBUG] o.e.Main:103 serializeArrayList
[2023-10-30T22:23:55,147] [DEBUG] o.e.Main:103 serializeArrayList
[2023-10-30T22:23:55,149] [DEBUG] o.e.Main:103 serializeArrayList
[2023-10-30T22:23:55,151] [DEBUG] o.e.Main:103 serializeArrayList
[2023-10-30T22:23:55,152] [DEBUG] o.e.Main:103 serializeArrayList
[2023-10-30T22:23:55,153] [DEBUG] o.e.Main:103 serializeArrayList
[2023-10-30T22:23:55,154] [DEBUG] o.e.Main:103 serializeArrayList
[2023-10-30T22:23:55,155] [DEBUG] o.e.Main:103 serializeArrayList
[2023-10-30T22:23:55,156] [DEBUG] o.e.Main:103 serializeArrayList
[2023-10-30T22:23:55,157] [DEBUG] o.e.Main:103 serializeArrayList
[2023-10-30T22:23:55,158] [DEBUG] o.e.Main:103 serializeArrayList
[2023-10-30T22:23:55,158] [DEBUG] o.e.Main:103 serializeArrayList
[2023-10-30T22:23:55,172] [DEBUG] o.e.Main:103 serializeArrayList
[2023-10-30T22:23:55,174] [DEBUG] o.e.Main:103 serializeArrayList
[2023-10-30T22:23:55,176] [DEBUG] o.e.Main:103 serializeArrayList
[2023-10-30T22:23:55,180] [DEBUG] o.e.Main:103 serializeArrayList
[2023-10-30T22:23:55,188] [DEBUG] o.e.Main:103 serializeArrayList
[2023-10-30T22:23:55,191] [DEBUG] o.e.Main:103 serializeArrayList
[2023-10-30T22:23:55,192] [DEBUG] o.e.Main:103 serializeArrayList
[2023-10-30T22:23:55,967] [DEBUG] o.e.Main:103 serializeArrayList
[2023-10-30T22:23:55,971] [DEBUG] o.e.Main:103 serializeArrayList
[2023-10-30T22:23:56,390] [DEBUG] o.e.Main:103 serializeArrayList
[2023-10-30T22:23:56,391] [DEBUG] o.e.Main:103 serializeArrayList
[2023-10-30T22:23:56,393] [DEBUG] o.e.Main:103 serializeArrayList
[2023-10-30T22:23:56,394] [DEBUG] o.e.Main:103 serializeArrayList
[2023-10-30T22:23:57,192] [DEBUG] o.e.Main:103 serializeArrayList
[2023-10-30T22:23:58,046] [DEBUG] o.e.Main:103 serializeArrayList
[2023-10-30T22:23:58,048] [DEBUG] o.e.Main:103 serializeArrayList
[2023-10-30T22:23:58,050] [DEBUG] o.e.Main:103 serializeArrayList
[2023-10-30T22:23:58,051] [DEBUG] o.e.Main:103 serializeArrayList
[2023-10-30T22:23:58,053] [DEBUG] o.e.Main:103 serializeArrayList
[2023-10-30T22:23:58,790] [DEBUG] o.e.Main:103 serializeArrayList
[2023-10-30T22:40:15,701] [DEBUG] o.e.GiftWSClient:19 opened connection
[2023-10-30T22:40:15,707] [DEBUG] o.e.GiftWSClient:24 received: Welcome to the server!
[2023-10-30T22:40:21,039] [DEBUG] o.e.Main:103 serializeArrayList
[2023-10-30T22:40:21,059] [DEBUG] o.e.Main:103 serializeArrayList
[2023-10-30T22:40:21,060] [DEBUG] o.e.Main:103 serializeArrayList
[2023-10-30T22:40:21,061] [DEBUG] o.e.Main:103 serializeArrayList
[2023-10-30T22:40:21,063] [DEBUG] o.e.Main:103 serializeArrayList
[2023-10-30T22:40:21,064] [DEBUG] o.e.Main:103 serializeArrayList
[2023-10-30T22:40:21,065] [DEBUG] o.e.Main:103 serializeArrayList
[2023-10-30T22:40:21,066] [DEBUG] o.e.Main:103 serializeArrayList
[2023-10-30T22:40:21,067] [DEBUG] o.e.Main:103 serializeArrayList
[2023-10-30T22:40:21,067] [DEBUG] o.e.Main:103 serializeArrayList
[2023-10-30T22:40:21,082] [DEBUG] o.e.Main:103 serializeArrayList
[2023-10-30T22:40:21,083] [DEBUG] o.e.Main:103 serializeArrayList
[2023-10-30T22:40:21,092] [DEBUG] o.e.Main:103 serializeArrayList
[2023-10-30T22:40:21,096] [DEBUG] o.e.Main:103 serializeArrayList
[2023-10-30T22:40:21,096] [DEBUG] o.e.Main:103 serializeArrayList
[2023-10-30T22:40:22,133] [DEBUG] o.e.Main:103 serializeArrayList
[2023-10-30T22:40:22,193] [DEBUG] o.e.Main:103 serializeArrayList
[2023-10-30T22:40:22,195] [DEBUG] o.e.Main:103 serializeArrayList
[2023-10-30T22:40:23,001] [DEBUG] o.e.Main:103 serializeArrayList
[2023-10-30T22:40:23,808] [DEBUG] o.e.Main:103 serializeArrayList
[2023-10-30T22:40:23,811] [DEBUG] o.e.Main:103 serializeArrayList
[2023-10-30T22:40:24,605] [DEBUG] o.e.Main:103 serializeArrayList
[2023-10-30T22:40:24,609] [DEBUG] o.e.Main:103 serializeArrayList
[2023-10-30T22:40:25,412] [DEBUG] o.e.Main:103 serializeArrayList
[2023-10-30T22:40:26,246] [DEBUG] o.e.Main:103 serializeArrayList
[2023-10-30T22:40:26,254] [DEBUG] o.e.Main:103 serializeArrayList
[2023-10-30T22:40:26,256] [DEBUG] o.e.Main:103 serializeArrayList
[2023-10-30T22:40:27,029] [DEBUG] o.e.Main:103 serializeArrayList
[2023-10-30T22:40:27,839] [DEBUG] o.e.Main:103 serializeArrayList
[2023-10-30T22:40:28,641] [DEBUG] o.e.Main:69 GiftCombo Gönderildi Hand Heart state: Begin kombo say?s? : 1
[2023-10-30T22:40:29,435] [DEBUG] o.e.Main:103 serializeArrayList
[2023-10-30T22:40:29,436] [DEBUG] o.e.Main:103 serializeArrayList
[2023-10-30T22:40:29,437] [DEBUG] o.e.Main:103 serializeArrayList
[2023-10-30T22:40:30,251] [DEBUG] o.e.Main:103 serializeArrayList
[2023-10-30T22:40:30,252] [DEBUG] o.e.Main:103 serializeArrayList
[2023-10-30T22:40:31,056] [DEBUG] o.e.Main:103 serializeArrayList
[2023-10-30T22:40:32,655] [DEBUG] o.e.Main:103 serializeArrayList
[2023-10-30T22:40:34,329] [DEBUG] o.e.Main:103 serializeArrayList
[2023-10-30T22:40:34,333] [DEBUG] o.e.Main:103 serializeArrayList
[2023-10-30T22:40:35,085] [DEBUG] o.e.Main:103 serializeArrayList
[2023-10-30T22:40:35,899] [DEBUG] o.e.Main:103 serializeArrayList
[2023-10-30T22:40:35,901] [DEBUG] o.e.Main:103 serializeArrayList
[2023-10-30T22:41:34,703] [DEBUG] o.e.GiftWSClient:19 opened connection
[2023-10-30T22:41:34,708] [DEBUG] o.e.GiftWSClient:24 received: Welcome to the server!
[2023-10-30T22:41:38,973] [DEBUG] o.e.Main:103 serializeArrayList
[2023-10-30T22:41:38,984] [DEBUG] o.e.Main:103 serializeArrayList
[2023-10-30T22:41:38,984] [DEBUG] o.e.Main:103 serializeArrayList
[2023-10-30T22:41:38,985] [DEBUG] o.e.Main:103 serializeArrayList
[2023-10-30T22:41:38,986] [DEBUG] o.e.Main:103 serializeArrayList
[2023-10-30T22:41:38,987] [DEBUG] o.e.Main:103 serializeArrayList
[2023-10-30T22:41:38,989] [DEBUG] o.e.Main:103 serializeArrayList
[2023-10-30T22:41:38,990] [DEBUG] o.e.Main:103 serializeArrayList
[2023-10-30T22:41:38,991] [DEBUG] o.e.Main:103 serializeArrayList
[2023-10-30T22:41:38,992] [DEBUG] o.e.Main:103 serializeArrayList
[2023-10-30T22:41:38,994] [DEBUG] o.e.Main:103 serializeArrayList
[2023-10-30T22:41:39,002] [DEBUG] o.e.Main:103 serializeArrayList
[2023-10-30T22:41:39,003] [DEBUG] o.e.Main:103 serializeArrayList
[2023-10-30T22:41:39,004] [DEBUG] o.e.Main:103 serializeArrayList
[2023-10-30T22:41:39,005] [DEBUG] o.e.Main:103 serializeArrayList
[2023-10-30T22:41:39,428] [DEBUG] o.e.Main:103 serializeArrayList
[2023-10-30T22:41:40,042] [DEBUG] o.e.Main:103 serializeArrayList
[2023-10-30T22:41:40,044] [DEBUG] o.e.Main:103 serializeArrayList
[2023-10-30T22:41:41,634] [DEBUG] o.e.Main:103 serializeArrayList
[2023-10-30T22:41:41,637] [DEBUG] o.e.Main:103 serializeArrayList
[2023-10-30T22:41:43,250] [DEBUG] o.e.Main:103 serializeArrayList
[2023-10-30T22:41:43,251] [DEBUG] o.e.Main:103 serializeArrayList
[2023-10-30T22:41:43,253] [DEBUG] o.e.Main:103 serializeArrayList
[2023-10-30T22:41:44,031] [DEBUG] o.e.Main:103 serializeArrayList
[2023-10-30T22:41:44,035] [DEBUG] o.e.Main:103 serializeArrayList
[2023-10-30T22:41:45,645] [DEBUG] o.e.Main:103 serializeArrayList
[2023-10-30T22:41:47,276] [DEBUG] o.e.Main:103 serializeArrayList
[2023-10-30T22:41:47,278] [DEBUG] o.e.Main:103 serializeArrayList
[2023-10-30T22:41:48,860] [DEBUG] o.e.Main:103 serializeArrayList
[2023-10-30T22:41:48,863] [DEBUG] o.e.Main:103 serializeArrayList
[2023-10-30T22:41:49,715] [DEBUG] o.e.Main:103 serializeArrayList
[2023-10-30T22:41:49,716] [DEBUG] o.e.Main:103 serializeArrayList
[2023-10-30T22:41:50,458] [DEBUG] o.e.Main:103 serializeArrayList
[2023-10-30T22:41:50,462] [DEBUG] o.e.Main:103 serializeArrayList
[2023-10-30T22:41:51,255] [DEBUG] o.e.Main:103 serializeArrayList
[2023-10-30T22:41:51,258] [DEBUG] o.e.Main:103 serializeArrayList
[2023-10-30T22:41:52,101] [DEBUG] o.e.Main:103 serializeArrayList
[2023-10-30T22:41:52,102] [DEBUG] o.e.Main:103 serializeArrayList
[2023-10-30T22:41:52,867] [DEBUG] o.e.Main:103 serializeArrayList
[2023-10-30T22:41:54,488] [DEBUG] o.e.Main:103 serializeArrayList
[2023-10-30T22:41:54,490] [DEBUG] o.e.Main:103 serializeArrayList
[2023-10-30T22:41:54,491] [DEBUG] o.e.Main:103 serializeArrayList
[2023-10-30T22:41:55,300] [DEBUG] o.e.Main:103 serializeArrayList
[2023-10-30T22:41:57,744] [DEBUG] o.e.Main:103 serializeArrayList
[2023-10-30T22:41:57,745] [DEBUG] o.e.Main:103 serializeArrayList
[2023-10-30T22:41:58,560] [DEBUG] o.e.Main:103 serializeArrayList
[2023-10-30T22:41:59,324] [DEBUG] o.e.Main:103 serializeArrayList
[2023-10-30T22:41:59,325] [DEBUG] o.e.Main:103 serializeArrayList
[2023-10-30T22:41:59,325] [DEBUG] o.e.Main:103 serializeArrayList
[2023-10-30T22:42:00,127] [DEBUG] o.e.Main:103 serializeArrayList
[2023-10-30T22:42:00,128] [DEBUG] o.e.Main:103 serializeArrayList
[2023-10-30T22:42:00,130] [DEBUG] o.e.Main:103 serializeArrayList
[2023-10-30T22:42:00,936] [DEBUG] o.e.Main:103 serializeArrayList
[2023-10-30T22:42:00,939] [DEBUG] o.e.Main:103 serializeArrayList
[2023-10-30T22:42:17,929] [DEBUG] o.e.GiftWSClient:19 opened connection
[2023-10-30T22:42:17,933] [DEBUG] o.e.GiftWSClient:24 received: Welcome to the server!
[2023-10-30T22:42:21,814] [DEBUG] o.e.Main:103 serializeArrayList
[2023-10-30T22:42:21,837] [DEBUG] o.e.Main:103 serializeArrayList
[2023-10-30T22:42:21,838] [DEBUG] o.e.Main:103 serializeArrayList
[2023-10-30T22:42:21,839] [DEBUG] o.e.Main:103 serializeArrayList
[2023-10-30T22:42:21,840] [DEBUG] o.e.Main:103 serializeArrayList
[2023-10-30T22:42:21,841] [DEBUG] o.e.Main:103 serializeArrayList
[2023-10-30T22:42:21,844] [DEBUG] o.e.Main:103 serializeArrayList
[2023-10-30T22:42:21,845] [DEBUG] o.e.Main:103 serializeArrayList
[2023-10-30T22:42:21,846] [DEBUG] o.e.Main:103 serializeArrayList
[2023-10-30T22:42:21,847] [DEBUG] o.e.Main:103 serializeArrayList
[2023-10-30T22:42:21,864] [DEBUG] o.e.Main:103 serializeArrayList
[2023-10-30T22:42:21,869] [DEBUG] o.e.Main:103 serializeArrayList
[2023-10-30T22:42:21,870] [DEBUG] o.e.Main:103 serializeArrayList
[2023-10-30T22:42:22,894] [DEBUG] o.e.Main:103 serializeArrayList
[2023-10-30T22:42:23,355] [DEBUG] o.e.Main:103 serializeArrayList
[2023-10-30T22:42:24,153] [DEBUG] o.e.Main:103 serializeArrayList
[2023-10-30T22:42:24,156] [DEBUG] o.e.Main:103 serializeArrayList
[2023-10-30T22:42:24,160] [DEBUG] o.e.Main:103 serializeArrayList
[2023-10-30T22:42:24,981] [DEBUG] o.e.Main:103 serializeArrayList
[2023-10-30T22:42:24,983] [DEBUG] o.e.Main:103 serializeArrayList
[2023-10-30T22:42:25,759] [DEBUG] o.e.Main:103 serializeArrayList
[2023-10-30T22:42:25,761] [DEBUG] o.e.Main:103 serializeArrayList
[2023-10-30T22:42:26,562] [DEBUG] o.e.Main:103 serializeArrayList
[2023-10-30T22:42:26,564] [DEBUG] o.e.Main:103 serializeArrayList
