[2023-11-08T19:20:19,378] [DEBUG] c.e.t.Launcher:9 Uygulama açılıyor
[2023-11-08T19:20:19,391] [DEBUG] c.e.t.TikTokRace:22 Gift Server Başlatılıyor Port 8787
[2023-11-08T19:20:19,787] [DEBUG] c.e.t.TikTokRace:34 Options Ekranı yükleniyor
[2023-11-08T19:20:20,149] [DEBUG] c.e.t.RaceSettingsController:234 RaceSetting initialize
[2023-11-08T19:20:20,149] [DEBUG] c.e.t.RaceSettingsController:242 EditGiftComboBox
[2023-11-08T19:20:20,150] [DEBUG] c.e.t.Gift:62 Gift Listesi Parse Ediliyor
[2023-11-08T19:20:31,932] [DEBUG] c.e.t.RaceSettingsController:281 Yarışma Başladı-startRaceAction
[2023-11-08T19:20:32,052] [DEBUG] c.e.t.u.XMLUtils:38 XML belgesi oluşturuldu.
[2023-11-08T19:20:32,054] [DEBUG] c.e.t.RaceSettingsController:338 3 takımlı yarışma başlatılıyor
[2023-11-08T19:20:32,054] [DEBUG] c.e.t.u.RunWSController:22 Tiktok ws socket başlatılıyor : yayın ismi mehmetalierbilofficial, port 8787
[2023-11-08T19:20:32,193] [DEBUG] c.e.t.u.RunWSController:29 Başlatılan İşlem PID: 22944
[2023-11-08T19:20:32,223] [DEBUG] c.e.t.RaceSettingsController:596 Get ComboBox Gifts
[2023-11-08T19:20:32,224] [DEBUG] c.e.t.RaceSettingsController:596 Get ComboBox Gifts
[2023-11-08T19:20:32,224] [DEBUG] c.e.t.RaceSettingsController:596 Get ComboBox Gifts
[2023-11-08T19:20:32,224] [DEBUG] c.e.t.ThreeTeamsController:108 3 takımlı yarış display
[2023-11-08T19:20:32,224] [DEBUG] c.e.t.ThreeTeamsController:237 editFolders
[2023-11-08T19:20:32,226] [DEBUG] c.e.t.Gift:62 Gift Listesi Parse Ediliyor
[2023-11-08T19:20:32,231] [DEBUG] c.e.t.u.MediaPlayerUtils:81 teamGifts
[2023-11-08T19:20:32,235] [DEBUG] c.e.t.u.MediaPlayerUtils:81 teamGifts
[2023-11-08T19:20:32,236] [DEBUG] c.e.t.u.MediaPlayerUtils:81 teamGifts
[2023-11-08T19:20:32,236] [DEBUG] c.e.t.ThreeTeamsController:230 editHBoxes
[2023-11-08T19:20:32,236] [DEBUG] c.e.t.u.MediaPlayerUtils:98 CreateGiftsHBOX
[2023-11-08T19:20:32,237] [DEBUG] c.e.t.Gift:94 Linkten Resim
[2023-11-08T19:20:32,238] [DEBUG] c.e.t.Gift:116 PNG resim yükleniyor : https://storage.streamdps.com/iblock/f59/f5902abbd13178017285a308606fd0dd/cf6a40558018965a8171cf5a575dd9de.png
[2023-11-08T19:20:32,833] [DEBUG] c.e.t.u.MediaPlayerUtils:105 createImageView
[2023-11-08T19:20:32,837] [DEBUG] c.e.t.Gift:94 Linkten Resim
[2023-11-08T19:20:32,837] [DEBUG] c.e.t.Gift:116 PNG resim yükleniyor : https://storage.streamdps.com/iblock/b36/b36bb8c332ade25b2e591cd3ed164a99/a06c10f4dc562c24f4f5b6812b9fa01f.png
[2023-11-08T19:20:32,933] [DEBUG] c.e.t.u.MediaPlayerUtils:105 createImageView
[2023-11-08T19:20:32,933] [DEBUG] c.e.t.Gift:94 Linkten Resim
[2023-11-08T19:20:32,934] [DEBUG] c.e.t.Gift:116 PNG resim yükleniyor : https://storage.streamdps.com/iblock/688/688f0c350f9cd9751cb02659f4ab105e/2b2d66c2f9767fc8332ee1b5ba0c1057.png
[2023-11-08T19:20:33,011] [DEBUG] c.e.t.u.MediaPlayerUtils:105 createImageView
[2023-11-08T19:20:33,011] [DEBUG] c.e.t.Gift:94 Linkten Resim
[2023-11-08T19:20:33,012] [DEBUG] c.e.t.Gift:116 PNG resim yükleniyor : https://storage.streamdps.com/iblock/6a0/6a0b418bc4ae8f04be3194c88389e9e7/bf071c7cc84cf3aac6435adbd222f577.png
[2023-11-08T19:20:33,082] [DEBUG] c.e.t.u.MediaPlayerUtils:105 createImageView
[2023-11-08T19:20:33,083] [DEBUG] c.e.t.u.MediaPlayerUtils:98 CreateGiftsHBOX
[2023-11-08T19:20:33,083] [DEBUG] c.e.t.Gift:94 Linkten Resim
[2023-11-08T19:20:33,083] [DEBUG] c.e.t.Gift:116 PNG resim yükleniyor : https://storage.streamdps.com/iblock/232/232e2afc8e6c022c5c78df18cf196663/f2ba6300ef54121763648a60d465eef5.png
[2023-11-08T19:20:33,171] [DEBUG] c.e.t.u.MediaPlayerUtils:105 createImageView
[2023-11-08T19:20:33,171] [DEBUG] c.e.t.Gift:94 Linkten Resim
[2023-11-08T19:20:33,171] [DEBUG] c.e.t.Gift:116 PNG resim yükleniyor : https://storage.streamdps.com/iblock/4e3/4e341b08230703a6f09ba3234c3fe717/3854ed8e881ebbe5208882602b30cf88.png
[2023-11-08T19:20:33,245] [DEBUG] c.e.t.u.MediaPlayerUtils:105 createImageView
[2023-11-08T19:20:33,246] [DEBUG] c.e.t.Gift:94 Linkten Resim
[2023-11-08T19:20:33,246] [DEBUG] c.e.t.Gift:116 PNG resim yükleniyor : https://storage.streamdps.com/iblock/46d/46d0f497391a934d27d9b993f444d8b2/121af719b172eed61d8a75c1b1341c9d.png
[2023-11-08T19:20:33,645] [DEBUG] c.e.t.GiftServer:27 0:0:0:0:0:0:0:1 entered the room!
[2023-11-08T19:20:33,747] [DEBUG] c.e.t.u.MediaPlayerUtils:105 createImageView
[2023-11-08T19:20:33,747] [DEBUG] c.e.t.Gift:94 Linkten Resim
[2023-11-08T19:20:33,747] [DEBUG] c.e.t.Gift:116 PNG resim yükleniyor : https://storage.streamdps.com/iblock/0c4/0c446fb276fafbb0f0d5e3abfedf2510/f4bbea9d03b1453bd37d571282334f1b.png
[2023-11-08T19:20:33,829] [DEBUG] c.e.t.u.MediaPlayerUtils:105 createImageView
[2023-11-08T19:20:33,830] [DEBUG] c.e.t.u.MediaPlayerUtils:98 CreateGiftsHBOX
[2023-11-08T19:20:33,830] [DEBUG] c.e.t.Gift:94 Linkten Resim
[2023-11-08T19:20:33,830] [DEBUG] c.e.t.Gift:116 PNG resim yükleniyor : https://storage.streamdps.com/iblock/50f/50f8e7cf26128a6e10d0b792019c1303/94aa2d574cfe6e3893c087cfb5a5efcd.png
[2023-11-08T19:20:33,899] [DEBUG] c.e.t.u.MediaPlayerUtils:105 createImageView
[2023-11-08T19:20:33,900] [DEBUG] c.e.t.Gift:94 Linkten Resim
[2023-11-08T19:20:33,900] [DEBUG] c.e.t.Gift:116 PNG resim yükleniyor : https://storage.streamdps.com/iblock/702/702e6d0287a1e868c69fbe2f6b3635a6/7a7a82b571ba63ccd3ca514c887b3130.png
[2023-11-08T19:20:34,030] [DEBUG] c.e.t.u.MediaPlayerUtils:105 createImageView
[2023-11-08T19:20:34,031] [DEBUG] c.e.t.Gift:94 Linkten Resim
[2023-11-08T19:20:34,032] [DEBUG] c.e.t.Gift:116 PNG resim yükleniyor : https://storage.streamdps.com/iblock/440/4402267722e227b72adc97db92504b75/ae0f562146e701f32ae96761ac67c5cc.png
[2023-11-08T19:20:34,100] [DEBUG] c.e.t.u.MediaPlayerUtils:105 createImageView
[2023-11-08T19:20:34,100] [DEBUG] c.e.t.Gift:94 Linkten Resim
[2023-11-08T19:20:34,101] [DEBUG] c.e.t.Gift:116 PNG resim yükleniyor : https://storage.streamdps.com/iblock/531/5313a4ca89a7c7588a88898c8f1e9053/dab85392562772099474a050c251d340.png
[2023-11-08T19:20:34,203] [DEBUG] c.e.t.u.MediaPlayerUtils:105 createImageView
[2023-11-08T19:20:34,203] [DEBUG] c.e.t.ThreeTeamsController:184 editVideos
[2023-11-08T19:20:34,204] [DEBUG] c.e.t.u.MediaPlayerUtils:59 getVideo
[2023-11-08T19:20:34,296] [DEBUG] c.e.t.u.MediaPlayerUtils:59 getVideo
[2023-11-08T19:20:34,300] [DEBUG] c.e.t.u.MediaPlayerUtils:59 getVideo
[2023-11-08T19:20:34,306] [DEBUG] c.e.t.ThreeTeamsController:141 createMusicPlayers
[2023-11-08T19:20:34,306] [DEBUG] c.e.t.u.MediaPlayerUtils:31 create volume files
[2023-11-08T19:20:34,313] [DEBUG] c.e.t.u.MediaPlayerUtils:31 create volume files
[2023-11-08T19:20:34,317] [DEBUG] c.e.t.u.MediaPlayerUtils:31 create volume files
[2023-11-08T19:20:34,320] [DEBUG] c.e.t.ThreeTeamsController:148 editMusicPlayers
[2023-11-08T19:20:34,320] [DEBUG] c.e.t.ThreeTeamsController:155 editMusicPlayers
[2023-11-08T19:20:34,321] [DEBUG] c.e.t.ThreeTeamsController:155 editMusicPlayers
[2023-11-08T19:20:34,321] [DEBUG] c.e.t.ThreeTeamsController:155 editMusicPlayers
[2023-11-08T19:20:34,321] [DEBUG] c.e.t.ThreeTeamsController:173 startNeutralMusic
[2023-11-08T19:20:34,375] [DEBUG] c.e.t.ThreeTeamsController:134 createTimelineTeams
[2023-11-08T19:20:34,376] [DEBUG] c.e.t.u.MediaPlayerUtils:31 create volume files
[2023-11-08T19:20:34,385] [DEBUG] c.e.t.u.MediaPlayerUtils:31 create volume files
[2023-11-08T19:20:34,395] [DEBUG] c.e.t.u.MediaPlayerUtils:31 create volume files
[2023-11-08T19:20:35,446] [ERROR] c.e.t.ThreeTeamsController:208 2Videoda hata
[2023-11-08T19:20:35,455] [DEBUG] c.e.t.u.MediaPlayerUtils:59 getVideo
[2023-11-08T19:20:44,190] [DEBUG] c.e.t.ThreeTeamsController:316 Gift : Rose Gift Toplam Miktari : 1
[2023-11-08T19:20:44,192] [DEBUG] c.e.t.ThreeTeamsController:330 Takım Değişti Team1
[2023-11-08T19:20:45,034] [DEBUG] c.e.t.ThreeTeamsController:316 Gift : Rose Gift Toplam Miktari : 1
[2023-11-08T19:20:56,295] [DEBUG] c.e.t.ThreeTeamsController:316 Gift : Little Crown Gift Toplam Miktari : 99
[2023-11-08T19:20:56,295] [DEBUG] c.e.t.ThreeTeamsController:433 Farklı Gift
[2023-11-08T19:21:01,932] [DEBUG] c.e.t.ThreeTeamsController:316 Gift : Rose Gift Toplam Miktari : 1
[2023-11-08T19:21:03,361] [DEBUG] c.e.t.ThreeTeamsController:316 Gift : Rose Gift Toplam Miktari : 1
[2023-11-08T19:21:06,574] [DEBUG] c.e.t.ThreeTeamsController:316 Gift : Rose Gift Toplam Miktari : 1
[2023-11-08T19:21:08,485] [DEBUG] c.e.t.ThreeTeamsController:316 Gift : Rose Gift Toplam Miktari : 1
[2023-11-08T19:21:11,025] [DEBUG] c.e.t.ThreeTeamsController:316 Gift : Rose Gift Toplam Miktari : 1
[2023-11-08T19:21:12,661] [DEBUG] c.e.t.ThreeTeamsController:316 Gift : Rose Gift Toplam Miktari : 1
[2023-11-08T19:21:12,663] [DEBUG] c.e.t.ThreeTeamsController:316 Gift : Rose Gift Toplam Miktari : 1
[2023-11-08T19:21:16,099] [DEBUG] c.e.t.ThreeTeamsController:316 Gift : Rose Gift Toplam Miktari : 2
[2023-11-08T19:21:18,415] [DEBUG] c.e.t.ThreeTeamsController:316 Gift : Rose Gift Toplam Miktari : 2
[2023-11-08T19:21:20,044] [DEBUG] c.e.t.ThreeTeamsController:316 Gift : Rose Gift Toplam Miktari : 1
[2023-11-08T19:21:22,515] [DEBUG] c.e.t.ThreeTeamsController:316 Gift : Rose Gift Toplam Miktari : 1
[2023-11-08T19:21:22,516] [DEBUG] c.e.t.ThreeTeamsController:316 Gift : Rose Gift Toplam Miktari : 1
[2023-11-08T19:21:24,595] [DEBUG] c.e.t.RaceSettingsController:608 Yarışma Bitirme Butonuna Basıldı
[2023-11-08T19:21:24,595] [DEBUG] c.e.t.ThreeTeamsController:529 finishRace
[2023-11-08T19:21:24,627] [DEBUG] c.e.t.u.MediaPlayerUtils:59 getVideo
[2023-11-08T19:21:26,570] [DEBUG] c.e.t.RaceSettingsController:362 Yarışma Kapatma isteği geldi
[2023-11-08T19:21:26,570] [DEBUG] c.e.t.ThreeTeamsController:471 Kapatma isteği
[2023-11-08T19:21:26,571] [DEBUG] c.e.t.GiftServer:70 addCloseMessageBlockingQueue
[2023-11-08T19:21:26,571] [DEBUG] c.e.t.ThreeTeamsController:298 ArrayListe close mesajı geldi
[2023-11-08T19:21:26,571] [DEBUG] c.e.t.ThreeTeamsController:441 While Döngüsünden cikis yapildi
[2023-11-08T19:21:26,682] [DEBUG] c.e.t.u.RunWSController:35 TiktokWS Kapatılıyor : 22944
[2023-11-08T19:21:26,806] [DEBUG] c.e.t.u.RunWSController:41 İşlem başarıyla sonlandırıldı.
[2023-11-08T19:21:26,820] [DEBUG] c.e.t.GiftServer:33 org.java_websocket.WebSocketImpl@23daa7f6 has left the room!
[2023-11-08T19:21:28,181] [DEBUG] c.e.t.RaceSettingsController:281 Yarışma Başladı-startRaceAction
[2023-11-08T19:21:28,185] [DEBUG] c.e.t.u.XMLUtils:38 XML belgesi oluşturuldu.
[2023-11-08T19:21:28,185] [DEBUG] c.e.t.RaceSettingsController:338 3 takımlı yarışma başlatılıyor
[2023-11-08T19:21:28,185] [DEBUG] c.e.t.u.RunWSController:22 Tiktok ws socket başlatılıyor : yayın ismi mehmetalierbilofficial, port 8787
[2023-11-08T19:21:28,189] [DEBUG] c.e.t.u.RunWSController:29 Başlatılan İşlem PID: 5248
[2023-11-08T19:21:28,209] [DEBUG] c.e.t.RaceSettingsController:596 Get ComboBox Gifts
[2023-11-08T19:21:28,210] [DEBUG] c.e.t.RaceSettingsController:596 Get ComboBox Gifts
[2023-11-08T19:21:28,210] [DEBUG] c.e.t.RaceSettingsController:596 Get ComboBox Gifts
[2023-11-08T19:21:28,210] [DEBUG] c.e.t.ThreeTeamsController:108 3 takımlı yarış display
[2023-11-08T19:21:28,210] [DEBUG] c.e.t.ThreeTeamsController:237 editFolders
[2023-11-08T19:21:28,210] [DEBUG] c.e.t.Gift:62 Gift Listesi Parse Ediliyor
[2023-11-08T19:21:28,220] [DEBUG] c.e.t.u.MediaPlayerUtils:81 teamGifts
[2023-11-08T19:21:28,220] [DEBUG] c.e.t.u.MediaPlayerUtils:81 teamGifts
[2023-11-08T19:21:28,221] [DEBUG] c.e.t.u.MediaPlayerUtils:81 teamGifts
[2023-11-08T19:21:28,221] [DEBUG] c.e.t.ThreeTeamsController:230 editHBoxes
[2023-11-08T19:21:28,221] [DEBUG] c.e.t.u.MediaPlayerUtils:98 CreateGiftsHBOX
[2023-11-08T19:21:28,222] [DEBUG] c.e.t.Gift:94 Linkten Resim
[2023-11-08T19:21:28,222] [DEBUG] c.e.t.Gift:116 PNG resim yükleniyor : https://storage.streamdps.com/iblock/f59/f5902abbd13178017285a308606fd0dd/cf6a40558018965a8171cf5a575dd9de.png
[2023-11-08T19:21:28,301] [DEBUG] c.e.t.u.MediaPlayerUtils:105 createImageView
[2023-11-08T19:21:28,301] [DEBUG] c.e.t.Gift:94 Linkten Resim
[2023-11-08T19:21:28,302] [DEBUG] c.e.t.Gift:116 PNG resim yükleniyor : https://storage.streamdps.com/iblock/b36/b36bb8c332ade25b2e591cd3ed164a99/a06c10f4dc562c24f4f5b6812b9fa01f.png
[2023-11-08T19:21:28,324] [DEBUG] c.e.t.u.MediaPlayerUtils:105 createImageView
[2023-11-08T19:21:28,325] [DEBUG] c.e.t.Gift:94 Linkten Resim
[2023-11-08T19:21:28,325] [DEBUG] c.e.t.Gift:116 PNG resim yükleniyor : https://storage.streamdps.com/iblock/688/688f0c350f9cd9751cb02659f4ab105e/2b2d66c2f9767fc8332ee1b5ba0c1057.png
[2023-11-08T19:21:28,348] [DEBUG] c.e.t.u.MediaPlayerUtils:105 createImageView
[2023-11-08T19:21:28,349] [DEBUG] c.e.t.Gift:94 Linkten Resim
[2023-11-08T19:21:28,349] [DEBUG] c.e.t.Gift:116 PNG resim yükleniyor : https://storage.streamdps.com/iblock/6a0/6a0b418bc4ae8f04be3194c88389e9e7/bf071c7cc84cf3aac6435adbd222f577.png
[2023-11-08T19:21:28,371] [DEBUG] c.e.t.u.MediaPlayerUtils:105 createImageView
[2023-11-08T19:21:28,371] [DEBUG] c.e.t.u.MediaPlayerUtils:98 CreateGiftsHBOX
[2023-11-08T19:21:28,372] [DEBUG] c.e.t.Gift:94 Linkten Resim
[2023-11-08T19:21:28,372] [DEBUG] c.e.t.Gift:116 PNG resim yükleniyor : https://storage.streamdps.com/iblock/232/232e2afc8e6c022c5c78df18cf196663/f2ba6300ef54121763648a60d465eef5.png
[2023-11-08T19:21:28,396] [DEBUG] c.e.t.u.MediaPlayerUtils:105 createImageView
[2023-11-08T19:21:28,396] [DEBUG] c.e.t.Gift:94 Linkten Resim
[2023-11-08T19:21:28,396] [DEBUG] c.e.t.Gift:116 PNG resim yükleniyor : https://storage.streamdps.com/iblock/4e3/4e341b08230703a6f09ba3234c3fe717/3854ed8e881ebbe5208882602b30cf88.png
[2023-11-08T19:21:28,421] [DEBUG] c.e.t.u.MediaPlayerUtils:105 createImageView
[2023-11-08T19:21:28,421] [DEBUG] c.e.t.Gift:94 Linkten Resim
[2023-11-08T19:21:28,422] [DEBUG] c.e.t.Gift:116 PNG resim yükleniyor : https://storage.streamdps.com/iblock/46d/46d0f497391a934d27d9b993f444d8b2/121af719b172eed61d8a75c1b1341c9d.png
[2023-11-08T19:21:28,454] [DEBUG] c.e.t.u.MediaPlayerUtils:105 createImageView
[2023-11-08T19:21:28,454] [DEBUG] c.e.t.Gift:94 Linkten Resim
[2023-11-08T19:21:28,454] [DEBUG] c.e.t.Gift:116 PNG resim yükleniyor : https://storage.streamdps.com/iblock/0c4/0c446fb276fafbb0f0d5e3abfedf2510/f4bbea9d03b1453bd37d571282334f1b.png
[2023-11-08T19:21:28,480] [DEBUG] c.e.t.u.MediaPlayerUtils:105 createImageView
[2023-11-08T19:21:28,481] [DEBUG] c.e.t.u.MediaPlayerUtils:98 CreateGiftsHBOX
[2023-11-08T19:21:28,481] [DEBUG] c.e.t.Gift:94 Linkten Resim
[2023-11-08T19:21:28,481] [DEBUG] c.e.t.Gift:116 PNG resim yükleniyor : https://storage.streamdps.com/iblock/50f/50f8e7cf26128a6e10d0b792019c1303/94aa2d574cfe6e3893c087cfb5a5efcd.png
[2023-11-08T19:21:28,509] [DEBUG] c.e.t.u.MediaPlayerUtils:105 createImageView
[2023-11-08T19:21:28,509] [DEBUG] c.e.t.Gift:94 Linkten Resim
[2023-11-08T19:21:28,509] [DEBUG] c.e.t.Gift:116 PNG resim yükleniyor : https://storage.streamdps.com/iblock/702/702e6d0287a1e868c69fbe2f6b3635a6/7a7a82b571ba63ccd3ca514c887b3130.png
[2023-11-08T19:21:28,532] [DEBUG] c.e.t.u.MediaPlayerUtils:105 createImageView
[2023-11-08T19:21:28,533] [DEBUG] c.e.t.Gift:94 Linkten Resim
[2023-11-08T19:21:28,533] [DEBUG] c.e.t.Gift:116 PNG resim yükleniyor : https://storage.streamdps.com/iblock/440/4402267722e227b72adc97db92504b75/ae0f562146e701f32ae96761ac67c5cc.png
[2023-11-08T19:21:28,557] [DEBUG] c.e.t.u.MediaPlayerUtils:105 createImageView
[2023-11-08T19:21:28,557] [DEBUG] c.e.t.Gift:94 Linkten Resim
[2023-11-08T19:21:28,557] [DEBUG] c.e.t.Gift:116 PNG resim yükleniyor : https://storage.streamdps.com/iblock/531/5313a4ca89a7c7588a88898c8f1e9053/dab85392562772099474a050c251d340.png
[2023-11-08T19:21:28,580] [DEBUG] c.e.t.u.MediaPlayerUtils:105 createImageView
[2023-11-08T19:21:28,580] [DEBUG] c.e.t.ThreeTeamsController:184 editVideos
[2023-11-08T19:21:28,580] [DEBUG] c.e.t.u.MediaPlayerUtils:59 getVideo
[2023-11-08T19:21:28,585] [DEBUG] c.e.t.u.MediaPlayerUtils:59 getVideo
[2023-11-08T19:21:28,588] [DEBUG] c.e.t.u.MediaPlayerUtils:59 getVideo
[2023-11-08T19:21:28,591] [DEBUG] c.e.t.ThreeTeamsController:141 createMusicPlayers
[2023-11-08T19:21:28,592] [DEBUG] c.e.t.u.MediaPlayerUtils:31 create volume files
[2023-11-08T19:21:28,598] [DEBUG] c.e.t.u.MediaPlayerUtils:31 create volume files
[2023-11-08T19:21:28,611] [DEBUG] c.e.t.u.MediaPlayerUtils:31 create volume files
[2023-11-08T19:21:28,615] [DEBUG] c.e.t.ThreeTeamsController:148 editMusicPlayers
[2023-11-08T19:21:28,615] [DEBUG] c.e.t.ThreeTeamsController:155 editMusicPlayers
[2023-11-08T19:21:28,615] [DEBUG] c.e.t.ThreeTeamsController:155 editMusicPlayers
[2023-11-08T19:21:28,615] [DEBUG] c.e.t.ThreeTeamsController:155 editMusicPlayers
[2023-11-08T19:21:28,616] [DEBUG] c.e.t.ThreeTeamsController:173 startNeutralMusic
[2023-11-08T19:21:28,624] [DEBUG] c.e.t.ThreeTeamsController:134 createTimelineTeams
[2023-11-08T19:21:28,625] [DEBUG] c.e.t.u.MediaPlayerUtils:31 create volume files
[2023-11-08T19:21:28,632] [DEBUG] c.e.t.u.MediaPlayerUtils:31 create volume files
[2023-11-08T19:21:28,635] [DEBUG] c.e.t.u.MediaPlayerUtils:31 create volume files
[2023-11-08T19:21:28,808] [DEBUG] c.e.t.GiftServer:27 0:0:0:0:0:0:0:1 entered the room!
[2023-11-08T19:21:29,126] [ERROR] c.e.t.ThreeTeamsController:219 3Videoda hata
[2023-11-08T19:21:29,138] [DEBUG] c.e.t.u.MediaPlayerUtils:59 getVideo
[2023-11-08T19:21:34,288] [DEBUG] c.e.t.ThreeTeamsController:316 Gift : Rose Gift Toplam Miktari : 1
[2023-11-08T19:21:34,289] [DEBUG] c.e.t.ThreeTeamsController:330 Takım Değişti Team1
[2023-11-08T19:21:34,316] [DEBUG] c.e.t.ThreeTeamsController:316 Gift : Little Crown Gift Toplam Miktari : 99
[2023-11-08T19:21:34,317] [DEBUG] c.e.t.ThreeTeamsController:433 Farklı Gift
[2023-11-08T19:21:46,473] [DEBUG] c.e.t.ThreeTeamsController:316 Gift : Rose Gift Toplam Miktari : 1
[2023-11-08T19:21:53,641] [DEBUG] c.e.t.ThreeTeamsController:316 Gift : Rose Gift Toplam Miktari : 1
[2023-11-08T19:21:55,282] [DEBUG] c.e.t.ThreeTeamsController:316 Gift : Rose Gift Toplam Miktari : 1
[2023-11-08T19:21:56,919] [DEBUG] c.e.t.ThreeTeamsController:316 Gift : Rose Gift Toplam Miktari : 1
[2023-11-08T19:21:58,453] [DEBUG] c.e.t.ThreeTeamsController:316 Gift : Rose Gift Toplam Miktari : 1
[2023-11-08T19:22:11,360] [DEBUG] c.e.t.ThreeTeamsController:316 Gift : Rose Gift Toplam Miktari : 2
[2023-11-08T19:22:18,628] [DEBUG] c.e.t.ThreeTeamsController:316 Gift : Ice Cream Cone Gift Toplam Miktari : 9
[2023-11-08T19:22:18,629] [DEBUG] c.e.t.ThreeTeamsController:433 Farklı Gift
[2023-11-08T19:22:18,629] [DEBUG] c.e.t.ThreeTeamsController:316 Gift : Rose Gift Toplam Miktari : 2
[2023-11-08T19:22:32,352] [DEBUG] c.e.t.ThreeTeamsController:316 Gift : Rose Gift Toplam Miktari : 1
[2023-11-08T19:22:52,422] [DEBUG] c.e.t.RaceSettingsController:608 Yarışma Bitirme Butonuna Basıldı
[2023-11-08T19:22:52,422] [DEBUG] c.e.t.ThreeTeamsController:529 finishRace
[2023-11-08T19:22:52,449] [DEBUG] c.e.t.u.MediaPlayerUtils:59 getVideo
[2023-11-08T19:22:54,717] [DEBUG] c.e.t.RaceSettingsController:362 Yarışma Kapatma isteği geldi
[2023-11-08T19:22:54,718] [DEBUG] c.e.t.ThreeTeamsController:471 Kapatma isteği
[2023-11-08T19:22:54,718] [DEBUG] c.e.t.GiftServer:70 addCloseMessageBlockingQueue
[2023-11-08T19:22:54,718] [DEBUG] c.e.t.ThreeTeamsController:298 ArrayListe close mesajı geldi
[2023-11-08T19:22:54,718] [DEBUG] c.e.t.ThreeTeamsController:441 While Döngüsünden cikis yapildi
[2023-11-08T19:22:54,810] [DEBUG] c.e.t.u.RunWSController:35 TiktokWS Kapatılıyor : 5248
[2023-11-08T19:22:54,957] [DEBUG] c.e.t.u.RunWSController:41 İşlem başarıyla sonlandırıldı.
[2023-11-08T19:22:54,972] [DEBUG] c.e.t.GiftServer:33 org.java_websocket.WebSocketImpl@a954f38 has left the room!
[2023-11-08T19:22:56,193] [DEBUG] c.e.t.RaceSettingsController:281 Yarışma Başladı-startRaceAction
[2023-11-08T19:22:56,197] [DEBUG] c.e.t.u.XMLUtils:38 XML belgesi oluşturuldu.
[2023-11-08T19:22:56,197] [DEBUG] c.e.t.RaceSettingsController:338 3 takımlı yarışma başlatılıyor
[2023-11-08T19:22:56,197] [DEBUG] c.e.t.u.RunWSController:22 Tiktok ws socket başlatılıyor : yayın ismi mehmetalierbilofficial, port 8787
[2023-11-08T19:22:56,201] [DEBUG] c.e.t.u.RunWSController:29 Başlatılan İşlem PID: 5708
[2023-11-08T19:22:56,218] [DEBUG] c.e.t.RaceSettingsController:596 Get ComboBox Gifts
[2023-11-08T19:22:56,218] [DEBUG] c.e.t.RaceSettingsController:596 Get ComboBox Gifts
[2023-11-08T19:22:56,218] [DEBUG] c.e.t.RaceSettingsController:596 Get ComboBox Gifts
[2023-11-08T19:22:56,218] [DEBUG] c.e.t.ThreeTeamsController:108 3 takımlı yarış display
[2023-11-08T19:22:56,218] [DEBUG] c.e.t.ThreeTeamsController:237 editFolders
[2023-11-08T19:22:56,219] [DEBUG] c.e.t.Gift:62 Gift Listesi Parse Ediliyor
[2023-11-08T19:22:56,224] [DEBUG] c.e.t.u.MediaPlayerUtils:81 teamGifts
[2023-11-08T19:22:56,224] [DEBUG] c.e.t.u.MediaPlayerUtils:81 teamGifts
[2023-11-08T19:22:56,224] [DEBUG] c.e.t.u.MediaPlayerUtils:81 teamGifts
[2023-11-08T19:22:56,224] [DEBUG] c.e.t.ThreeTeamsController:230 editHBoxes
[2023-11-08T19:22:56,224] [DEBUG] c.e.t.u.MediaPlayerUtils:98 CreateGiftsHBOX
[2023-11-08T19:22:56,224] [DEBUG] c.e.t.Gift:94 Linkten Resim
[2023-11-08T19:22:56,224] [DEBUG] c.e.t.Gift:116 PNG resim yükleniyor : https://storage.streamdps.com/iblock/f59/f5902abbd13178017285a308606fd0dd/cf6a40558018965a8171cf5a575dd9de.png
[2023-11-08T19:22:56,291] [DEBUG] c.e.t.u.MediaPlayerUtils:105 createImageView
[2023-11-08T19:22:56,291] [DEBUG] c.e.t.Gift:94 Linkten Resim
[2023-11-08T19:22:56,291] [DEBUG] c.e.t.Gift:116 PNG resim yükleniyor : https://storage.streamdps.com/iblock/b36/b36bb8c332ade25b2e591cd3ed164a99/a06c10f4dc562c24f4f5b6812b9fa01f.png
[2023-11-08T19:22:56,315] [DEBUG] c.e.t.u.MediaPlayerUtils:105 createImageView
[2023-11-08T19:22:56,316] [DEBUG] c.e.t.Gift:94 Linkten Resim
[2023-11-08T19:22:56,316] [DEBUG] c.e.t.Gift:116 PNG resim yükleniyor : https://storage.streamdps.com/iblock/688/688f0c350f9cd9751cb02659f4ab105e/2b2d66c2f9767fc8332ee1b5ba0c1057.png
[2023-11-08T19:22:56,338] [DEBUG] c.e.t.u.MediaPlayerUtils:105 createImageView
[2023-11-08T19:22:56,338] [DEBUG] c.e.t.Gift:94 Linkten Resim
[2023-11-08T19:22:56,339] [DEBUG] c.e.t.Gift:116 PNG resim yükleniyor : https://storage.streamdps.com/iblock/6a0/6a0b418bc4ae8f04be3194c88389e9e7/bf071c7cc84cf3aac6435adbd222f577.png
[2023-11-08T19:22:56,361] [DEBUG] c.e.t.u.MediaPlayerUtils:105 createImageView
[2023-11-08T19:22:56,361] [DEBUG] c.e.t.u.MediaPlayerUtils:98 CreateGiftsHBOX
[2023-11-08T19:22:56,361] [DEBUG] c.e.t.Gift:94 Linkten Resim
[2023-11-08T19:22:56,362] [DEBUG] c.e.t.Gift:116 PNG resim yükleniyor : https://storage.streamdps.com/iblock/232/232e2afc8e6c022c5c78df18cf196663/f2ba6300ef54121763648a60d465eef5.png
[2023-11-08T19:22:56,386] [DEBUG] c.e.t.u.MediaPlayerUtils:105 createImageView
[2023-11-08T19:22:56,386] [DEBUG] c.e.t.Gift:94 Linkten Resim
[2023-11-08T19:22:56,386] [DEBUG] c.e.t.Gift:116 PNG resim yükleniyor : https://storage.streamdps.com/iblock/4e3/4e341b08230703a6f09ba3234c3fe717/3854ed8e881ebbe5208882602b30cf88.png
[2023-11-08T19:22:56,409] [DEBUG] c.e.t.u.MediaPlayerUtils:105 createImageView
[2023-11-08T19:22:56,410] [DEBUG] c.e.t.Gift:94 Linkten Resim
[2023-11-08T19:22:56,410] [DEBUG] c.e.t.Gift:116 PNG resim yükleniyor : https://storage.streamdps.com/iblock/46d/46d0f497391a934d27d9b993f444d8b2/121af719b172eed61d8a75c1b1341c9d.png
[2023-11-08T19:22:56,439] [DEBUG] c.e.t.u.MediaPlayerUtils:105 createImageView
[2023-11-08T19:22:56,439] [DEBUG] c.e.t.Gift:94 Linkten Resim
[2023-11-08T19:22:56,439] [DEBUG] c.e.t.Gift:116 PNG resim yükleniyor : https://storage.streamdps.com/iblock/0c4/0c446fb276fafbb0f0d5e3abfedf2510/f4bbea9d03b1453bd37d571282334f1b.png
[2023-11-08T19:22:56,467] [DEBUG] c.e.t.u.MediaPlayerUtils:105 createImageView
[2023-11-08T19:22:56,467] [DEBUG] c.e.t.u.MediaPlayerUtils:98 CreateGiftsHBOX
[2023-11-08T19:22:56,467] [DEBUG] c.e.t.Gift:94 Linkten Resim
[2023-11-08T19:22:56,468] [DEBUG] c.e.t.Gift:116 PNG resim yükleniyor : https://storage.streamdps.com/iblock/50f/50f8e7cf26128a6e10d0b792019c1303/94aa2d574cfe6e3893c087cfb5a5efcd.png
[2023-11-08T19:22:56,491] [DEBUG] c.e.t.u.MediaPlayerUtils:105 createImageView
[2023-11-08T19:22:56,491] [DEBUG] c.e.t.Gift:94 Linkten Resim
[2023-11-08T19:22:56,491] [DEBUG] c.e.t.Gift:116 PNG resim yükleniyor : https://storage.streamdps.com/iblock/702/702e6d0287a1e868c69fbe2f6b3635a6/7a7a82b571ba63ccd3ca514c887b3130.png
[2023-11-08T19:22:56,517] [DEBUG] c.e.t.u.MediaPlayerUtils:105 createImageView
[2023-11-08T19:22:56,517] [DEBUG] c.e.t.Gift:94 Linkten Resim
[2023-11-08T19:22:56,518] [DEBUG] c.e.t.Gift:116 PNG resim yükleniyor : https://storage.streamdps.com/iblock/440/4402267722e227b72adc97db92504b75/ae0f562146e701f32ae96761ac67c5cc.png
[2023-11-08T19:22:56,542] [DEBUG] c.e.t.u.MediaPlayerUtils:105 createImageView
[2023-11-08T19:22:56,542] [DEBUG] c.e.t.Gift:94 Linkten Resim
[2023-11-08T19:22:56,542] [DEBUG] c.e.t.Gift:116 PNG resim yükleniyor : https://storage.streamdps.com/iblock/531/5313a4ca89a7c7588a88898c8f1e9053/dab85392562772099474a050c251d340.png
[2023-11-08T19:22:56,565] [DEBUG] c.e.t.u.MediaPlayerUtils:105 createImageView
[2023-11-08T19:22:56,566] [DEBUG] c.e.t.ThreeTeamsController:184 editVideos
[2023-11-08T19:22:56,566] [DEBUG] c.e.t.u.MediaPlayerUtils:59 getVideo
[2023-11-08T19:22:56,569] [DEBUG] c.e.t.u.MediaPlayerUtils:59 getVideo
[2023-11-08T19:22:56,572] [DEBUG] c.e.t.u.MediaPlayerUtils:59 getVideo
[2023-11-08T19:22:56,576] [DEBUG] c.e.t.ThreeTeamsController:141 createMusicPlayers
[2023-11-08T19:22:56,576] [DEBUG] c.e.t.u.MediaPlayerUtils:31 create volume files
[2023-11-08T19:22:56,580] [DEBUG] c.e.t.u.MediaPlayerUtils:31 create volume files
[2023-11-08T19:22:56,582] [DEBUG] c.e.t.u.MediaPlayerUtils:31 create volume files
[2023-11-08T19:22:56,594] [DEBUG] c.e.t.ThreeTeamsController:148 editMusicPlayers
[2023-11-08T19:22:56,595] [DEBUG] c.e.t.ThreeTeamsController:155 editMusicPlayers
[2023-11-08T19:22:56,595] [DEBUG] c.e.t.ThreeTeamsController:155 editMusicPlayers
[2023-11-08T19:22:56,595] [DEBUG] c.e.t.ThreeTeamsController:155 editMusicPlayers
[2023-11-08T19:22:56,595] [DEBUG] c.e.t.ThreeTeamsController:173 startNeutralMusic
[2023-11-08T19:22:56,599] [DEBUG] c.e.t.ThreeTeamsController:134 createTimelineTeams
[2023-11-08T19:22:56,599] [DEBUG] c.e.t.u.MediaPlayerUtils:31 create volume files
[2023-11-08T19:22:56,605] [DEBUG] c.e.t.u.MediaPlayerUtils:31 create volume files
[2023-11-08T19:22:56,608] [DEBUG] c.e.t.u.MediaPlayerUtils:31 create volume files
[2023-11-08T19:22:56,723] [DEBUG] c.e.t.GiftServer:27 0:0:0:0:0:0:0:1 entered the room!
[2023-11-08T19:22:57,174] [DEBUG] c.e.t.u.MediaPlayerUtils:43 Ses Videosunda hata
[2023-11-08T19:22:57,186] [DEBUG] c.e.t.u.MediaPlayerUtils:31 create volume files
[2023-11-08T19:23:06,035] [DEBUG] c.e.t.ThreeTeamsController:316 Gift : Rose Gift Toplam Miktari : 8
[2023-11-08T19:23:06,036] [DEBUG] c.e.t.ThreeTeamsController:330 Takım Değişti Team1
[2023-11-08T19:23:19,247] [DEBUG] c.e.t.ThreeTeamsController:316 Gift : Heart Gift Toplam Miktari : 10
[2023-11-08T19:23:19,248] [DEBUG] c.e.t.ThreeTeamsController:433 Farklı Gift
[2023-11-08T19:23:37,681] [DEBUG] c.e.t.ThreeTeamsController:316 Gift : Heart Gift Toplam Miktari : 10
[2023-11-08T19:23:37,681] [DEBUG] c.e.t.ThreeTeamsController:433 Farklı Gift
[2023-11-08T19:23:44,721] [DEBUG] c.e.t.RaceSettingsController:608 Yarışma Bitirme Butonuna Basıldı
[2023-11-08T19:23:44,722] [DEBUG] c.e.t.ThreeTeamsController:529 finishRace
[2023-11-08T19:23:44,774] [DEBUG] c.e.t.u.MediaPlayerUtils:59 getVideo
[2023-11-08T19:23:45,023] [ERROR] c.e.t.ThreeTeamsController:585 Kazanan Takım Videosunda hata
[2023-11-08T19:23:45,033] [DEBUG] c.e.t.u.MediaPlayerUtils:59 getVideo
[2023-11-08T19:23:51,168] [DEBUG] c.e.t.RaceSettingsController:362 Yarışma Kapatma isteği geldi
[2023-11-08T19:23:51,168] [DEBUG] c.e.t.ThreeTeamsController:471 Kapatma isteği
[2023-11-08T19:23:51,168] [DEBUG] c.e.t.GiftServer:70 addCloseMessageBlockingQueue
[2023-11-08T19:23:51,169] [DEBUG] c.e.t.ThreeTeamsController:298 ArrayListe close mesajı geldi
[2023-11-08T19:23:51,169] [DEBUG] c.e.t.ThreeTeamsController:441 While Döngüsünden cikis yapildi
[2023-11-08T19:23:51,260] [DEBUG] c.e.t.u.RunWSController:35 TiktokWS Kapatılıyor : 5708
[2023-11-08T19:23:51,426] [DEBUG] c.e.t.u.RunWSController:41 İşlem başarıyla sonlandırıldı.
[2023-11-08T19:23:51,439] [DEBUG] c.e.t.GiftServer:33 org.java_websocket.WebSocketImpl@73074f56 has left the room!
[2023-11-08T19:23:53,925] [DEBUG] c.e.t.RaceSettingsController:281 Yarışma Başladı-startRaceAction
[2023-11-08T19:23:53,937] [DEBUG] c.e.t.u.XMLUtils:38 XML belgesi oluşturuldu.
[2023-11-08T19:23:53,938] [DEBUG] c.e.t.RaceSettingsController:338 3 takımlı yarışma başlatılıyor
[2023-11-08T19:23:53,938] [DEBUG] c.e.t.u.RunWSController:22 Tiktok ws socket başlatılıyor : yayın ismi mehmetalierbilofficial, port 8787
[2023-11-08T19:23:53,944] [DEBUG] c.e.t.u.RunWSController:29 Başlatılan İşlem PID: 16460
[2023-11-08T19:23:53,957] [DEBUG] c.e.t.RaceSettingsController:596 Get ComboBox Gifts
[2023-11-08T19:23:53,957] [DEBUG] c.e.t.RaceSettingsController:596 Get ComboBox Gifts
[2023-11-08T19:23:53,957] [DEBUG] c.e.t.RaceSettingsController:596 Get ComboBox Gifts
[2023-11-08T19:23:53,959] [DEBUG] c.e.t.ThreeTeamsController:108 3 takımlı yarış display
[2023-11-08T19:23:53,959] [DEBUG] c.e.t.ThreeTeamsController:237 editFolders
[2023-11-08T19:23:53,959] [DEBUG] c.e.t.Gift:62 Gift Listesi Parse Ediliyor
[2023-11-08T19:23:53,963] [DEBUG] c.e.t.u.MediaPlayerUtils:81 teamGifts
[2023-11-08T19:23:53,963] [DEBUG] c.e.t.u.MediaPlayerUtils:81 teamGifts
[2023-11-08T19:23:53,963] [DEBUG] c.e.t.u.MediaPlayerUtils:81 teamGifts
[2023-11-08T19:23:53,963] [DEBUG] c.e.t.ThreeTeamsController:230 editHBoxes
[2023-11-08T19:23:53,964] [DEBUG] c.e.t.u.MediaPlayerUtils:98 CreateGiftsHBOX
[2023-11-08T19:23:53,964] [DEBUG] c.e.t.Gift:94 Linkten Resim
[2023-11-08T19:23:53,964] [DEBUG] c.e.t.Gift:116 PNG resim yükleniyor : https://storage.streamdps.com/iblock/f59/f5902abbd13178017285a308606fd0dd/cf6a40558018965a8171cf5a575dd9de.png
[2023-11-08T19:23:54,054] [DEBUG] c.e.t.u.MediaPlayerUtils:105 createImageView
[2023-11-08T19:23:54,054] [DEBUG] c.e.t.Gift:94 Linkten Resim
[2023-11-08T19:23:54,054] [DEBUG] c.e.t.Gift:116 PNG resim yükleniyor : https://storage.streamdps.com/iblock/b36/b36bb8c332ade25b2e591cd3ed164a99/a06c10f4dc562c24f4f5b6812b9fa01f.png
[2023-11-08T19:23:54,079] [DEBUG] c.e.t.u.MediaPlayerUtils:105 createImageView
[2023-11-08T19:23:54,079] [DEBUG] c.e.t.Gift:94 Linkten Resim
[2023-11-08T19:23:54,079] [DEBUG] c.e.t.Gift:116 PNG resim yükleniyor : https://storage.streamdps.com/iblock/688/688f0c350f9cd9751cb02659f4ab105e/2b2d66c2f9767fc8332ee1b5ba0c1057.png
[2023-11-08T19:23:54,113] [DEBUG] c.e.t.u.MediaPlayerUtils:105 createImageView
[2023-11-08T19:23:54,114] [DEBUG] c.e.t.Gift:94 Linkten Resim
[2023-11-08T19:23:54,114] [DEBUG] c.e.t.Gift:116 PNG resim yükleniyor : https://storage.streamdps.com/iblock/6a0/6a0b418bc4ae8f04be3194c88389e9e7/bf071c7cc84cf3aac6435adbd222f577.png
[2023-11-08T19:23:54,150] [DEBUG] c.e.t.u.MediaPlayerUtils:105 createImageView
[2023-11-08T19:23:54,150] [DEBUG] c.e.t.u.MediaPlayerUtils:98 CreateGiftsHBOX
[2023-11-08T19:23:54,150] [DEBUG] c.e.t.Gift:94 Linkten Resim
[2023-11-08T19:23:54,150] [DEBUG] c.e.t.Gift:116 PNG resim yükleniyor : https://storage.streamdps.com/iblock/232/232e2afc8e6c022c5c78df18cf196663/f2ba6300ef54121763648a60d465eef5.png
[2023-11-08T19:23:54,174] [DEBUG] c.e.t.u.MediaPlayerUtils:105 createImageView
[2023-11-08T19:23:54,174] [DEBUG] c.e.t.Gift:94 Linkten Resim
[2023-11-08T19:23:54,175] [DEBUG] c.e.t.Gift:116 PNG resim yükleniyor : https://storage.streamdps.com/iblock/4e3/4e341b08230703a6f09ba3234c3fe717/3854ed8e881ebbe5208882602b30cf88.png
[2023-11-08T19:23:54,201] [DEBUG] c.e.t.u.MediaPlayerUtils:105 createImageView
[2023-11-08T19:23:54,202] [DEBUG] c.e.t.Gift:94 Linkten Resim
[2023-11-08T19:23:54,202] [DEBUG] c.e.t.Gift:116 PNG resim yükleniyor : https://storage.streamdps.com/iblock/46d/46d0f497391a934d27d9b993f444d8b2/121af719b172eed61d8a75c1b1341c9d.png
[2023-11-08T19:23:54,229] [DEBUG] c.e.t.u.MediaPlayerUtils:105 createImageView
[2023-11-08T19:23:54,229] [DEBUG] c.e.t.Gift:94 Linkten Resim
[2023-11-08T19:23:54,229] [DEBUG] c.e.t.Gift:116 PNG resim yükleniyor : https://storage.streamdps.com/iblock/0c4/0c446fb276fafbb0f0d5e3abfedf2510/f4bbea9d03b1453bd37d571282334f1b.png
[2023-11-08T19:23:54,257] [DEBUG] c.e.t.u.MediaPlayerUtils:105 createImageView
[2023-11-08T19:23:54,257] [DEBUG] c.e.t.u.MediaPlayerUtils:98 CreateGiftsHBOX
[2023-11-08T19:23:54,257] [DEBUG] c.e.t.Gift:94 Linkten Resim
[2023-11-08T19:23:54,257] [DEBUG] c.e.t.Gift:116 PNG resim yükleniyor : https://storage.streamdps.com/iblock/50f/50f8e7cf26128a6e10d0b792019c1303/94aa2d574cfe6e3893c087cfb5a5efcd.png
[2023-11-08T19:23:54,289] [DEBUG] c.e.t.u.MediaPlayerUtils:105 createImageView
[2023-11-08T19:23:54,290] [DEBUG] c.e.t.Gift:94 Linkten Resim
[2023-11-08T19:23:54,290] [DEBUG] c.e.t.Gift:116 PNG resim yükleniyor : https://storage.streamdps.com/iblock/702/702e6d0287a1e868c69fbe2f6b3635a6/7a7a82b571ba63ccd3ca514c887b3130.png
[2023-11-08T19:23:54,316] [DEBUG] c.e.t.u.MediaPlayerUtils:105 createImageView
[2023-11-08T19:23:54,316] [DEBUG] c.e.t.Gift:94 Linkten Resim
[2023-11-08T19:23:54,317] [DEBUG] c.e.t.Gift:116 PNG resim yükleniyor : https://storage.streamdps.com/iblock/440/4402267722e227b72adc97db92504b75/ae0f562146e701f32ae96761ac67c5cc.png
[2023-11-08T19:23:54,342] [DEBUG] c.e.t.u.MediaPlayerUtils:105 createImageView
[2023-11-08T19:23:54,342] [DEBUG] c.e.t.Gift:94 Linkten Resim
[2023-11-08T19:23:54,342] [DEBUG] c.e.t.Gift:116 PNG resim yükleniyor : https://storage.streamdps.com/iblock/531/5313a4ca89a7c7588a88898c8f1e9053/dab85392562772099474a050c251d340.png
[2023-11-08T19:23:54,367] [DEBUG] c.e.t.u.MediaPlayerUtils:105 createImageView
[2023-11-08T19:23:54,368] [DEBUG] c.e.t.ThreeTeamsController:184 editVideos
[2023-11-08T19:23:54,368] [DEBUG] c.e.t.u.MediaPlayerUtils:59 getVideo
[2023-11-08T19:23:54,375] [DEBUG] c.e.t.u.MediaPlayerUtils:59 getVideo
[2023-11-08T19:23:54,380] [DEBUG] c.e.t.u.MediaPlayerUtils:59 getVideo
[2023-11-08T19:23:54,385] [DEBUG] c.e.t.ThreeTeamsController:141 createMusicPlayers
[2023-11-08T19:23:54,385] [DEBUG] c.e.t.u.MediaPlayerUtils:31 create volume files
[2023-11-08T19:23:54,393] [DEBUG] c.e.t.u.MediaPlayerUtils:31 create volume files
[2023-11-08T19:23:54,397] [DEBUG] c.e.t.u.MediaPlayerUtils:31 create volume files
[2023-11-08T19:23:54,401] [DEBUG] c.e.t.ThreeTeamsController:148 editMusicPlayers
[2023-11-08T19:23:54,401] [DEBUG] c.e.t.ThreeTeamsController:155 editMusicPlayers
[2023-11-08T19:23:54,401] [DEBUG] c.e.t.ThreeTeamsController:155 editMusicPlayers
[2023-11-08T19:23:54,401] [DEBUG] c.e.t.ThreeTeamsController:155 editMusicPlayers
[2023-11-08T19:23:54,402] [DEBUG] c.e.t.ThreeTeamsController:173 startNeutralMusic
[2023-11-08T19:23:54,406] [DEBUG] c.e.t.ThreeTeamsController:134 createTimelineTeams
[2023-11-08T19:23:54,406] [DEBUG] c.e.t.u.MediaPlayerUtils:31 create volume files
[2023-11-08T19:23:54,412] [DEBUG] c.e.t.u.MediaPlayerUtils:31 create volume files
[2023-11-08T19:23:54,416] [DEBUG] c.e.t.u.MediaPlayerUtils:31 create volume files
[2023-11-08T19:23:55,076] [DEBUG] c.e.t.GiftServer:27 0:0:0:0:0:0:0:1 entered the room!
[2023-11-08T19:25:04,407] [DEBUG] c.e.t.ThreeTeamsController:316 Gift : TikTok Gift Toplam Miktari : 1
[2023-11-08T19:25:04,408] [DEBUG] c.e.t.ThreeTeamsController:400 Takım Değişti Team3
[2023-11-08T19:25:30,013] [DEBUG] c.e.t.ThreeTeamsController:316 Gift : Rose Gift Toplam Miktari : 6
[2023-11-08T19:25:30,014] [DEBUG] c.e.t.ThreeTeamsController:330 Takım Değişti Team1
[2023-11-08T19:25:36,462] [DEBUG] c.e.t.ThreeTeamsController:316 Gift : Heart Gift Toplam Miktari : 10
[2023-11-08T19:25:36,462] [DEBUG] c.e.t.ThreeTeamsController:433 Farklı Gift
[2023-11-08T19:25:41,171] [DEBUG] c.e.t.ThreeTeamsController:316 Gift : Heart Gift Toplam Miktari : 10
[2023-11-08T19:25:41,171] [DEBUG] c.e.t.ThreeTeamsController:433 Farklı Gift
[2023-11-08T19:25:51,614] [DEBUG] c.e.t.ThreeTeamsController:316 Gift : Rose Gift Toplam Miktari : 1
[2023-11-08T19:26:02,062] [DEBUG] c.e.t.ThreeTeamsController:316 Gift : Rose Gift Toplam Miktari : 1
[2023-11-08T19:26:02,800] [DEBUG] c.e.t.ThreeTeamsController:316 Gift : Rose Gift Toplam Miktari : 1
[2023-11-08T19:26:09,330] [DEBUG] c.e.t.ThreeTeamsController:316 Gift : TikTok Gift Toplam Miktari : 5
[2023-11-08T19:26:17,424] [DEBUG] c.e.t.ThreeTeamsController:316 Gift : Perfume Gift Toplam Miktari : 20
[2023-11-08T19:26:17,424] [DEBUG] c.e.t.ThreeTeamsController:433 Farklı Gift
[2023-11-08T19:26:20,598] [DEBUG] c.e.t.ThreeTeamsController:316 Gift : Rose Gift Toplam Miktari : 1
[2023-11-08T19:26:36,263] [DEBUG] c.e.t.ThreeTeamsController:316 Gift : Little Crown Gift Toplam Miktari : 99
[2023-11-08T19:26:36,263] [DEBUG] c.e.t.ThreeTeamsController:433 Farklı Gift
[2023-11-08T19:26:58,788] [DEBUG] c.e.t.ThreeTeamsController:316 Gift : Rose Gift Toplam Miktari : 1
[2023-11-08T19:27:02,578] [DEBUG] c.e.t.ThreeTeamsController:316 Gift : Rose Gift Toplam Miktari : 1
[2023-11-08T19:27:03,499] [DEBUG] c.e.t.ThreeTeamsController:316 Gift : Make it rain Gift Toplam Miktari : 500
[2023-11-08T19:27:03,500] [DEBUG] c.e.t.ThreeTeamsController:433 Farklı Gift
[2023-11-08T19:27:08,823] [DEBUG] c.e.t.ThreeTeamsController:316 Gift : Rose Gift Toplam Miktari : 1
[2023-11-08T19:27:08,823] [DEBUG] c.e.t.ThreeTeamsController:316 Gift : Rose Gift Toplam Miktari : 1
[2023-11-08T19:27:28,894] [DEBUG] c.e.t.ThreeTeamsController:316 Gift : Make it rain Gift Toplam Miktari : 500
[2023-11-08T19:27:28,895] [DEBUG] c.e.t.ThreeTeamsController:433 Farklı Gift
[2023-11-08T19:27:30,057] [DEBUG] c.e.t.ThreeTeamsController:254 Takım Belgeseli başlıyor
[2023-11-08T19:27:36,987] [DEBUG] c.e.t.ThreeTeamsController:316 Gift : Heart Gift Toplam Miktari : 200
[2023-11-08T19:27:36,987] [DEBUG] c.e.t.ThreeTeamsController:433 Farklı Gift
[2023-11-08T19:27:48,140] [DEBUG] c.e.t.ThreeTeamsController:316 Gift : Heart Gift Toplam Miktari : 20
[2023-11-08T19:27:48,142] [DEBUG] c.e.t.ThreeTeamsController:433 Farklı Gift
[2023-11-08T19:28:02,691] [DEBUG] c.e.t.ThreeTeamsController:316 Gift : Rose Gift Toplam Miktari : 1
[2023-11-08T19:28:08,318] [DEBUG] c.e.t.ThreeTeamsController:316 Gift : Rose Gift Toplam Miktari : 1
[2023-11-08T19:28:09,957] [DEBUG] c.e.t.ThreeTeamsController:316 Gift : TikTok Gift Toplam Miktari : 1
[2023-11-08T19:28:12,925] [DEBUG] c.e.t.ThreeTeamsController:316 Gift : GG Gift Toplam Miktari : 1
[2023-11-08T19:28:26,630] [DEBUG] c.e.t.ThreeTeamsController:316 Gift : Rose Gift Toplam Miktari : 1
[2023-11-08T19:28:44,852] [DEBUG] c.e.t.ThreeTeamsController:163 Oynatılacak indexler : 1
[2023-11-08T19:29:05,677] [DEBUG] c.e.t.ThreeTeamsController:316 Gift : Fruit Friends Gift Toplam Miktari : 299
[2023-11-08T19:29:05,678] [DEBUG] c.e.t.ThreeTeamsController:433 Farklı Gift
[2023-11-08T19:29:19,457] [DEBUG] c.e.t.ThreeTeamsController:316 Gift : Paper Crane Gift Toplam Miktari : 99
[2023-11-08T19:29:23,477] [DEBUG] c.e.t.ThreeTeamsController:316 Gift : Heart Gift Toplam Miktari : 100
[2023-11-08T19:29:23,477] [DEBUG] c.e.t.ThreeTeamsController:433 Farklı Gift
[2023-11-08T19:29:23,477] [DEBUG] c.e.t.ThreeTeamsController:316 Gift : Turkish coffee Gift Toplam Miktari : 5
[2023-11-08T19:29:23,478] [DEBUG] c.e.t.ThreeTeamsController:433 Farklı Gift
[2023-11-08T19:29:30,057] [DEBUG] c.e.t.ThreeTeamsController:254 Takım Belgeseli başlıyor
[2023-11-08T19:29:34,539] [DEBUG] c.e.t.ThreeTeamsController:316 Gift : Rose Gift Toplam Miktari : 1
[2023-11-08T19:29:36,072] [DEBUG] c.e.t.ThreeTeamsController:316 Gift : Rose Gift Toplam Miktari : 1
[2023-11-08T19:29:40,173] [DEBUG] c.e.t.ThreeTeamsController:316 Gift : Turkish coffee Gift Toplam Miktari : 5
[2023-11-08T19:29:40,174] [DEBUG] c.e.t.ThreeTeamsController:433 Farklı Gift
[2023-11-08T19:30:29,736] [DEBUG] c.e.t.RaceSettingsController:608 Yarışma Bitirme Butonuna Basıldı
[2023-11-08T19:30:29,737] [DEBUG] c.e.t.ThreeTeamsController:529 finishRace
[2023-11-08T19:30:29,810] [DEBUG] c.e.t.u.MediaPlayerUtils:59 getVideo
[2023-11-08T19:30:31,697] [DEBUG] c.e.t.RaceSettingsController:362 Yarışma Kapatma isteği geldi
[2023-11-08T19:30:31,697] [DEBUG] c.e.t.ThreeTeamsController:471 Kapatma isteği
[2023-11-08T19:30:31,697] [DEBUG] c.e.t.GiftServer:70 addCloseMessageBlockingQueue
[2023-11-08T19:30:31,698] [DEBUG] c.e.t.ThreeTeamsController:298 ArrayListe close mesajı geldi
[2023-11-08T19:30:31,699] [DEBUG] c.e.t.ThreeTeamsController:441 While Döngüsünden cikis yapildi
[2023-11-08T19:30:31,786] [DEBUG] c.e.t.u.RunWSController:35 TiktokWS Kapatılıyor : 16460
[2023-11-08T19:30:31,916] [DEBUG] c.e.t.u.RunWSController:41 İşlem başarıyla sonlandırıldı.
[2023-11-08T19:30:31,926] [DEBUG] c.e.t.GiftServer:33 org.java_websocket.WebSocketImpl@3704d2c5 has left the room!
[2023-11-08T19:30:33,235] [DEBUG] c.e.t.RaceSettingsController:281 Yarışma Başladı-startRaceAction
[2023-11-08T19:30:33,238] [DEBUG] c.e.t.u.XMLUtils:38 XML belgesi oluşturuldu.
[2023-11-08T19:30:33,238] [DEBUG] c.e.t.RaceSettingsController:338 3 takımlı yarışma başlatılıyor
[2023-11-08T19:30:33,238] [DEBUG] c.e.t.u.RunWSController:22 Tiktok ws socket başlatılıyor : yayın ismi mehmetalierbilofficial, port 8787
[2023-11-08T19:30:33,242] [DEBUG] c.e.t.u.RunWSController:29 Başlatılan İşlem PID: 19072
[2023-11-08T19:30:33,256] [DEBUG] c.e.t.RaceSettingsController:596 Get ComboBox Gifts
[2023-11-08T19:30:33,256] [DEBUG] c.e.t.RaceSettingsController:596 Get ComboBox Gifts
[2023-11-08T19:30:33,256] [DEBUG] c.e.t.RaceSettingsController:596 Get ComboBox Gifts
[2023-11-08T19:30:33,256] [DEBUG] c.e.t.ThreeTeamsController:108 3 takımlı yarış display
[2023-11-08T19:30:33,256] [DEBUG] c.e.t.ThreeTeamsController:237 editFolders
[2023-11-08T19:30:33,256] [DEBUG] c.e.t.Gift:62 Gift Listesi Parse Ediliyor
[2023-11-08T19:30:33,262] [DEBUG] c.e.t.u.MediaPlayerUtils:81 teamGifts
[2023-11-08T19:30:33,262] [DEBUG] c.e.t.u.MediaPlayerUtils:81 teamGifts
[2023-11-08T19:30:33,263] [DEBUG] c.e.t.u.MediaPlayerUtils:81 teamGifts
[2023-11-08T19:30:33,263] [DEBUG] c.e.t.ThreeTeamsController:230 editHBoxes
[2023-11-08T19:30:33,263] [DEBUG] c.e.t.u.MediaPlayerUtils:98 CreateGiftsHBOX
[2023-11-08T19:30:33,263] [DEBUG] c.e.t.Gift:94 Linkten Resim
[2023-11-08T19:30:33,264] [DEBUG] c.e.t.Gift:116 PNG resim yükleniyor : https://storage.streamdps.com/iblock/f59/f5902abbd13178017285a308606fd0dd/cf6a40558018965a8171cf5a575dd9de.png
[2023-11-08T19:30:33,381] [DEBUG] c.e.t.u.MediaPlayerUtils:105 createImageView
[2023-11-08T19:30:33,381] [DEBUG] c.e.t.Gift:94 Linkten Resim
[2023-11-08T19:30:33,381] [DEBUG] c.e.t.Gift:116 PNG resim yükleniyor : https://storage.streamdps.com/iblock/b36/b36bb8c332ade25b2e591cd3ed164a99/a06c10f4dc562c24f4f5b6812b9fa01f.png
[2023-11-08T19:30:33,404] [DEBUG] c.e.t.u.MediaPlayerUtils:105 createImageView
[2023-11-08T19:30:33,405] [DEBUG] c.e.t.Gift:94 Linkten Resim
[2023-11-08T19:30:33,405] [DEBUG] c.e.t.Gift:116 PNG resim yükleniyor : https://storage.streamdps.com/iblock/688/688f0c350f9cd9751cb02659f4ab105e/2b2d66c2f9767fc8332ee1b5ba0c1057.png
[2023-11-08T19:30:33,432] [DEBUG] c.e.t.u.MediaPlayerUtils:105 createImageView
[2023-11-08T19:30:33,432] [DEBUG] c.e.t.Gift:94 Linkten Resim
[2023-11-08T19:30:33,432] [DEBUG] c.e.t.Gift:116 PNG resim yükleniyor : https://storage.streamdps.com/iblock/6a0/6a0b418bc4ae8f04be3194c88389e9e7/bf071c7cc84cf3aac6435adbd222f577.png
[2023-11-08T19:30:33,457] [DEBUG] c.e.t.u.MediaPlayerUtils:105 createImageView
[2023-11-08T19:30:33,457] [DEBUG] c.e.t.u.MediaPlayerUtils:98 CreateGiftsHBOX
[2023-11-08T19:30:33,458] [DEBUG] c.e.t.Gift:94 Linkten Resim
[2023-11-08T19:30:33,458] [DEBUG] c.e.t.Gift:116 PNG resim yükleniyor : https://storage.streamdps.com/iblock/232/232e2afc8e6c022c5c78df18cf196663/f2ba6300ef54121763648a60d465eef5.png
[2023-11-08T19:30:33,482] [DEBUG] c.e.t.u.MediaPlayerUtils:105 createImageView
[2023-11-08T19:30:33,482] [DEBUG] c.e.t.Gift:94 Linkten Resim
[2023-11-08T19:30:33,482] [DEBUG] c.e.t.Gift:116 PNG resim yükleniyor : https://storage.streamdps.com/iblock/4e3/4e341b08230703a6f09ba3234c3fe717/3854ed8e881ebbe5208882602b30cf88.png
[2023-11-08T19:30:33,508] [DEBUG] c.e.t.u.MediaPlayerUtils:105 createImageView
[2023-11-08T19:30:33,508] [DEBUG] c.e.t.Gift:94 Linkten Resim
[2023-11-08T19:30:33,508] [DEBUG] c.e.t.Gift:116 PNG resim yükleniyor : https://storage.streamdps.com/iblock/46d/46d0f497391a934d27d9b993f444d8b2/121af719b172eed61d8a75c1b1341c9d.png
[2023-11-08T19:30:33,538] [DEBUG] c.e.t.u.MediaPlayerUtils:105 createImageView
[2023-11-08T19:30:33,538] [DEBUG] c.e.t.Gift:94 Linkten Resim
[2023-11-08T19:30:33,538] [DEBUG] c.e.t.Gift:116 PNG resim yükleniyor : https://storage.streamdps.com/iblock/0c4/0c446fb276fafbb0f0d5e3abfedf2510/f4bbea9d03b1453bd37d571282334f1b.png
[2023-11-08T19:30:33,563] [DEBUG] c.e.t.u.MediaPlayerUtils:105 createImageView
[2023-11-08T19:30:33,563] [DEBUG] c.e.t.u.MediaPlayerUtils:98 CreateGiftsHBOX
[2023-11-08T19:30:33,563] [DEBUG] c.e.t.Gift:94 Linkten Resim
[2023-11-08T19:30:33,564] [DEBUG] c.e.t.Gift:116 PNG resim yükleniyor : https://storage.streamdps.com/iblock/50f/50f8e7cf26128a6e10d0b792019c1303/94aa2d574cfe6e3893c087cfb5a5efcd.png
[2023-11-08T19:30:33,587] [DEBUG] c.e.t.u.MediaPlayerUtils:105 createImageView
[2023-11-08T19:30:33,587] [DEBUG] c.e.t.Gift:94 Linkten Resim
[2023-11-08T19:30:33,587] [DEBUG] c.e.t.Gift:116 PNG resim yükleniyor : https://storage.streamdps.com/iblock/702/702e6d0287a1e868c69fbe2f6b3635a6/7a7a82b571ba63ccd3ca514c887b3130.png
[2023-11-08T19:30:33,611] [DEBUG] c.e.t.u.MediaPlayerUtils:105 createImageView
[2023-11-08T19:30:33,611] [DEBUG] c.e.t.Gift:94 Linkten Resim
[2023-11-08T19:30:33,611] [DEBUG] c.e.t.Gift:116 PNG resim yükleniyor : https://storage.streamdps.com/iblock/440/4402267722e227b72adc97db92504b75/ae0f562146e701f32ae96761ac67c5cc.png
[2023-11-08T19:30:33,659] [DEBUG] c.e.t.u.MediaPlayerUtils:105 createImageView
[2023-11-08T19:30:33,659] [DEBUG] c.e.t.Gift:94 Linkten Resim
[2023-11-08T19:30:33,659] [DEBUG] c.e.t.Gift:116 PNG resim yükleniyor : https://storage.streamdps.com/iblock/531/5313a4ca89a7c7588a88898c8f1e9053/dab85392562772099474a050c251d340.png
[2023-11-08T19:30:33,693] [DEBUG] c.e.t.u.MediaPlayerUtils:105 createImageView
[2023-11-08T19:30:33,694] [DEBUG] c.e.t.ThreeTeamsController:184 editVideos
[2023-11-08T19:30:33,694] [DEBUG] c.e.t.u.MediaPlayerUtils:59 getVideo
[2023-11-08T19:30:33,700] [DEBUG] c.e.t.u.MediaPlayerUtils:59 getVideo
[2023-11-08T19:30:33,710] [DEBUG] c.e.t.u.MediaPlayerUtils:59 getVideo
[2023-11-08T19:30:33,715] [DEBUG] c.e.t.ThreeTeamsController:141 createMusicPlayers
[2023-11-08T19:30:33,715] [DEBUG] c.e.t.u.MediaPlayerUtils:31 create volume files
[2023-11-08T19:30:33,723] [DEBUG] c.e.t.u.MediaPlayerUtils:31 create volume files
[2023-11-08T19:30:33,727] [DEBUG] c.e.t.u.MediaPlayerUtils:31 create volume files
[2023-11-08T19:30:33,729] [DEBUG] c.e.t.ThreeTeamsController:148 editMusicPlayers
[2023-11-08T19:30:33,729] [DEBUG] c.e.t.ThreeTeamsController:155 editMusicPlayers
[2023-11-08T19:30:33,729] [DEBUG] c.e.t.ThreeTeamsController:155 editMusicPlayers
[2023-11-08T19:30:33,729] [DEBUG] c.e.t.ThreeTeamsController:155 editMusicPlayers
[2023-11-08T19:30:33,729] [DEBUG] c.e.t.ThreeTeamsController:173 startNeutralMusic
[2023-11-08T19:30:33,733] [DEBUG] c.e.t.ThreeTeamsController:134 createTimelineTeams
[2023-11-08T19:30:33,733] [DEBUG] c.e.t.u.MediaPlayerUtils:31 create volume files
[2023-11-08T19:30:33,738] [DEBUG] c.e.t.u.MediaPlayerUtils:31 create volume files
[2023-11-08T19:30:33,741] [DEBUG] c.e.t.u.MediaPlayerUtils:31 create volume files
[2023-11-08T19:30:33,780] [DEBUG] c.e.t.GiftServer:27 0:0:0:0:0:0:0:1 entered the room!
[2023-11-08T19:31:24,718] [DEBUG] c.e.t.ThreeTeamsController:316 Gift : TikTok Gift Toplam Miktari : 1
[2023-11-08T19:31:24,718] [DEBUG] c.e.t.ThreeTeamsController:400 Takım Değişti Team3
[2023-11-08T19:31:58,512] [DEBUG] c.e.t.ThreeTeamsController:316 Gift : Rose Gift Toplam Miktari : 1
[2023-11-08T19:32:02,293] [DEBUG] c.e.t.ThreeTeamsController:163 Oynatılacak indexler : 0
[2023-11-08T19:32:04,142] [DEBUG] c.e.t.ThreeTeamsController:316 Gift : Rose Gift Toplam Miktari : 1
[2023-11-08T19:32:04,142] [DEBUG] c.e.t.ThreeTeamsController:330 Takım Değişti Team1
[2023-11-08T19:32:04,962] [DEBUG] c.e.t.ThreeTeamsController:316 Gift : Rose Gift Toplam Miktari : 1
[2023-11-08T19:32:34,759] [DEBUG] c.e.t.ThreeTeamsController:316 Gift : Heart Me Gift Toplam Miktari : 1
[2023-11-08T19:32:34,759] [DEBUG] c.e.t.ThreeTeamsController:433 Farklı Gift
[2023-11-08T19:32:59,069] [DEBUG] c.e.t.ThreeTeamsController:316 Gift : Rose Gift Toplam Miktari : 1
[2023-11-08T19:33:09,516] [DEBUG] c.e.t.ThreeTeamsController:316 Gift : Rose Gift Toplam Miktari : 3
[2023-11-08T19:33:14,386] [DEBUG] c.e.t.ThreeTeamsController:316 Gift : Rose Gift Toplam Miktari : 1
[2023-11-08T19:33:18,511] [DEBUG] c.e.t.ThreeTeamsController:316 Gift : Rose Gift Toplam Miktari : 1
[2023-11-08T19:33:21,719] [DEBUG] c.e.t.ThreeTeamsController:316 Gift : Rose Gift Toplam Miktari : 1
[2023-11-08T19:33:25,753] [DEBUG] c.e.t.ThreeTeamsController:316 Gift : Rose Gift Toplam Miktari : 1
[2023-11-08T19:33:29,501] [DEBUG] c.e.t.ThreeTeamsController:316 Gift : Rose Gift Toplam Miktari : 1
[2023-11-08T19:33:32,311] [DEBUG] c.e.t.ThreeTeamsController:316 Gift : GG Gift Toplam Miktari : 1
[2023-11-08T19:33:35,292] [DEBUG] c.e.t.ThreeTeamsController:316 Gift : TikTok Gift Toplam Miktari : 1
[2023-11-08T19:33:36,815] [DEBUG] c.e.t.ThreeTeamsController:316 Gift : Rose Gift Toplam Miktari : 2
[2023-11-08T19:33:43,445] [DEBUG] c.e.t.RaceSettingsController:608 Yarışma Bitirme Butonuna Basıldı
[2023-11-08T19:33:43,445] [DEBUG] c.e.t.ThreeTeamsController:529 finishRace
[2023-11-08T19:33:43,473] [DEBUG] c.e.t.u.MediaPlayerUtils:59 getVideo
[2023-11-08T19:33:47,225] [DEBUG] c.e.t.RaceSettingsController:362 Yarışma Kapatma isteği geldi
[2023-11-08T19:33:47,225] [DEBUG] c.e.t.ThreeTeamsController:471 Kapatma isteği
[2023-11-08T19:33:47,225] [DEBUG] c.e.t.GiftServer:70 addCloseMessageBlockingQueue
[2023-11-08T19:33:47,226] [DEBUG] c.e.t.ThreeTeamsController:298 ArrayListe close mesajı geldi
[2023-11-08T19:33:47,226] [DEBUG] c.e.t.ThreeTeamsController:441 While Döngüsünden cikis yapildi
[2023-11-08T19:33:47,359] [DEBUG] c.e.t.u.RunWSController:35 TiktokWS Kapatılıyor : 19072
[2023-11-08T19:33:47,525] [DEBUG] c.e.t.u.RunWSController:41 İşlem başarıyla sonlandırıldı.
[2023-11-08T19:33:47,541] [DEBUG] c.e.t.GiftServer:33 org.java_websocket.WebSocketImpl@12b4549a has left the room!
[2023-11-08T19:33:57,430] [DEBUG] c.e.t.RaceSettingsController:281 Yarışma Başladı-startRaceAction
[2023-11-08T19:33:57,433] [DEBUG] c.e.t.u.XMLUtils:38 XML belgesi oluşturuldu.
[2023-11-08T19:33:57,433] [DEBUG] c.e.t.RaceSettingsController:338 3 takımlı yarışma başlatılıyor
[2023-11-08T19:33:57,433] [DEBUG] c.e.t.u.RunWSController:22 Tiktok ws socket başlatılıyor : yayın ismi aytcsn, port 8787
[2023-11-08T19:33:57,438] [DEBUG] c.e.t.u.RunWSController:29 Başlatılan İşlem PID: 2244
[2023-11-08T19:33:57,449] [DEBUG] c.e.t.RaceSettingsController:596 Get ComboBox Gifts
[2023-11-08T19:33:57,449] [DEBUG] c.e.t.RaceSettingsController:596 Get ComboBox Gifts
[2023-11-08T19:33:57,449] [DEBUG] c.e.t.RaceSettingsController:596 Get ComboBox Gifts
[2023-11-08T19:33:57,449] [DEBUG] c.e.t.ThreeTeamsController:108 3 takımlı yarış display
[2023-11-08T19:33:57,449] [DEBUG] c.e.t.ThreeTeamsController:237 editFolders
[2023-11-08T19:33:57,449] [DEBUG] c.e.t.Gift:62 Gift Listesi Parse Ediliyor
[2023-11-08T19:33:57,453] [DEBUG] c.e.t.u.MediaPlayerUtils:81 teamGifts
[2023-11-08T19:33:57,454] [DEBUG] c.e.t.u.MediaPlayerUtils:81 teamGifts
[2023-11-08T19:33:57,454] [DEBUG] c.e.t.u.MediaPlayerUtils:81 teamGifts
[2023-11-08T19:33:57,454] [DEBUG] c.e.t.ThreeTeamsController:230 editHBoxes
[2023-11-08T19:33:57,454] [DEBUG] c.e.t.u.MediaPlayerUtils:98 CreateGiftsHBOX
[2023-11-08T19:33:57,454] [DEBUG] c.e.t.Gift:94 Linkten Resim
[2023-11-08T19:33:57,454] [DEBUG] c.e.t.Gift:116 PNG resim yükleniyor : https://storage.streamdps.com/iblock/f59/f5902abbd13178017285a308606fd0dd/cf6a40558018965a8171cf5a575dd9de.png
[2023-11-08T19:33:57,523] [DEBUG] c.e.t.u.MediaPlayerUtils:105 createImageView
[2023-11-08T19:33:57,524] [DEBUG] c.e.t.Gift:94 Linkten Resim
[2023-11-08T19:33:57,524] [DEBUG] c.e.t.Gift:116 PNG resim yükleniyor : https://storage.streamdps.com/iblock/b36/b36bb8c332ade25b2e591cd3ed164a99/a06c10f4dc562c24f4f5b6812b9fa01f.png
[2023-11-08T19:33:57,555] [DEBUG] c.e.t.u.MediaPlayerUtils:105 createImageView
[2023-11-08T19:33:57,555] [DEBUG] c.e.t.Gift:94 Linkten Resim
[2023-11-08T19:33:57,555] [DEBUG] c.e.t.Gift:116 PNG resim yükleniyor : https://storage.streamdps.com/iblock/688/688f0c350f9cd9751cb02659f4ab105e/2b2d66c2f9767fc8332ee1b5ba0c1057.png
[2023-11-08T19:33:57,579] [DEBUG] c.e.t.u.MediaPlayerUtils:105 createImageView
[2023-11-08T19:33:57,580] [DEBUG] c.e.t.Gift:94 Linkten Resim
[2023-11-08T19:33:57,580] [DEBUG] c.e.t.Gift:116 PNG resim yükleniyor : https://storage.streamdps.com/iblock/6a0/6a0b418bc4ae8f04be3194c88389e9e7/bf071c7cc84cf3aac6435adbd222f577.png
[2023-11-08T19:33:57,601] [DEBUG] c.e.t.u.MediaPlayerUtils:105 createImageView
[2023-11-08T19:33:57,601] [DEBUG] c.e.t.u.MediaPlayerUtils:98 CreateGiftsHBOX
[2023-11-08T19:33:57,601] [DEBUG] c.e.t.Gift:94 Linkten Resim
[2023-11-08T19:33:57,601] [DEBUG] c.e.t.Gift:116 PNG resim yükleniyor : https://storage.streamdps.com/iblock/232/232e2afc8e6c022c5c78df18cf196663/f2ba6300ef54121763648a60d465eef5.png
[2023-11-08T19:33:57,624] [DEBUG] c.e.t.u.MediaPlayerUtils:105 createImageView
[2023-11-08T19:33:57,624] [DEBUG] c.e.t.Gift:94 Linkten Resim
[2023-11-08T19:33:57,624] [DEBUG] c.e.t.Gift:116 PNG resim yükleniyor : https://storage.streamdps.com/iblock/4e3/4e341b08230703a6f09ba3234c3fe717/3854ed8e881ebbe5208882602b30cf88.png
[2023-11-08T19:33:57,651] [DEBUG] c.e.t.u.MediaPlayerUtils:105 createImageView
[2023-11-08T19:33:57,651] [DEBUG] c.e.t.Gift:94 Linkten Resim
[2023-11-08T19:33:57,651] [DEBUG] c.e.t.Gift:116 PNG resim yükleniyor : https://storage.streamdps.com/iblock/46d/46d0f497391a934d27d9b993f444d8b2/121af719b172eed61d8a75c1b1341c9d.png
[2023-11-08T19:33:57,677] [DEBUG] c.e.t.u.MediaPlayerUtils:105 createImageView
[2023-11-08T19:33:57,677] [DEBUG] c.e.t.Gift:94 Linkten Resim
[2023-11-08T19:33:57,678] [DEBUG] c.e.t.Gift:116 PNG resim yükleniyor : https://storage.streamdps.com/iblock/0c4/0c446fb276fafbb0f0d5e3abfedf2510/f4bbea9d03b1453bd37d571282334f1b.png
[2023-11-08T19:33:57,714] [DEBUG] c.e.t.u.MediaPlayerUtils:105 createImageView
[2023-11-08T19:33:57,714] [DEBUG] c.e.t.u.MediaPlayerUtils:98 CreateGiftsHBOX
[2023-11-08T19:33:57,714] [DEBUG] c.e.t.Gift:94 Linkten Resim
[2023-11-08T19:33:57,714] [DEBUG] c.e.t.Gift:116 PNG resim yükleniyor : https://storage.streamdps.com/iblock/50f/50f8e7cf26128a6e10d0b792019c1303/94aa2d574cfe6e3893c087cfb5a5efcd.png
[2023-11-08T19:33:57,737] [DEBUG] c.e.t.u.MediaPlayerUtils:105 createImageView
[2023-11-08T19:33:57,737] [DEBUG] c.e.t.Gift:94 Linkten Resim
[2023-11-08T19:33:57,737] [DEBUG] c.e.t.Gift:116 PNG resim yükleniyor : https://storage.streamdps.com/iblock/702/702e6d0287a1e868c69fbe2f6b3635a6/7a7a82b571ba63ccd3ca514c887b3130.png
[2023-11-08T19:33:57,762] [DEBUG] c.e.t.u.MediaPlayerUtils:105 createImageView
[2023-11-08T19:33:57,762] [DEBUG] c.e.t.Gift:94 Linkten Resim
[2023-11-08T19:33:57,762] [DEBUG] c.e.t.Gift:116 PNG resim yükleniyor : https://storage.streamdps.com/iblock/440/4402267722e227b72adc97db92504b75/ae0f562146e701f32ae96761ac67c5cc.png
[2023-11-08T19:33:57,785] [DEBUG] c.e.t.u.MediaPlayerUtils:105 createImageView
[2023-11-08T19:33:57,785] [DEBUG] c.e.t.Gift:94 Linkten Resim
[2023-11-08T19:33:57,785] [DEBUG] c.e.t.Gift:116 PNG resim yükleniyor : https://storage.streamdps.com/iblock/531/5313a4ca89a7c7588a88898c8f1e9053/dab85392562772099474a050c251d340.png
[2023-11-08T19:33:57,845] [DEBUG] c.e.t.u.MediaPlayerUtils:105 createImageView
[2023-11-08T19:33:57,846] [DEBUG] c.e.t.ThreeTeamsController:184 editVideos
[2023-11-08T19:33:57,846] [DEBUG] c.e.t.u.MediaPlayerUtils:59 getVideo
[2023-11-08T19:33:57,853] [DEBUG] c.e.t.u.MediaPlayerUtils:59 getVideo
[2023-11-08T19:33:57,860] [DEBUG] c.e.t.u.MediaPlayerUtils:59 getVideo
[2023-11-08T19:33:57,863] [DEBUG] c.e.t.ThreeTeamsController:141 createMusicPlayers
[2023-11-08T19:33:57,863] [DEBUG] c.e.t.u.MediaPlayerUtils:31 create volume files
[2023-11-08T19:33:57,868] [DEBUG] c.e.t.u.MediaPlayerUtils:31 create volume files
[2023-11-08T19:33:57,871] [DEBUG] c.e.t.u.MediaPlayerUtils:31 create volume files
[2023-11-08T19:33:57,876] [DEBUG] c.e.t.ThreeTeamsController:148 editMusicPlayers
[2023-11-08T19:33:57,876] [DEBUG] c.e.t.ThreeTeamsController:155 editMusicPlayers
[2023-11-08T19:33:57,876] [DEBUG] c.e.t.ThreeTeamsController:155 editMusicPlayers
[2023-11-08T19:33:57,877] [DEBUG] c.e.t.ThreeTeamsController:155 editMusicPlayers
[2023-11-08T19:33:57,877] [DEBUG] c.e.t.ThreeTeamsController:173 startNeutralMusic
[2023-11-08T19:33:57,880] [DEBUG] c.e.t.ThreeTeamsController:134 createTimelineTeams
[2023-11-08T19:33:57,880] [DEBUG] c.e.t.u.MediaPlayerUtils:31 create volume files
[2023-11-08T19:33:57,887] [DEBUG] c.e.t.u.MediaPlayerUtils:31 create volume files
[2023-11-08T19:33:57,890] [DEBUG] c.e.t.u.MediaPlayerUtils:31 create volume files
[2023-11-08T19:33:57,960] [DEBUG] c.e.t.GiftServer:27 0:0:0:0:0:0:0:1 entered the room!
[2023-11-08T19:33:58,391] [ERROR] c.e.t.ThreeTeamsController:219 3Videoda hata
[2023-11-08T19:33:58,403] [DEBUG] c.e.t.u.MediaPlayerUtils:59 getVideo
[2023-11-08T19:33:58,430] [DEBUG] c.e.t.u.MediaPlayerUtils:43 Ses Videosunda hata
[2023-11-08T19:33:58,449] [DEBUG] c.e.t.u.MediaPlayerUtils:31 create volume files
[2023-11-08T19:34:18,385] [DEBUG] c.e.t.ThreeTeamsController:316 Gift : Rose Gift Toplam Miktari : 1
[2023-11-08T19:34:18,386] [DEBUG] c.e.t.ThreeTeamsController:330 Takım Değişti Team1
[2023-11-08T19:36:18,435] [DEBUG] c.e.t.ThreeTeamsController:254 Takım Belgeseli başlıyor
[2023-11-08T19:37:33,221] [DEBUG] c.e.t.ThreeTeamsController:163 Oynatılacak indexler : 1
[2023-11-08T19:37:40,961] [DEBUG] c.e.t.RaceSettingsController:608 Yarışma Bitirme Butonuna Basıldı
[2023-11-08T19:37:40,961] [DEBUG] c.e.t.ThreeTeamsController:529 finishRace
[2023-11-08T19:37:40,992] [DEBUG] c.e.t.u.MediaPlayerUtils:59 getVideo
[2023-11-08T19:37:50,816] [DEBUG] c.e.t.RaceSettingsController:362 Yarışma Kapatma isteği geldi
[2023-11-08T19:37:50,816] [DEBUG] c.e.t.ThreeTeamsController:471 Kapatma isteği
[2023-11-08T19:37:50,816] [DEBUG] c.e.t.GiftServer:70 addCloseMessageBlockingQueue
[2023-11-08T19:37:50,817] [DEBUG] c.e.t.ThreeTeamsController:298 ArrayListe close mesajı geldi
[2023-11-08T19:37:50,817] [DEBUG] c.e.t.ThreeTeamsController:441 While Döngüsünden cikis yapildi
[2023-11-08T19:37:50,988] [DEBUG] c.e.t.u.RunWSController:35 TiktokWS Kapatılıyor : 2244
[2023-11-08T19:37:51,132] [DEBUG] c.e.t.u.RunWSController:41 İşlem başarıyla sonlandırıldı.
[2023-11-08T19:37:51,139] [DEBUG] c.e.t.GiftServer:33 org.java_websocket.WebSocketImpl@18511702 has left the room!
[2023-11-08T19:39:21,296] [DEBUG] c.e.t.RaceSettingsController:281 Yarışma Başladı-startRaceAction
[2023-11-08T19:39:21,300] [DEBUG] c.e.t.u.XMLUtils:38 XML belgesi oluşturuldu.
[2023-11-08T19:39:21,300] [DEBUG] c.e.t.RaceSettingsController:338 3 takımlı yarışma başlatılıyor
[2023-11-08T19:39:21,301] [DEBUG] c.e.t.u.RunWSController:22 Tiktok ws socket başlatılıyor : yayın ismi aytcsn, port 8787
[2023-11-08T19:39:21,306] [DEBUG] c.e.t.u.RunWSController:29 Başlatılan İşlem PID: 12476
[2023-11-08T19:39:21,325] [DEBUG] c.e.t.RaceSettingsController:596 Get ComboBox Gifts
[2023-11-08T19:39:21,325] [DEBUG] c.e.t.RaceSettingsController:596 Get ComboBox Gifts
[2023-11-08T19:39:21,325] [DEBUG] c.e.t.RaceSettingsController:596 Get ComboBox Gifts
[2023-11-08T19:39:21,325] [DEBUG] c.e.t.ThreeTeamsController:108 3 takımlı yarış display
[2023-11-08T19:39:21,325] [DEBUG] c.e.t.ThreeTeamsController:237 editFolders
[2023-11-08T19:39:21,325] [DEBUG] c.e.t.Gift:62 Gift Listesi Parse Ediliyor
[2023-11-08T19:39:21,332] [DEBUG] c.e.t.u.MediaPlayerUtils:81 teamGifts
[2023-11-08T19:39:21,332] [DEBUG] c.e.t.u.MediaPlayerUtils:81 teamGifts
[2023-11-08T19:39:21,332] [DEBUG] c.e.t.u.MediaPlayerUtils:81 teamGifts
[2023-11-08T19:39:21,332] [DEBUG] c.e.t.ThreeTeamsController:230 editHBoxes
[2023-11-08T19:39:21,332] [DEBUG] c.e.t.u.MediaPlayerUtils:98 CreateGiftsHBOX
[2023-11-08T19:39:21,333] [DEBUG] c.e.t.Gift:94 Linkten Resim
[2023-11-08T19:39:21,333] [DEBUG] c.e.t.Gift:116 PNG resim yükleniyor : https://storage.streamdps.com/iblock/f59/f5902abbd13178017285a308606fd0dd/cf6a40558018965a8171cf5a575dd9de.png
[2023-11-08T19:39:21,457] [DEBUG] c.e.t.u.MediaPlayerUtils:105 createImageView
[2023-11-08T19:39:21,457] [DEBUG] c.e.t.Gift:94 Linkten Resim
[2023-11-08T19:39:21,457] [DEBUG] c.e.t.Gift:116 PNG resim yükleniyor : https://storage.streamdps.com/iblock/b36/b36bb8c332ade25b2e591cd3ed164a99/a06c10f4dc562c24f4f5b6812b9fa01f.png
[2023-11-08T19:39:21,486] [DEBUG] c.e.t.u.MediaPlayerUtils:105 createImageView
[2023-11-08T19:39:21,486] [DEBUG] c.e.t.Gift:94 Linkten Resim
[2023-11-08T19:39:21,486] [DEBUG] c.e.t.Gift:116 PNG resim yükleniyor : https://storage.streamdps.com/iblock/688/688f0c350f9cd9751cb02659f4ab105e/2b2d66c2f9767fc8332ee1b5ba0c1057.png
[2023-11-08T19:39:21,524] [DEBUG] c.e.t.u.MediaPlayerUtils:105 createImageView
[2023-11-08T19:39:21,524] [DEBUG] c.e.t.Gift:94 Linkten Resim
[2023-11-08T19:39:21,524] [DEBUG] c.e.t.Gift:116 PNG resim yükleniyor : https://storage.streamdps.com/iblock/6a0/6a0b418bc4ae8f04be3194c88389e9e7/bf071c7cc84cf3aac6435adbd222f577.png
[2023-11-08T19:39:21,549] [DEBUG] c.e.t.u.MediaPlayerUtils:105 createImageView
[2023-11-08T19:39:21,550] [DEBUG] c.e.t.u.MediaPlayerUtils:98 CreateGiftsHBOX
[2023-11-08T19:39:21,550] [DEBUG] c.e.t.Gift:94 Linkten Resim
[2023-11-08T19:39:21,550] [DEBUG] c.e.t.Gift:116 PNG resim yükleniyor : https://storage.streamdps.com/iblock/232/232e2afc8e6c022c5c78df18cf196663/f2ba6300ef54121763648a60d465eef5.png
[2023-11-08T19:39:21,575] [DEBUG] c.e.t.u.MediaPlayerUtils:105 createImageView
[2023-11-08T19:39:21,575] [DEBUG] c.e.t.Gift:94 Linkten Resim
[2023-11-08T19:39:21,575] [DEBUG] c.e.t.Gift:116 PNG resim yükleniyor : https://storage.streamdps.com/iblock/4e3/4e341b08230703a6f09ba3234c3fe717/3854ed8e881ebbe5208882602b30cf88.png
[2023-11-08T19:39:21,606] [DEBUG] c.e.t.u.MediaPlayerUtils:105 createImageView
[2023-11-08T19:39:21,606] [DEBUG] c.e.t.Gift:94 Linkten Resim
[2023-11-08T19:39:21,606] [DEBUG] c.e.t.Gift:116 PNG resim yükleniyor : https://storage.streamdps.com/iblock/46d/46d0f497391a934d27d9b993f444d8b2/121af719b172eed61d8a75c1b1341c9d.png
[2023-11-08T19:39:21,649] [DEBUG] c.e.t.u.MediaPlayerUtils:105 createImageView
[2023-11-08T19:39:21,649] [DEBUG] c.e.t.Gift:94 Linkten Resim
[2023-11-08T19:39:21,649] [DEBUG] c.e.t.Gift:116 PNG resim yükleniyor : https://storage.streamdps.com/iblock/0c4/0c446fb276fafbb0f0d5e3abfedf2510/f4bbea9d03b1453bd37d571282334f1b.png
[2023-11-08T19:39:21,676] [DEBUG] c.e.t.u.MediaPlayerUtils:105 createImageView
[2023-11-08T19:39:21,676] [DEBUG] c.e.t.u.MediaPlayerUtils:98 CreateGiftsHBOX
[2023-11-08T19:39:21,676] [DEBUG] c.e.t.Gift:94 Linkten Resim
[2023-11-08T19:39:21,676] [DEBUG] c.e.t.Gift:116 PNG resim yükleniyor : https://storage.streamdps.com/iblock/50f/50f8e7cf26128a6e10d0b792019c1303/94aa2d574cfe6e3893c087cfb5a5efcd.png
[2023-11-08T19:39:21,706] [DEBUG] c.e.t.u.MediaPlayerUtils:105 createImageView
[2023-11-08T19:39:21,707] [DEBUG] c.e.t.Gift:94 Linkten Resim
[2023-11-08T19:39:21,707] [DEBUG] c.e.t.Gift:116 PNG resim yükleniyor : https://storage.streamdps.com/iblock/702/702e6d0287a1e868c69fbe2f6b3635a6/7a7a82b571ba63ccd3ca514c887b3130.png
[2023-11-08T19:39:21,732] [DEBUG] c.e.t.u.MediaPlayerUtils:105 createImageView
[2023-11-08T19:39:21,732] [DEBUG] c.e.t.Gift:94 Linkten Resim
[2023-11-08T19:39:21,732] [DEBUG] c.e.t.Gift:116 PNG resim yükleniyor : https://storage.streamdps.com/iblock/440/4402267722e227b72adc97db92504b75/ae0f562146e701f32ae96761ac67c5cc.png
[2023-11-08T19:39:21,758] [DEBUG] c.e.t.u.MediaPlayerUtils:105 createImageView
[2023-11-08T19:39:21,758] [DEBUG] c.e.t.Gift:94 Linkten Resim
[2023-11-08T19:39:21,758] [DEBUG] c.e.t.Gift:116 PNG resim yükleniyor : https://storage.streamdps.com/iblock/531/5313a4ca89a7c7588a88898c8f1e9053/dab85392562772099474a050c251d340.png
[2023-11-08T19:39:21,782] [DEBUG] c.e.t.u.MediaPlayerUtils:105 createImageView
[2023-11-08T19:39:21,783] [DEBUG] c.e.t.ThreeTeamsController:184 editVideos
[2023-11-08T19:39:21,783] [DEBUG] c.e.t.u.MediaPlayerUtils:59 getVideo
[2023-11-08T19:39:21,786] [DEBUG] c.e.t.u.MediaPlayerUtils:59 getVideo
[2023-11-08T19:39:21,790] [DEBUG] c.e.t.u.MediaPlayerUtils:59 getVideo
[2023-11-08T19:39:21,793] [DEBUG] c.e.t.ThreeTeamsController:141 createMusicPlayers
[2023-11-08T19:39:21,793] [DEBUG] c.e.t.u.MediaPlayerUtils:31 create volume files
[2023-11-08T19:39:21,798] [DEBUG] c.e.t.GiftServer:27 0:0:0:0:0:0:0:1 entered the room!
[2023-11-08T19:39:21,799] [DEBUG] c.e.t.u.MediaPlayerUtils:31 create volume files
[2023-11-08T19:39:21,802] [DEBUG] c.e.t.u.MediaPlayerUtils:31 create volume files
[2023-11-08T19:39:21,804] [DEBUG] c.e.t.ThreeTeamsController:148 editMusicPlayers
[2023-11-08T19:39:21,805] [DEBUG] c.e.t.ThreeTeamsController:155 editMusicPlayers
[2023-11-08T19:39:21,805] [DEBUG] c.e.t.ThreeTeamsController:155 editMusicPlayers
[2023-11-08T19:39:21,805] [DEBUG] c.e.t.ThreeTeamsController:155 editMusicPlayers
[2023-11-08T19:39:21,805] [DEBUG] c.e.t.ThreeTeamsController:173 startNeutralMusic
[2023-11-08T19:39:21,808] [DEBUG] c.e.t.ThreeTeamsController:134 createTimelineTeams
[2023-11-08T19:39:21,808] [DEBUG] c.e.t.u.MediaPlayerUtils:31 create volume files
[2023-11-08T19:39:21,814] [DEBUG] c.e.t.u.MediaPlayerUtils:31 create volume files
[2023-11-08T19:39:21,818] [DEBUG] c.e.t.u.MediaPlayerUtils:31 create volume files
[2023-11-08T19:40:03,471] [DEBUG] c.e.t.ThreeTeamsController:316 Gift : Turkish coffee Gift Toplam Miktari : 40
[2023-11-08T19:40:03,471] [DEBUG] c.e.t.ThreeTeamsController:433 Farklı Gift
[2023-11-08T19:40:09,918] [DEBUG] c.e.t.ThreeTeamsController:316 Gift : Heart Me Gift Toplam Miktari : 1
[2023-11-08T19:40:09,919] [DEBUG] c.e.t.ThreeTeamsController:433 Farklı Gift
[2023-11-08T19:40:18,828] [DEBUG] c.e.t.ThreeTeamsController:316 Gift : Turkish coffee Gift Toplam Miktari : 10
[2023-11-08T19:40:18,828] [DEBUG] c.e.t.ThreeTeamsController:433 Farklı Gift
[2023-11-08T19:42:28,162] [DEBUG] c.e.t.ThreeTeamsController:316 Gift : TikTok Gift Toplam Miktari : 5
[2023-11-08T19:42:28,162] [DEBUG] c.e.t.ThreeTeamsController:400 Takım Değişti Team3
[2023-11-08T19:42:33,769] [DEBUG] c.e.t.ThreeTeamsController:316 Gift : Heart Gift Toplam Miktari : 10
[2023-11-08T19:42:33,769] [DEBUG] c.e.t.ThreeTeamsController:433 Farklı Gift
[2023-11-08T19:42:40,963] [DEBUG] c.e.t.ThreeTeamsController:316 Gift : Finger Heart Gift Toplam Miktari : 5
[2023-11-08T19:42:46,592] [DEBUG] c.e.t.ThreeTeamsController:316 Gift : Rosa Gift Toplam Miktari : 10
[2023-11-08T19:42:46,592] [DEBUG] c.e.t.ThreeTeamsController:433 Farklı Gift
[2023-11-08T19:42:49,866] [DEBUG] c.e.t.ThreeTeamsController:316 Gift : Turkish coffee Gift Toplam Miktari : 5
[2023-11-08T19:42:49,866] [DEBUG] c.e.t.ThreeTeamsController:433 Farklı Gift
[2023-11-08T19:43:05,722] [DEBUG] c.e.t.ThreeTeamsController:163 Oynatılacak indexler : 0
[2023-11-08T19:43:20,487] [DEBUG] c.e.t.ThreeTeamsController:316 Gift : Rose Gift Toplam Miktari : 1
[2023-11-08T19:43:20,488] [DEBUG] c.e.t.ThreeTeamsController:330 Takım Değişti Team1
[2023-11-08T19:43:31,336] [DEBUG] c.e.t.ThreeTeamsController:316 Gift : Heart Me Gift Toplam Miktari : 1
[2023-11-08T19:43:31,337] [DEBUG] c.e.t.ThreeTeamsController:433 Farklı Gift
[2023-11-08T19:43:40,965] [DEBUG] c.e.t.ThreeTeamsController:316 Gift : Hand Heart Gift Toplam Miktari : 100
[2023-11-08T19:43:40,966] [DEBUG] c.e.t.ThreeTeamsController:433 Farklı Gift
[2023-11-08T19:43:41,784] [DEBUG] c.e.t.ThreeTeamsController:316 Gift : Rose Gift Toplam Miktari : 1
[2023-11-08T19:43:45,775] [DEBUG] c.e.t.ThreeTeamsController:316 Gift : Hand Heart Gift Toplam Miktari : 100
[2023-11-08T19:43:45,776] [DEBUG] c.e.t.ThreeTeamsController:433 Farklı Gift
[2023-11-08T19:43:50,593] [DEBUG] c.e.t.ThreeTeamsController:316 Gift : Ice Cream Cone Gift Toplam Miktari : 1
[2023-11-08T19:43:50,594] [DEBUG] c.e.t.ThreeTeamsController:433 Farklı Gift
[2023-11-08T19:43:50,594] [DEBUG] c.e.t.ThreeTeamsController:316 Gift : Rose Gift Toplam Miktari : 1
[2023-11-08T19:43:51,408] [DEBUG] c.e.t.ThreeTeamsController:316 Gift : Hand Heart Gift Toplam Miktari : 100
[2023-11-08T19:43:51,408] [DEBUG] c.e.t.ThreeTeamsController:433 Farklı Gift
[2023-11-08T19:43:56,325] [DEBUG] c.e.t.ThreeTeamsController:316 Gift : Chestnuts Gift Toplam Miktari : 1
[2023-11-08T19:43:56,325] [DEBUG] c.e.t.ThreeTeamsController:433 Farklı Gift
[2023-11-08T19:44:29,649] [DEBUG] c.e.t.ThreeTeamsController:316 Gift : Rose Gift Toplam Miktari : 1
[2023-11-08T19:44:34,418] [DEBUG] c.e.t.ThreeTeamsController:316 Gift : Fireworks Gift Toplam Miktari : 1088
[2023-11-08T19:44:34,418] [DEBUG] c.e.t.ThreeTeamsController:433 Farklı Gift
[2023-11-08T19:44:45,682] [DEBUG] c.e.t.ThreeTeamsController:316 Gift : Rose Gift Toplam Miktari : 1
[2023-11-08T19:44:45,683] [DEBUG] c.e.t.ThreeTeamsController:316 Gift : Fireworks Gift Toplam Miktari : 1088
[2023-11-08T19:44:45,683] [DEBUG] c.e.t.ThreeTeamsController:433 Farklı Gift
[2023-11-08T19:44:51,210] [DEBUG] c.e.t.ThreeTeamsController:316 Gift : Rose Gift Toplam Miktari : 10
[2023-11-08T19:44:53,666] [DEBUG] c.e.t.ThreeTeamsController:316 Gift : Rose Gift Toplam Miktari : 2
[2023-11-08T19:45:20,551] [DEBUG] c.e.t.ThreeTeamsController:254 Takım Belgeseli başlıyor
[2023-11-08T19:45:22,751] [DEBUG] c.e.t.ThreeTeamsController:316 Gift : Heart Me Gift Toplam Miktari : 1
[2023-11-08T19:45:22,751] [DEBUG] c.e.t.ThreeTeamsController:433 Farklı Gift
[2023-11-08T19:46:35,338] [DEBUG] c.e.t.ThreeTeamsController:163 Oynatılacak indexler : 1
[2023-11-08T19:47:20,551] [DEBUG] c.e.t.ThreeTeamsController:254 Takım Belgeseli başlıyor
[2023-11-08T19:47:41,832] [DEBUG] c.e.t.ThreeTeamsController:529 finishRace
[2023-11-08T19:47:41,864] [DEBUG] c.e.t.u.MediaPlayerUtils:59 getVideo
[2023-11-08T19:47:42,048] [ERROR] c.e.t.ThreeTeamsController:585 Kazanan Takım Videosunda hata
[2023-11-08T19:47:42,067] [DEBUG] c.e.t.u.MediaPlayerUtils:59 getVideo
[2023-11-08T19:47:42,247] [ERROR] c.e.t.ThreeTeamsController:585 Kazanan Takım Videosunda hata
[2023-11-08T19:47:42,257] [DEBUG] c.e.t.u.MediaPlayerUtils:59 getVideo
[2023-11-08T19:47:42,447] [ERROR] c.e.t.ThreeTeamsController:585 Kazanan Takım Videosunda hata
[2023-11-08T19:47:42,457] [DEBUG] c.e.t.u.MediaPlayerUtils:59 getVideo
[2023-11-08T19:47:42,632] [ERROR] c.e.t.ThreeTeamsController:585 Kazanan Takım Videosunda hata
[2023-11-08T19:47:42,642] [DEBUG] c.e.t.u.MediaPlayerUtils:59 getVideo
[2023-11-08T19:48:17,017] [DEBUG] c.e.t.RaceSettingsController:362 Yarışma Kapatma isteği geldi
[2023-11-08T19:48:17,017] [DEBUG] c.e.t.ThreeTeamsController:471 Kapatma isteği
[2023-11-08T19:48:17,017] [DEBUG] c.e.t.GiftServer:70 addCloseMessageBlockingQueue
[2023-11-08T19:48:17,017] [DEBUG] c.e.t.ThreeTeamsController:298 ArrayListe close mesajı geldi
[2023-11-08T19:48:17,018] [DEBUG] c.e.t.ThreeTeamsController:441 While Döngüsünden cikis yapildi
[2023-11-08T19:48:17,116] [DEBUG] c.e.t.u.RunWSController:35 TiktokWS Kapatılıyor : 12476
[2023-11-08T19:48:17,286] [DEBUG] c.e.t.GiftServer:33 org.java_websocket.WebSocketImpl@743390fd has left the room!
[2023-11-08T19:48:17,291] [DEBUG] c.e.t.u.RunWSController:41 İşlem başarıyla sonlandırıldı.
[2023-11-08T19:48:19,745] [DEBUG] c.e.t.RaceSettingsController:281 Yarışma Başladı-startRaceAction
[2023-11-08T19:48:19,748] [DEBUG] c.e.t.u.XMLUtils:38 XML belgesi oluşturuldu.
[2023-11-08T19:48:19,748] [DEBUG] c.e.t.RaceSettingsController:338 3 takımlı yarışma başlatılıyor
[2023-11-08T19:48:19,748] [DEBUG] c.e.t.u.RunWSController:22 Tiktok ws socket başlatılıyor : yayın ismi aytcsn, port 8787
[2023-11-08T19:48:19,751] [DEBUG] c.e.t.u.RunWSController:29 Başlatılan İşlem PID: 19564
[2023-11-08T19:48:19,761] [DEBUG] c.e.t.RaceSettingsController:596 Get ComboBox Gifts
[2023-11-08T19:48:19,761] [DEBUG] c.e.t.RaceSettingsController:596 Get ComboBox Gifts
[2023-11-08T19:48:19,761] [DEBUG] c.e.t.RaceSettingsController:596 Get ComboBox Gifts
[2023-11-08T19:48:19,763] [DEBUG] c.e.t.ThreeTeamsController:108 3 takımlı yarış display
[2023-11-08T19:48:19,763] [DEBUG] c.e.t.ThreeTeamsController:237 editFolders
[2023-11-08T19:48:19,763] [DEBUG] c.e.t.Gift:62 Gift Listesi Parse Ediliyor
[2023-11-08T19:48:19,766] [DEBUG] c.e.t.u.MediaPlayerUtils:81 teamGifts
[2023-11-08T19:48:19,766] [DEBUG] c.e.t.u.MediaPlayerUtils:81 teamGifts
[2023-11-08T19:48:19,766] [DEBUG] c.e.t.u.MediaPlayerUtils:81 teamGifts
[2023-11-08T19:48:19,766] [DEBUG] c.e.t.ThreeTeamsController:230 editHBoxes
[2023-11-08T19:48:19,767] [DEBUG] c.e.t.u.MediaPlayerUtils:98 CreateGiftsHBOX
[2023-11-08T19:48:19,767] [DEBUG] c.e.t.Gift:94 Linkten Resim
[2023-11-08T19:48:19,767] [DEBUG] c.e.t.Gift:116 PNG resim yükleniyor : https://storage.streamdps.com/iblock/f59/f5902abbd13178017285a308606fd0dd/cf6a40558018965a8171cf5a575dd9de.png
[2023-11-08T19:48:19,904] [DEBUG] c.e.t.u.MediaPlayerUtils:105 createImageView
[2023-11-08T19:48:19,905] [DEBUG] c.e.t.Gift:94 Linkten Resim
[2023-11-08T19:48:19,905] [DEBUG] c.e.t.Gift:116 PNG resim yükleniyor : https://storage.streamdps.com/iblock/b36/b36bb8c332ade25b2e591cd3ed164a99/a06c10f4dc562c24f4f5b6812b9fa01f.png
[2023-11-08T19:48:19,947] [DEBUG] c.e.t.u.MediaPlayerUtils:105 createImageView
[2023-11-08T19:48:19,947] [DEBUG] c.e.t.Gift:94 Linkten Resim
[2023-11-08T19:48:19,947] [DEBUG] c.e.t.Gift:116 PNG resim yükleniyor : https://storage.streamdps.com/iblock/688/688f0c350f9cd9751cb02659f4ab105e/2b2d66c2f9767fc8332ee1b5ba0c1057.png
[2023-11-08T19:48:19,972] [DEBUG] c.e.t.u.MediaPlayerUtils:105 createImageView
[2023-11-08T19:48:19,972] [DEBUG] c.e.t.Gift:94 Linkten Resim
[2023-11-08T19:48:19,972] [DEBUG] c.e.t.Gift:116 PNG resim yükleniyor : https://storage.streamdps.com/iblock/6a0/6a0b418bc4ae8f04be3194c88389e9e7/bf071c7cc84cf3aac6435adbd222f577.png
[2023-11-08T19:48:19,998] [DEBUG] c.e.t.u.MediaPlayerUtils:105 createImageView
[2023-11-08T19:48:19,999] [DEBUG] c.e.t.u.MediaPlayerUtils:98 CreateGiftsHBOX
[2023-11-08T19:48:19,999] [DEBUG] c.e.t.Gift:94 Linkten Resim
[2023-11-08T19:48:19,999] [DEBUG] c.e.t.Gift:116 PNG resim yükleniyor : https://storage.streamdps.com/iblock/232/232e2afc8e6c022c5c78df18cf196663/f2ba6300ef54121763648a60d465eef5.png
[2023-11-08T19:48:20,027] [DEBUG] c.e.t.u.MediaPlayerUtils:105 createImageView
[2023-11-08T19:48:20,028] [DEBUG] c.e.t.Gift:94 Linkten Resim
[2023-11-08T19:48:20,028] [DEBUG] c.e.t.Gift:116 PNG resim yükleniyor : https://storage.streamdps.com/iblock/4e3/4e341b08230703a6f09ba3234c3fe717/3854ed8e881ebbe5208882602b30cf88.png
[2023-11-08T19:48:20,053] [DEBUG] c.e.t.u.MediaPlayerUtils:105 createImageView
[2023-11-08T19:48:20,053] [DEBUG] c.e.t.Gift:94 Linkten Resim
[2023-11-08T19:48:20,053] [DEBUG] c.e.t.Gift:116 PNG resim yükleniyor : https://storage.streamdps.com/iblock/46d/46d0f497391a934d27d9b993f444d8b2/121af719b172eed61d8a75c1b1341c9d.png
[2023-11-08T19:48:20,080] [DEBUG] c.e.t.u.MediaPlayerUtils:105 createImageView
[2023-11-08T19:48:20,080] [DEBUG] c.e.t.Gift:94 Linkten Resim
[2023-11-08T19:48:20,080] [DEBUG] c.e.t.Gift:116 PNG resim yükleniyor : https://storage.streamdps.com/iblock/0c4/0c446fb276fafbb0f0d5e3abfedf2510/f4bbea9d03b1453bd37d571282334f1b.png
[2023-11-08T19:48:20,105] [DEBUG] c.e.t.u.MediaPlayerUtils:105 createImageView
[2023-11-08T19:48:20,105] [DEBUG] c.e.t.u.MediaPlayerUtils:98 CreateGiftsHBOX
[2023-11-08T19:48:20,105] [DEBUG] c.e.t.Gift:94 Linkten Resim
[2023-11-08T19:48:20,105] [DEBUG] c.e.t.Gift:116 PNG resim yükleniyor : https://storage.streamdps.com/iblock/50f/50f8e7cf26128a6e10d0b792019c1303/94aa2d574cfe6e3893c087cfb5a5efcd.png
[2023-11-08T19:48:20,127] [DEBUG] c.e.t.u.MediaPlayerUtils:105 createImageView
[2023-11-08T19:48:20,127] [DEBUG] c.e.t.Gift:94 Linkten Resim
[2023-11-08T19:48:20,127] [DEBUG] c.e.t.Gift:116 PNG resim yükleniyor : https://storage.streamdps.com/iblock/702/702e6d0287a1e868c69fbe2f6b3635a6/7a7a82b571ba63ccd3ca514c887b3130.png
[2023-11-08T19:48:20,153] [DEBUG] c.e.t.u.MediaPlayerUtils:105 createImageView
[2023-11-08T19:48:20,153] [DEBUG] c.e.t.Gift:94 Linkten Resim
[2023-11-08T19:48:20,154] [DEBUG] c.e.t.Gift:116 PNG resim yükleniyor : https://storage.streamdps.com/iblock/440/4402267722e227b72adc97db92504b75/ae0f562146e701f32ae96761ac67c5cc.png
[2023-11-08T19:48:20,178] [DEBUG] c.e.t.u.MediaPlayerUtils:105 createImageView
[2023-11-08T19:48:20,178] [DEBUG] c.e.t.Gift:94 Linkten Resim
[2023-11-08T19:48:20,178] [DEBUG] c.e.t.Gift:116 PNG resim yükleniyor : https://storage.streamdps.com/iblock/531/5313a4ca89a7c7588a88898c8f1e9053/dab85392562772099474a050c251d340.png
[2023-11-08T19:48:20,203] [DEBUG] c.e.t.u.MediaPlayerUtils:105 createImageView
[2023-11-08T19:48:20,204] [DEBUG] c.e.t.ThreeTeamsController:184 editVideos
[2023-11-08T19:48:20,204] [DEBUG] c.e.t.u.MediaPlayerUtils:59 getVideo
[2023-11-08T19:48:20,208] [DEBUG] c.e.t.u.MediaPlayerUtils:59 getVideo
[2023-11-08T19:48:20,211] [DEBUG] c.e.t.u.MediaPlayerUtils:59 getVideo
[2023-11-08T19:48:20,214] [DEBUG] c.e.t.ThreeTeamsController:141 createMusicPlayers
[2023-11-08T19:48:20,214] [DEBUG] c.e.t.u.MediaPlayerUtils:31 create volume files
[2023-11-08T19:48:20,219] [DEBUG] c.e.t.u.MediaPlayerUtils:31 create volume files
[2023-11-08T19:48:20,221] [DEBUG] c.e.t.u.MediaPlayerUtils:31 create volume files
[2023-11-08T19:48:20,225] [DEBUG] c.e.t.ThreeTeamsController:148 editMusicPlayers
[2023-11-08T19:48:20,225] [DEBUG] c.e.t.ThreeTeamsController:155 editMusicPlayers
[2023-11-08T19:48:20,225] [DEBUG] c.e.t.ThreeTeamsController:155 editMusicPlayers
[2023-11-08T19:48:20,225] [DEBUG] c.e.t.ThreeTeamsController:155 editMusicPlayers
[2023-11-08T19:48:20,225] [DEBUG] c.e.t.ThreeTeamsController:173 startNeutralMusic
[2023-11-08T19:48:20,229] [DEBUG] c.e.t.ThreeTeamsController:134 createTimelineTeams
[2023-11-08T19:48:20,229] [DEBUG] c.e.t.u.MediaPlayerUtils:31 create volume files
[2023-11-08T19:48:20,235] [DEBUG] c.e.t.u.MediaPlayerUtils:31 create volume files
[2023-11-08T19:48:20,238] [DEBUG] c.e.t.u.MediaPlayerUtils:31 create volume files
[2023-11-08T19:48:20,241] [DEBUG] c.e.t.GiftServer:27 0:0:0:0:0:0:0:1 entered the room!
[2023-11-08T19:48:20,630] [DEBUG] c.e.t.u.MediaPlayerUtils:43 Ses Videosunda hata
[2023-11-08T19:48:20,640] [DEBUG] c.e.t.u.MediaPlayerUtils:31 create volume files
[2023-11-08T19:50:36,911] [DEBUG] c.e.t.ThreeTeamsController:316 Gift : Rose Gift Toplam Miktari : 1
[2023-11-08T19:50:36,912] [DEBUG] c.e.t.ThreeTeamsController:330 Takım Değişti Team1
[2023-11-08T19:50:49,700] [DEBUG] c.e.t.ThreeTeamsController:316 Gift : Rose Gift Toplam Miktari : 1
[2023-11-08T19:50:59,407] [DEBUG] c.e.t.RaceSettingsController:608 Yarışma Bitirme Butonuna Basıldı
[2023-11-08T19:50:59,407] [DEBUG] c.e.t.ThreeTeamsController:529 finishRace
[2023-11-08T19:50:59,437] [DEBUG] c.e.t.u.MediaPlayerUtils:59 getVideo
[2023-11-08T19:51:02,015] [DEBUG] c.e.t.RaceSettingsController:362 Yarışma Kapatma isteği geldi
[2023-11-08T19:51:02,015] [DEBUG] c.e.t.ThreeTeamsController:471 Kapatma isteği
[2023-11-08T19:51:02,015] [DEBUG] c.e.t.GiftServer:70 addCloseMessageBlockingQueue
[2023-11-08T19:51:02,015] [DEBUG] c.e.t.ThreeTeamsController:298 ArrayListe close mesajı geldi
[2023-11-08T19:51:02,017] [DEBUG] c.e.t.ThreeTeamsController:441 While Döngüsünden cikis yapildi
[2023-11-08T19:51:02,120] [DEBUG] c.e.t.u.RunWSController:35 TiktokWS Kapatılıyor : 19564
[2023-11-08T19:51:02,299] [DEBUG] c.e.t.u.RunWSController:41 İşlem başarıyla sonlandırıldı.
[2023-11-08T19:51:02,315] [DEBUG] c.e.t.GiftServer:33 org.java_websocket.WebSocketImpl@1e090ca1 has left the room!
[2023-11-08T19:51:03,933] [DEBUG] c.e.t.RaceSettingsController:641 fileselectorBackgroundımageAction
[2023-11-08T19:51:04,962] [DEBUG] c.e.t.RaceSettingsController:281 Yarışma Başladı-startRaceAction
[2023-11-08T19:51:04,964] [DEBUG] c.e.t.u.XMLUtils:38 XML belgesi oluşturuldu.
[2023-11-08T19:51:04,964] [DEBUG] c.e.t.RaceSettingsController:445 8 takımlı yarışma başlatılıyor
[2023-11-08T19:51:04,964] [DEBUG] c.e.t.u.RunWSController:22 Tiktok ws socket başlatılıyor : yayın ismi aytcsn, port 8787
[2023-11-08T19:51:04,968] [DEBUG] c.e.t.u.RunWSController:29 Başlatılan İşlem PID: 12168
[2023-11-08T19:51:04,982] [DEBUG] c.e.t.RaceSettingsController:596 Get ComboBox Gifts
[2023-11-08T19:51:04,982] [DEBUG] c.e.t.RaceSettingsController:596 Get ComboBox Gifts
[2023-11-08T19:51:04,982] [DEBUG] c.e.t.RaceSettingsController:596 Get ComboBox Gifts
[2023-11-08T19:51:04,982] [DEBUG] c.e.t.RaceSettingsController:596 Get ComboBox Gifts
[2023-11-08T19:51:04,982] [DEBUG] c.e.t.RaceSettingsController:596 Get ComboBox Gifts
[2023-11-08T19:51:04,982] [DEBUG] c.e.t.RaceSettingsController:596 Get ComboBox Gifts
[2023-11-08T19:51:04,982] [DEBUG] c.e.t.RaceSettingsController:596 Get ComboBox Gifts
[2023-11-08T19:51:04,982] [DEBUG] c.e.t.RaceSettingsController:596 Get ComboBox Gifts
[2023-11-08T19:51:04,983] [DEBUG] c.e.t.EightTeamsController:166 8 takımlı yarış display
[2023-11-08T19:51:04,983] [DEBUG] c.e.t.EightTeamsController:367 editFolders
[2023-11-08T19:51:04,983] [DEBUG] c.e.t.Gift:62 Gift Listesi Parse Ediliyor
[2023-11-08T19:51:04,987] [DEBUG] c.e.t.u.MediaPlayerUtils:81 teamGifts
[2023-11-08T19:51:04,988] [DEBUG] c.e.t.u.MediaPlayerUtils:81 teamGifts
[2023-11-08T19:51:04,988] [DEBUG] c.e.t.u.MediaPlayerUtils:81 teamGifts
[2023-11-08T19:51:04,988] [DEBUG] c.e.t.u.MediaPlayerUtils:81 teamGifts
[2023-11-08T19:51:04,988] [DEBUG] c.e.t.u.MediaPlayerUtils:81 teamGifts
[2023-11-08T19:51:04,988] [DEBUG] c.e.t.u.MediaPlayerUtils:81 teamGifts
[2023-11-08T19:51:04,988] [DEBUG] c.e.t.u.MediaPlayerUtils:81 teamGifts
[2023-11-08T19:51:04,988] [DEBUG] c.e.t.u.MediaPlayerUtils:81 teamGifts
[2023-11-08T19:51:04,988] [DEBUG] c.e.t.EightTeamsController:355 editHBoxes
[2023-11-08T19:51:04,988] [DEBUG] c.e.t.u.MediaPlayerUtils:98 CreateGiftsHBOX
[2023-11-08T19:51:04,989] [DEBUG] c.e.t.Gift:94 Linkten Resim
[2023-11-08T19:51:04,989] [DEBUG] c.e.t.Gift:116 PNG resim yükleniyor : https://storage.streamdps.com/iblock/f59/f5902abbd13178017285a308606fd0dd/cf6a40558018965a8171cf5a575dd9de.png
[2023-11-08T19:51:05,062] [DEBUG] c.e.t.u.MediaPlayerUtils:105 createImageView
[2023-11-08T19:51:05,062] [DEBUG] c.e.t.Gift:94 Linkten Resim
[2023-11-08T19:51:05,062] [DEBUG] c.e.t.Gift:116 PNG resim yükleniyor : https://storage.streamdps.com/iblock/b36/b36bb8c332ade25b2e591cd3ed164a99/a06c10f4dc562c24f4f5b6812b9fa01f.png
[2023-11-08T19:51:05,087] [DEBUG] c.e.t.u.MediaPlayerUtils:105 createImageView
[2023-11-08T19:51:05,087] [DEBUG] c.e.t.Gift:94 Linkten Resim
[2023-11-08T19:51:05,087] [DEBUG] c.e.t.Gift:116 PNG resim yükleniyor : https://storage.streamdps.com/iblock/688/688f0c350f9cd9751cb02659f4ab105e/2b2d66c2f9767fc8332ee1b5ba0c1057.png
[2023-11-08T19:51:05,108] [DEBUG] c.e.t.u.MediaPlayerUtils:105 createImageView
[2023-11-08T19:51:05,109] [DEBUG] c.e.t.Gift:94 Linkten Resim
[2023-11-08T19:51:05,109] [DEBUG] c.e.t.Gift:116 PNG resim yükleniyor : https://storage.streamdps.com/iblock/6a0/6a0b418bc4ae8f04be3194c88389e9e7/bf071c7cc84cf3aac6435adbd222f577.png
[2023-11-08T19:51:05,134] [DEBUG] c.e.t.u.MediaPlayerUtils:105 createImageView
[2023-11-08T19:51:05,135] [DEBUG] c.e.t.u.MediaPlayerUtils:98 CreateGiftsHBOX
[2023-11-08T19:51:05,135] [DEBUG] c.e.t.Gift:94 Linkten Resim
[2023-11-08T19:51:05,135] [DEBUG] c.e.t.Gift:116 PNG resim yükleniyor : https://storage.streamdps.com/iblock/232/232e2afc8e6c022c5c78df18cf196663/f2ba6300ef54121763648a60d465eef5.png
[2023-11-08T19:51:05,161] [DEBUG] c.e.t.u.MediaPlayerUtils:105 createImageView
[2023-11-08T19:51:05,161] [DEBUG] c.e.t.Gift:94 Linkten Resim
[2023-11-08T19:51:05,161] [DEBUG] c.e.t.Gift:116 PNG resim yükleniyor : https://storage.streamdps.com/iblock/4e3/4e341b08230703a6f09ba3234c3fe717/3854ed8e881ebbe5208882602b30cf88.png
[2023-11-08T19:51:05,190] [DEBUG] c.e.t.u.MediaPlayerUtils:105 createImageView
[2023-11-08T19:51:05,190] [DEBUG] c.e.t.Gift:94 Linkten Resim
[2023-11-08T19:51:05,190] [DEBUG] c.e.t.Gift:116 PNG resim yükleniyor : https://storage.streamdps.com/iblock/46d/46d0f497391a934d27d9b993f444d8b2/121af719b172eed61d8a75c1b1341c9d.png
[2023-11-08T19:51:05,225] [DEBUG] c.e.t.u.MediaPlayerUtils:105 createImageView
[2023-11-08T19:51:05,226] [DEBUG] c.e.t.Gift:94 Linkten Resim
[2023-11-08T19:51:05,226] [DEBUG] c.e.t.Gift:116 PNG resim yükleniyor : https://storage.streamdps.com/iblock/0c4/0c446fb276fafbb0f0d5e3abfedf2510/f4bbea9d03b1453bd37d571282334f1b.png
[2023-11-08T19:51:05,256] [DEBUG] c.e.t.u.MediaPlayerUtils:105 createImageView
[2023-11-08T19:51:05,256] [DEBUG] c.e.t.u.MediaPlayerUtils:98 CreateGiftsHBOX
[2023-11-08T19:51:05,256] [DEBUG] c.e.t.Gift:94 Linkten Resim
[2023-11-08T19:51:05,256] [DEBUG] c.e.t.Gift:116 PNG resim yükleniyor : https://storage.streamdps.com/iblock/50f/50f8e7cf26128a6e10d0b792019c1303/94aa2d574cfe6e3893c087cfb5a5efcd.png
[2023-11-08T19:51:05,281] [DEBUG] c.e.t.u.MediaPlayerUtils:105 createImageView
[2023-11-08T19:51:05,281] [DEBUG] c.e.t.Gift:94 Linkten Resim
[2023-11-08T19:51:05,281] [DEBUG] c.e.t.Gift:116 PNG resim yükleniyor : https://storage.streamdps.com/iblock/702/702e6d0287a1e868c69fbe2f6b3635a6/7a7a82b571ba63ccd3ca514c887b3130.png
[2023-11-08T19:51:05,308] [DEBUG] c.e.t.u.MediaPlayerUtils:105 createImageView
[2023-11-08T19:51:05,308] [DEBUG] c.e.t.Gift:94 Linkten Resim
[2023-11-08T19:51:05,308] [DEBUG] c.e.t.Gift:116 PNG resim yükleniyor : https://storage.streamdps.com/iblock/440/4402267722e227b72adc97db92504b75/ae0f562146e701f32ae96761ac67c5cc.png
[2023-11-08T19:51:05,332] [DEBUG] c.e.t.u.MediaPlayerUtils:105 createImageView
[2023-11-08T19:51:05,332] [DEBUG] c.e.t.Gift:94 Linkten Resim
[2023-11-08T19:51:05,332] [DEBUG] c.e.t.Gift:116 PNG resim yükleniyor : https://storage.streamdps.com/iblock/531/5313a4ca89a7c7588a88898c8f1e9053/dab85392562772099474a050c251d340.png
[2023-11-08T19:51:05,357] [DEBUG] c.e.t.u.MediaPlayerUtils:105 createImageView
[2023-11-08T19:51:05,357] [DEBUG] c.e.t.u.MediaPlayerUtils:98 CreateGiftsHBOX
[2023-11-08T19:51:05,357] [DEBUG] c.e.t.Gift:94 Linkten Resim
[2023-11-08T19:51:05,357] [DEBUG] c.e.t.Gift:116 PNG resim yükleniyor : https://storage.streamdps.com/iblock/006/006d256121db1824975ae0f9f8a0fd1d/775b702c6935f6b7fc82fca6221d65b0.png
[2023-11-08T19:51:05,445] [DEBUG] c.e.t.u.MediaPlayerUtils:105 createImageView
[2023-11-08T19:51:05,445] [DEBUG] c.e.t.Gift:94 Linkten Resim
[2023-11-08T19:51:05,445] [DEBUG] c.e.t.Gift:116 PNG resim yükleniyor : https://storage.streamdps.com/iblock/702/702e6d0287a1e868c69fbe2f6b3635a6/7a7a82b571ba63ccd3ca514c887b3130.png
[2023-11-08T19:51:05,471] [DEBUG] c.e.t.GiftServer:27 0:0:0:0:0:0:0:1 entered the room!
[2023-11-08T19:51:05,474] [DEBUG] c.e.t.u.MediaPlayerUtils:105 createImageView
[2023-11-08T19:51:05,474] [DEBUG] c.e.t.Gift:94 Linkten Resim
[2023-11-08T19:51:05,474] [DEBUG] c.e.t.Gift:116 PNG resim yükleniyor : https://storage.streamdps.com/iblock/440/4402267722e227b72adc97db92504b75/ae0f562146e701f32ae96761ac67c5cc.png
[2023-11-08T19:51:05,495] [DEBUG] c.e.t.u.MediaPlayerUtils:105 createImageView
[2023-11-08T19:51:05,495] [DEBUG] c.e.t.Gift:94 Linkten Resim
[2023-11-08T19:51:05,495] [DEBUG] c.e.t.Gift:116 PNG resim yükleniyor : https://storage.streamdps.com/iblock/8d4/8d46ea77e77b6381f77b5867422c5f25/4d31f74591b77f27603315eb1f44488f.png
[2023-11-08T19:51:05,609] [DEBUG] c.e.t.u.MediaPlayerUtils:105 createImageView
[2023-11-08T19:51:05,609] [DEBUG] c.e.t.u.MediaPlayerUtils:98 CreateGiftsHBOX
[2023-11-08T19:51:05,609] [DEBUG] c.e.t.Gift:94 Linkten Resim
[2023-11-08T19:51:05,609] [DEBUG] c.e.t.Gift:116 PNG resim yükleniyor : https://storage.streamdps.com/iblock/c85/c855c7003790c37323c0454fb8d88da2/3ae51d5df6848ac6871061d536a23f6f.png
[2023-11-08T19:51:05,755] [DEBUG] c.e.t.u.MediaPlayerUtils:105 createImageView
[2023-11-08T19:51:05,755] [DEBUG] c.e.t.Gift:94 Linkten Resim
[2023-11-08T19:51:05,755] [DEBUG] c.e.t.Gift:116 PNG resim yükleniyor : https://storage.streamdps.com/iblock/046/046417f5f825f44235c2ae98c56703a2/925cc55f3650d03ad58de6fa0edec143.png
[2023-11-08T19:51:05,834] [DEBUG] c.e.t.u.MediaPlayerUtils:105 createImageView
[2023-11-08T19:51:05,834] [DEBUG] c.e.t.Gift:94 Linkten Resim
[2023-11-08T19:51:05,834] [DEBUG] c.e.t.Gift:116 PNG resim yükleniyor : https://storage.streamdps.com/iblock/4e3/4e341b08230703a6f09ba3234c3fe717/3854ed8e881ebbe5208882602b30cf88.png
[2023-11-08T19:51:05,863] [DEBUG] c.e.t.u.MediaPlayerUtils:105 createImageView
[2023-11-08T19:51:05,863] [DEBUG] c.e.t.Gift:94 Linkten Resim
[2023-11-08T19:51:05,863] [DEBUG] c.e.t.Gift:116 PNG resim yükleniyor : https://storage.streamdps.com/iblock/006/006d256121db1824975ae0f9f8a0fd1d/775b702c6935f6b7fc82fca6221d65b0.png
[2023-11-08T19:51:05,894] [DEBUG] c.e.t.u.MediaPlayerUtils:105 createImageView
[2023-11-08T19:51:05,895] [DEBUG] c.e.t.u.MediaPlayerUtils:98 CreateGiftsHBOX
[2023-11-08T19:51:05,895] [DEBUG] c.e.t.Gift:94 Linkten Resim
[2023-11-08T19:51:05,895] [DEBUG] c.e.t.Gift:116 PNG resim yükleniyor : https://storage.streamdps.com/iblock/55f/55f832ac0d4e25f2527b2cf87ae8af08/ec99908e1787ae32c1387a20db7ca5ac.png
[2023-11-08T19:51:06,024] [DEBUG] c.e.t.u.MediaPlayerUtils:105 createImageView
[2023-11-08T19:51:06,024] [DEBUG] c.e.t.Gift:94 Linkten Resim
[2023-11-08T19:51:06,024] [DEBUG] c.e.t.Gift:116 PNG resim yükleniyor : https://storage.streamdps.com/iblock/7af/7afe4a4d67c1343a2df4703537b897eb/cd51c9bbb8291363ea4189bd2370eb8c.png
[2023-11-08T19:51:06,210] [DEBUG] c.e.t.u.MediaPlayerUtils:105 createImageView
[2023-11-08T19:51:06,210] [DEBUG] c.e.t.Gift:94 Linkten Resim
[2023-11-08T19:51:06,210] [DEBUG] c.e.t.Gift:116 PNG resim yükleniyor : https://storage.streamdps.com/iblock/50d/50df20e691bbeeeb1c2faf03c2c86243/2b412c3b322b27cd9836bbe636ea2a1d.png
[2023-11-08T19:51:06,276] [DEBUG] c.e.t.u.MediaPlayerUtils:105 createImageView
[2023-11-08T19:51:06,277] [DEBUG] c.e.t.Gift:94 Linkten Resim
[2023-11-08T19:51:06,277] [DEBUG] c.e.t.Gift:116 PNG resim yükleniyor : https://storage.streamdps.com/iblock/919/9191409989dbc6bb4808ce18f8d0d0d7/bc837a05add0cf0f37e946d605df1a54.png
[2023-11-08T19:51:06,390] [DEBUG] c.e.t.u.MediaPlayerUtils:105 createImageView
[2023-11-08T19:51:06,390] [DEBUG] c.e.t.u.MediaPlayerUtils:98 CreateGiftsHBOX
[2023-11-08T19:51:06,390] [DEBUG] c.e.t.Gift:94 Linkten Resim
[2023-11-08T19:51:06,390] [DEBUG] c.e.t.Gift:116 PNG resim yükleniyor : https://storage.streamdps.com/iblock/ef7/ef776169ede6c4a635cef2b3ab35d29a/7683229a73330c04463d2b97984ea114.png
[2023-11-08T19:51:06,604] [DEBUG] c.e.t.u.MediaPlayerUtils:105 createImageView
[2023-11-08T19:51:06,605] [DEBUG] c.e.t.Gift:94 Linkten Resim
[2023-11-08T19:51:06,605] [DEBUG] c.e.t.Gift:116 PNG resim yükleniyor : https://storage.streamdps.com/iblock/531/5313a4ca89a7c7588a88898c8f1e9053/dab85392562772099474a050c251d340.png
[2023-11-08T19:51:06,630] [DEBUG] c.e.t.u.MediaPlayerUtils:105 createImageView
[2023-11-08T19:51:06,631] [DEBUG] c.e.t.Gift:94 Linkten Resim
[2023-11-08T19:51:06,631] [DEBUG] c.e.t.Gift:116 PNG resim yükleniyor : https://storage.streamdps.com/iblock/0c4/0c446fb276fafbb0f0d5e3abfedf2510/f4bbea9d03b1453bd37d571282334f1b.png
[2023-11-08T19:51:06,716] [DEBUG] c.e.t.u.MediaPlayerUtils:105 createImageView
[2023-11-08T19:51:06,716] [DEBUG] c.e.t.Gift:94 Linkten Resim
[2023-11-08T19:51:06,716] [DEBUG] c.e.t.Gift:116 PNG resim yükleniyor : https://storage.streamdps.com/iblock/440/4402267722e227b72adc97db92504b75/ae0f562146e701f32ae96761ac67c5cc.png
[2023-11-08T19:51:06,744] [DEBUG] c.e.t.u.MediaPlayerUtils:105 createImageView
[2023-11-08T19:51:06,744] [DEBUG] c.e.t.u.MediaPlayerUtils:98 CreateGiftsHBOX
[2023-11-08T19:51:06,744] [DEBUG] c.e.t.Gift:94 Linkten Resim
[2023-11-08T19:51:06,744] [DEBUG] c.e.t.Gift:116 PNG resim yükleniyor : https://storage.streamdps.com/iblock/2b7/2b715453ba05fa402edba017ac0c11a0/b31ad3573f6b4fe41e89e16f2615606d.png
[2023-11-08T19:51:06,825] [DEBUG] c.e.t.u.MediaPlayerUtils:105 createImageView
[2023-11-08T19:51:06,825] [DEBUG] c.e.t.Gift:94 Linkten Resim
[2023-11-08T19:51:06,825] [DEBUG] c.e.t.Gift:116 PNG resim yükleniyor : https://storage.streamdps.com/iblock/ef8/ef8e2b32aa2e81e7c7efa1e6913dcbc6/0282de629a9d41f4862150bec2e4f35b.png
[2023-11-08T19:51:06,903] [DEBUG] c.e.t.u.MediaPlayerUtils:105 createImageView
[2023-11-08T19:51:06,904] [DEBUG] c.e.t.Gift:94 Linkten Resim
[2023-11-08T19:51:06,904] [DEBUG] c.e.t.Gift:116 PNG resim yükleniyor : https://storage.streamdps.com/iblock/006/006d256121db1824975ae0f9f8a0fd1d/775b702c6935f6b7fc82fca6221d65b0.png
[2023-11-08T19:51:06,956] [DEBUG] c.e.t.u.MediaPlayerUtils:105 createImageView
[2023-11-08T19:51:06,956] [DEBUG] c.e.t.Gift:94 Linkten Resim
[2023-11-08T19:51:06,956] [DEBUG] c.e.t.Gift:116 PNG resim yükleniyor : https://storage.streamdps.com/iblock/ef7/ef776169ede6c4a635cef2b3ab35d29a/7683229a73330c04463d2b97984ea114.png
[2023-11-08T19:51:06,983] [DEBUG] c.e.t.u.MediaPlayerUtils:105 createImageView
[2023-11-08T19:51:06,983] [DEBUG] c.e.t.EightTeamsController:262 editVideos
[2023-11-08T19:51:06,983] [DEBUG] c.e.t.u.MediaPlayerUtils:59 getVideo
[2023-11-08T19:51:06,991] [DEBUG] c.e.t.u.MediaPlayerUtils:59 getVideo
[2023-11-08T19:51:06,998] [DEBUG] c.e.t.u.MediaPlayerUtils:59 getVideo
[2023-11-08T19:51:07,004] [DEBUG] c.e.t.u.MediaPlayerUtils:59 getVideo
[2023-11-08T19:51:07,009] [DEBUG] c.e.t.u.MediaPlayerUtils:59 getVideo
[2023-11-08T19:51:07,014] [DEBUG] c.e.t.u.MediaPlayerUtils:59 getVideo
[2023-11-08T19:51:07,019] [DEBUG] c.e.t.u.MediaPlayerUtils:59 getVideo
[2023-11-08T19:51:07,023] [DEBUG] c.e.t.u.MediaPlayerUtils:59 getVideo
[2023-11-08T19:51:07,028] [DEBUG] c.e.t.EightTeamsController:209 createMusicPlayerss
[2023-11-08T19:51:07,029] [DEBUG] c.e.t.u.MediaPlayerUtils:31 create volume files
[2023-11-08T19:51:07,035] [DEBUG] c.e.t.u.MediaPlayerUtils:31 create volume files
[2023-11-08T19:51:07,039] [DEBUG] c.e.t.u.MediaPlayerUtils:31 create volume files
[2023-11-08T19:51:07,041] [DEBUG] c.e.t.u.MediaPlayerUtils:31 create volume files
[2023-11-08T19:51:07,048] [DEBUG] c.e.t.u.MediaPlayerUtils:31 create volume files
[2023-11-08T19:51:07,081] [DEBUG] c.e.t.u.MediaPlayerUtils:31 create volume files
[2023-11-08T19:51:07,090] [DEBUG] c.e.t.u.MediaPlayerUtils:31 create volume files
[2023-11-08T19:51:07,098] [DEBUG] c.e.t.u.MediaPlayerUtils:31 create volume files
[2023-11-08T19:51:07,110] [DEBUG] c.e.t.EightTeamsController:221 editMusicPlayers
[2023-11-08T19:51:07,111] [DEBUG] c.e.t.EightTeamsController:233 editMusicPlayers
[2023-11-08T19:51:07,113] [DEBUG] c.e.t.EightTeamsController:233 editMusicPlayers
[2023-11-08T19:51:07,113] [DEBUG] c.e.t.EightTeamsController:233 editMusicPlayers
[2023-11-08T19:51:07,113] [DEBUG] c.e.t.EightTeamsController:233 editMusicPlayers
[2023-11-08T19:51:07,113] [DEBUG] c.e.t.EightTeamsController:233 editMusicPlayers
[2023-11-08T19:51:07,113] [DEBUG] c.e.t.EightTeamsController:233 editMusicPlayers
[2023-11-08T19:51:07,113] [DEBUG] c.e.t.EightTeamsController:233 editMusicPlayers
[2023-11-08T19:51:07,113] [DEBUG] c.e.t.EightTeamsController:233 editMusicPlayers
[2023-11-08T19:51:07,113] [DEBUG] c.e.t.EightTeamsController:251 startNeutralMusic
[2023-11-08T19:51:07,118] [DEBUG] c.e.t.EightTeamsController:197 createTimelineTeams
[2023-11-08T19:51:07,118] [DEBUG] c.e.t.u.MediaPlayerUtils:31 create volume files
[2023-11-08T19:51:07,125] [DEBUG] c.e.t.u.MediaPlayerUtils:31 create volume files
[2023-11-08T19:51:07,129] [DEBUG] c.e.t.u.MediaPlayerUtils:31 create volume files
[2023-11-08T19:51:07,134] [DEBUG] c.e.t.u.MediaPlayerUtils:31 create volume files
[2023-11-08T19:51:07,152] [DEBUG] c.e.t.u.MediaPlayerUtils:31 create volume files
[2023-11-08T19:51:07,168] [DEBUG] c.e.t.u.MediaPlayerUtils:31 create volume files
[2023-11-08T19:51:07,207] [DEBUG] c.e.t.u.MediaPlayerUtils:31 create volume files
[2023-11-08T19:51:07,239] [DEBUG] c.e.t.u.MediaPlayerUtils:31 create volume files
[2023-11-08T19:51:24,327] [DEBUG] c.e.t.EightTeamsController:456 Gift : Dallah Gift Toplam Miktari : 10
[2023-11-08T19:51:24,331] [DEBUG] c.e.t.EightTeamsController:864 Farklı Gift
[2023-11-08T19:51:28,416] [DEBUG] c.e.t.EightTeamsController:456 Gift : Confetti Gift Toplam Miktari : 100
[2023-11-08T19:51:28,417] [DEBUG] c.e.t.EightTeamsController:864 Farklı Gift
[2023-11-08T19:51:39,491] [DEBUG] c.e.t.EightTeamsController:456 Gift : Chestnuts Gift Toplam Miktari : 1
[2023-11-08T19:51:39,491] [DEBUG] c.e.t.EightTeamsController:864 Farklı Gift
[2023-11-08T19:51:40,400] [DEBUG] c.e.t.EightTeamsController:456 Gift : Rose Gift Toplam Miktari : 1
[2023-11-08T19:51:40,400] [DEBUG] c.e.t.EightTeamsController:483 Takım Değişti Team1
[2023-11-08T19:52:37,540] [DEBUG] c.e.t.EightTeamsController:456 Gift : Heart Me Gift Toplam Miktari : 1
[2023-11-08T19:52:37,540] [DEBUG] c.e.t.EightTeamsController:864 Farklı Gift
[2023-11-08T19:53:11,121] [DEBUG] c.e.t.EightTeamsController:456 Gift : Sunglasses Gift Toplam Miktari : 199
[2023-11-08T19:53:11,121] [DEBUG] c.e.t.EightTeamsController:724 Takım Değişti Team6
[2023-11-08T19:53:55,358] [DEBUG] c.e.t.EightTeamsController:456 Gift : Fruit Friends Gift Toplam Miktari : 299
[2023-11-08T19:53:55,358] [DEBUG] c.e.t.EightTeamsController:864 Farklı Gift
[2023-11-08T19:55:11,176] [DEBUG] c.e.t.EightTeamsController:404 Takım Belgeseli başlıyor
[2023-11-08T19:56:05,415] [DEBUG] c.e.t.EightTeamsController:456 Gift : TikTok Gift Toplam Miktari : 5
[2023-11-08T19:56:25,975] [DEBUG] c.e.t.EightTeamsController:241 Oynatılacak indexler : 1
[2023-11-08T19:57:11,175] [DEBUG] c.e.t.EightTeamsController:404 Takım Belgeseli başlıyor
[2023-11-08T19:57:15,363] [DEBUG] c.e.t.EightTeamsController:456 Gift : TikTok Gift Toplam Miktari : 50
[2023-11-08T19:57:39,505] [DEBUG] c.e.t.RaceSettingsController:473 Yarışma Kapatma İsteği geldi
[2023-11-08T19:57:39,505] [DEBUG] c.e.t.EightTeamsController:890 Kapatma isteği
[2023-11-08T19:57:39,505] [DEBUG] c.e.t.GiftServer:70 addCloseMessageBlockingQueue
[2023-11-08T19:57:39,506] [DEBUG] c.e.t.EightTeamsController:438 ArrayListe close mesajı geldi
[2023-11-08T19:57:39,506] [DEBUG] c.e.t.EightTeamsController:872 While Döngüsünden çıkış yapıldı
[2023-11-08T19:57:39,619] [DEBUG] c.e.t.u.RunWSController:35 TiktokWS Kapatılıyor : 12168
[2023-11-08T19:57:39,798] [DEBUG] c.e.t.u.RunWSController:41 İşlem başarıyla sonlandırıldı.
[2023-11-08T19:57:39,809] [DEBUG] c.e.t.GiftServer:33 org.java_websocket.WebSocketImpl@464b126 has left the room!
[2023-11-08T23:04:16,837] [DEBUG] c.e.t.Launcher:9 Uygulama açılıyor
[2023-11-08T23:04:16,843] [DEBUG] c.e.t.TikTokRace:22 Gift Server Başlatılıyor Port 8787
[2023-11-08T23:04:17,255] [DEBUG] c.e.t.TikTokRace:34 Options Ekranı yükleniyor
[2023-11-08T23:04:17,629] [DEBUG] c.e.t.RaceSettingsController:234 RaceSetting initialize
[2023-11-08T23:04:17,630] [DEBUG] c.e.t.RaceSettingsController:242 EditGiftComboBox
[2023-11-08T23:04:17,631] [DEBUG] c.e.t.Gift:62 Gift Listesi Parse Ediliyor
[2023-11-08T23:04:42,492] [DEBUG] c.e.t.RaceSettingsController:641 fileselectorBackgroundımageAction
[2023-11-08T23:04:44,303] [DEBUG] c.e.t.RaceSettingsController:888 fileselectorBackgroundımageAction
[2023-11-08T23:12:16,585] [DEBUG] c.e.t.TikTokRace:46 Uygulamaya kapatma isteği geldi : WINDOW_CLOSE_REQUEST
